# JRE version: OpenJDK Runtime Environment Temurin-17.0.11+9 (17.0.11+9) (build 17.0.11+9)
# Java VM: OpenJDK 64-Bit Server VM Temurin-17.0.11+9 (17.0.11+9, mixed mode, emulated-client, tiered, compressed oops, compressed class ptrs, g1 gc, windows-amd64)
GC Precious Log:
 CPUs: 4 total, 4 available
 Memory: 3879M
 Large Page Support: Disabled
 NUMA Support: Disabled
 Compressed Oops: Enabled (32-bit)
 Heap Region Size: 1M
 Heap Min Capacity: 8M
 Heap Initial Capacity: 62M
 Heap Max Capacity: 1G
 Pre-touch: Disabled
 Parallel Workers: 4
 Concurrent Workers: 1
 Concurrent Refinement Workers: 4
 Periodic GC: Disabled
Heap:
 garbage-first heap   total 80896K, used 36351K [0x00000000c0000000, 0x0000000100000000)
  region size 1024K, 1 young (1024K), 0 survivors (0K)
 Metaspace       used 61315K, committed 61760K, reserved 1114112K
  class space    used 7456K, committed 7616K, reserved 1048576K
GC Heap History (20 events):
Event: 1486.569 GC heap before
{Heap before GC invocations=128 (full 97):
 garbage-first heap   total 80896K, used 36351K [0x00000000c0000000, 0x0000000100000000)
  region size 1024K, 1 young (1024K), 0 survivors (0K)
 Metaspace       used 61315K, committed 61760K, reserved 1114112K
  class space    used 7456K, committed 7616K, reserved 1048576K
}
Event: 1486.800 GC heap after
{Heap after GC invocations=129 (full 98):
 garbage-first heap   total 80896K, used 36351K [0x00000000c0000000, 0x0000000100000000)
  region size 1024K, 0 young (0K), 0 survivors (0K)
 Metaspace       used 61315K, committed 61760K, reserved 1114112K
  class space    used 7456K, committed 7616K, reserved 1048576K
}
Event: 1497.988 GC heap before
{Heap before GC invocations=129 (full 98):
 garbage-first heap   total 80896K, used 36351K [0x00000000c0000000, 0x0000000100000000)
  region size 1024K, 1 young (1024K), 0 survivors (0K)
 Metaspace       used 61315K, committed 61760K, reserved 1114112K
  class space    used 7456K, committed 7616K, reserved 1048576K
}
Event: 1498.346 GC heap after
{Heap after GC invocations=130 (full 99):
 garbage-first heap   total 80896K, used 36351K [0x00000000c0000000, 0x0000000100000000)
  region size 1024K, 0 young (0K), 0 survivors (0K)
 Metaspace       used 61315K, committed 61760K, reserved 1114112K
  class space    used 7456K, committed 7616K, reserved 1048576K
}
Event: 1509.372 GC heap before
{Heap before GC invocations=130 (full 99):
 garbage-first heap   total 80896K, used 36351K [0x00000000c0000000, 0x0000000100000000)
  region size 1024K, 1 young (1024K), 0 survivors (0K)
 Metaspace       used 61315K, committed 61760K, reserved 1114112K
  class space    used 7456K, committed 7616K, reserved 1048576K
}
Event: 1509.597 GC heap after
{Heap after GC invocations=131 (full 100):
 garbage-first heap   total 80896K, used 36351K [0x00000000c0000000, 0x0000000100000000)
  region size 1024K, 0 young (0K), 0 survivors (0K)
 Metaspace       used 61315K, committed 61760K, reserved 1114112K
  class space    used 7456K, committed 7616K, reserved 1048576K
}
Event: 1520.535 GC heap before
{Heap before GC invocations=131 (full 100):
 garbage-first heap   total 80896K, used 36351K [0x00000000c0000000, 0x0000000100000000)
  region size 1024K, 1 young (1024K), 0 survivors (0K)
 Metaspace       used 61315K, committed 61760K, reserved 1114112K
  class space    used 7456K, committed 7616K, reserved 1048576K
}
Event: 1520.879 GC heap after
{Heap after GC invocations=132 (full 101):
 garbage-first heap   total 80896K, used 36351K [0x00000000c0000000, 0x0000000100000000)
  region size 1024K, 0 young (0K), 0 survivors (0K)
 Metaspace       used 61315K, committed 61760K, reserved 1114112K
  class space    used 7456K, committed 7616K, reserved 1048576K
}
Event: 1532.062 GC heap before
{Heap before GC invocations=132 (full 101):
 garbage-first heap   total 80896K, used 36351K [0x00000000c0000000, 0x0000000100000000)
  region size 1024K, 1 young (1024K), 0 survivors (0K)
 Metaspace       used 61315K, committed 61760K, reserved 1114112K
  class space    used 7456K, committed 7616K, reserved 1048576K
}
Event: 1532.455 GC heap after
{Heap after GC invocations=133 (full 102):
 garbage-first heap   total 80896K, used 36351K [0x00000000c0000000, 0x0000000100000000)
  region size 1024K, 0 young (0K), 0 survivors (0K)
 Metaspace       used 61315K, committed 61760K, reserved 1114112K
  class space    used 7456K, committed 7616K, reserved 1048576K
}
Event: 1547.219 GC heap before
{Heap before GC invocations=133 (full 102):
 garbage-first heap   total 80896K, used 36351K [0x00000000c0000000, 0x0000000100000000)
  region size 1024K, 1 young (1024K), 0 survivors (0K)
 Metaspace       used 61315K, committed 61760K, reserved 1114112K
  class space    used 7456K, committed 7616K, reserved 1048576K
}
Event: 1547.718 GC heap after
{Heap after GC invocations=134 (full 103):
 garbage-first heap   total 80896K, used 36351K [0x00000000c0000000, 0x0000000100000000)
  region size 1024K, 0 young (0K), 0 survivors (0K)
 Metaspace       used 61315K, committed 61760K, reserved 1114112K
  class space    used 7456K, committed 7616K, reserved 1048576K
}
Event: 1558.681 GC heap before
{Heap before GC invocations=134 (full 103):
 garbage-first heap   total 80896K, used 36351K [0x00000000c0000000, 0x0000000100000000)
  region size 1024K, 1 young (1024K), 0 survivors (0K)
 Metaspace       used 61315K, committed 61760K, reserved 1114112K
  class space    used 7456K, committed 7616K, reserved 1048576K
}
Event: 1559.086 GC heap after
{Heap after GC invocations=135 (full 104):
 garbage-first heap   total 80896K, used 36351K [0x00000000c0000000, 0x0000000100000000)
  region size 1024K, 0 young (0K), 0 survivors (0K)
 Metaspace       used 61315K, committed 61760K, reserved 1114112K
  class space    used 7456K, committed 7616K, reserved 1048576K
}
Event: 1571.367 GC heap before
{Heap before GC invocations=135 (full 104):
 garbage-first heap   total 80896K, used 36351K [0x00000000c0000000, 0x0000000100000000)
  region size 1024K, 1 young (1024K), 0 survivors (0K)
 Metaspace       used 61315K, committed 61760K, reserved 1114112K
  class space    used 7456K, committed 7616K, reserved 1048576K
}
Event: 1571.766 GC heap after
{Heap after GC invocations=136 (full 105):
 garbage-first heap   total 80896K, used 36351K [0x00000000c0000000, 0x0000000100000000)
  region size 1024K, 0 young (0K), 0 survivors (0K)
 Metaspace       used 61315K, committed 61760K, reserved 1114112K
  class space    used 7456K, committed 7616K, reserved 1048576K
}
Event: 1583.177 GC heap before
{Heap before GC invocations=136 (full 105):
 garbage-first heap   total 80896K, used 36351K [0x00000000c0000000, 0x0000000100000000)
  region size 1024K, 1 young (1024K), 0 survivors (0K)
 Metaspace       used 61315K, committed 61760K, reserved 1114112K
  class space    used 7456K, committed 7616K, reserved 1048576K
}
Event: 1583.590 GC heap after
{Heap after GC invocations=137 (full 106):
 garbage-first heap   total 80896K, used 36351K [0x00000000c0000000, 0x0000000100000000)
  region size 1024K, 0 young (0K), 0 survivors (0K)
 Metaspace       used 61315K, committed 61760K, reserved 1114112K
  class space    used 7456K, committed 7616K, reserved 1048576K
}
Event: 1594.592 GC heap before
{Heap before GC invocations=137 (full 106):
 garbage-first heap   total 80896K, used 36351K [0x00000000c0000000, 0x0000000100000000)
  region size 1024K, 1 young (1024K), 0 survivors (0K)
 Metaspace       used 61315K, committed 61760K, reserved 1114112K
  class space    used 7456K, committed 7616K, reserved 1048576K
}
Event: 1595.106 GC heap after
{Heap after GC invocations=138 (full 107):
 garbage-first heap   total 80896K, used 36351K [0x00000000c0000000, 0x0000000100000000)
  region size 1024K, 0 young (0K), 0 survivors (0K)
 Metaspace       used 61315K, committed 61760K, reserved 1114112K
  class space    used 7456K, committed 7616K, reserved 1048576K
}

