# JRE version: OpenJDK Runtime Environment Temurin-17.0.11+9 (17.0.11+9) (build 17.0.11+9)
# Java VM: OpenJDK 64-Bit Server VM Temurin-17.0.11+9 (17.0.11+9, mixed mode, tiered, compressed oops, compressed class ptrs, parallel gc, windows-amd64)
GC Precious Log:
 CPUs: 4 total, 4 available
 Memory: 3879M
 Large Page Support: Disabled
 NUMA Support: Disabled
 Compressed Oops: Enabled (32-bit)
 Alignments: Space 512K, Generation 512K, Heap 2M
 Heap Min Capacity: 100M
 Heap Initial Capacity: 100M
 Heap Max Capacity: 1G
 Pre-touch: Disabled
 Parallel Workers: 4
Heap:
 PSYoungGen      total 16896K, used 12428K [0x00000000eab00000, 0x00000000ed180000, 0x0000000100000000)
  eden space 14848K, 70% used [0x00000000eab00000,0x00000000eb527368,0x00000000eb980000)
  from space 2048K, 99% used [0x00000000eb980000,0x00000000ebb7c060,0x00000000ebb80000)
  to   space 12288K, 0% used [0x00000000ec580000,0x00000000ec580000,0x00000000ed180000)
 ParOldGen       total 75264K, used 61466K [0x00000000c0000000, 0x00000000c4980000, 0x00000000eab00000)
  object space 75264K, 81% used [0x00000000c0000000,0x00000000c3c06858,0x00000000c4980000)
 Metaspace       used 78468K, committed 79872K, reserved 1179648K
  class space    used 8333K, committed 8960K, reserved 1048576K
GC Heap History (20 events):
Event: 27.229 GC heap before
{Heap before GC invocations=97 (full 4):
 PSYoungGen      total 18944K, used 18701K [0x00000000eab00000, 0x00000000ec000000, 0x0000000100000000)
  eden space 16384K, 100% used [0x00000000eab00000,0x00000000ebb00000,0x00000000ebb00000)
  from space 2560K, 90% used [0x00000000ebb00000,0x00000000ebd437f0,0x00000000ebd80000)
  to   space 2560K, 0% used [0x00000000ebd80000,0x00000000ebd80000,0x00000000ec000000)
 ParOldGen       total 75264K, used 48328K [0x00000000c0000000, 0x00000000c4980000, 0x00000000eab00000)
  object space 75264K, 64% used [0x00000000c0000000,0x00000000c2f320c8,0x00000000c4980000)
 Metaspace       used 70733K, committed 71936K, reserved 1114112K
  class space    used 7383K, committed 7936K, reserved 1048576K
}
Event: 27.234 GC heap after
{Heap after GC invocations=97 (full 4):
 PSYoungGen      total 17920K, used 2560K [0x00000000eab00000, 0x00000000ec200000, 0x0000000100000000)
  eden space 15360K, 0% used [0x00000000eab00000,0x00000000eab00000,0x00000000eba00000)
  from space 2560K, 100% used [0x00000000ebd80000,0x00000000ec000000,0x00000000ec000000)
  to   space 3584K, 0% used [0x00000000eba00000,0x00000000eba00000,0x00000000ebd80000)
 ParOldGen       total 75264K, used 48836K [0x00000000c0000000, 0x00000000c4980000, 0x00000000eab00000)
  object space 75264K, 64% used [0x00000000c0000000,0x00000000c2fb10d8,0x00000000c4980000)
 Metaspace       used 70733K, committed 71936K, reserved 1114112K
  class space    used 7383K, committed 7936K, reserved 1048576K
}
Event: 28.813 GC heap before
{Heap before GC invocations=98 (full 4):
 PSYoungGen      total 17920K, used 17920K [0x00000000eab00000, 0x00000000ec200000, 0x0000000100000000)
  eden space 15360K, 100% used [0x00000000eab00000,0x00000000eba00000,0x00000000eba00000)
  from space 2560K, 100% used [0x00000000ebd80000,0x00000000ec000000,0x00000000ec000000)
  to   space 3584K, 0% used [0x00000000eba00000,0x00000000eba00000,0x00000000ebd80000)
 ParOldGen       total 75264K, used 48836K [0x00000000c0000000, 0x00000000c4980000, 0x00000000eab00000)
  object space 75264K, 64% used [0x00000000c0000000,0x00000000c2fb10d8,0x00000000c4980000)
 Metaspace       used 71044K, committed 72320K, reserved 1114112K
  class space    used 7418K, committed 8000K, reserved 1048576K
}
Event: 28.832 GC heap after
{Heap after GC invocations=98 (full 4):
 PSYoungGen      total 16384K, used 788K [0x00000000eab00000, 0x00000000ebe00000, 0x0000000100000000)
  eden space 15360K, 0% used [0x00000000eab00000,0x00000000eab00000,0x00000000eba00000)
  from space 1024K, 77% used [0x00000000eba00000,0x00000000ebac5220,0x00000000ebb00000)
  to   space 2048K, 0% used [0x00000000ebc00000,0x00000000ebc00000,0x00000000ebe00000)
 ParOldGen       total 75264K, used 51428K [0x00000000c0000000, 0x00000000c4980000, 0x00000000eab00000)
  object space 75264K, 68% used [0x00000000c0000000,0x00000000c32390d8,0x00000000c4980000)
 Metaspace       used 71044K, committed 72320K, reserved 1114112K
  class space    used 7418K, committed 8000K, reserved 1048576K
}
Event: 31.095 GC heap before
{Heap before GC invocations=99 (full 4):
 PSYoungGen      total 16384K, used 16144K [0x00000000eab00000, 0x00000000ebe00000, 0x0000000100000000)
  eden space 15360K, 99% used [0x00000000eab00000,0x00000000eb9fee68,0x00000000eba00000)
  from space 1024K, 77% used [0x00000000eba00000,0x00000000ebac5220,0x00000000ebb00000)
  to   space 2048K, 0% used [0x00000000ebc00000,0x00000000ebc00000,0x00000000ebe00000)
 ParOldGen       total 75264K, used 51428K [0x00000000c0000000, 0x00000000c4980000, 0x00000000eab00000)
  object space 75264K, 68% used [0x00000000c0000000,0x00000000c32390d8,0x00000000c4980000)
 Metaspace       used 72410K, committed 73792K, reserved 1179648K
  class space    used 7531K, committed 8128K, reserved 1048576K
}
Event: 31.111 GC heap after
{Heap after GC invocations=99 (full 4):
 PSYoungGen      total 17408K, used 1541K [0x00000000eab00000, 0x00000000ebe00000, 0x0000000100000000)
  eden space 15360K, 0% used [0x00000000eab00000,0x00000000eab00000,0x00000000eba00000)
  from space 2048K, 75% used [0x00000000ebc00000,0x00000000ebd81420,0x00000000ebe00000)
  to   space 2048K, 0% used [0x00000000eba00000,0x00000000eba00000,0x00000000ebc00000)
 ParOldGen       total 75264K, used 51436K [0x00000000c0000000, 0x00000000c4980000, 0x00000000eab00000)
  object space 75264K, 68% used [0x00000000c0000000,0x00000000c323b0d8,0x00000000c4980000)
 Metaspace       used 72410K, committed 73792K, reserved 1179648K
  class space    used 7531K, committed 8128K, reserved 1048576K
}
Event: 34.888 GC heap before
{Heap before GC invocations=100 (full 4):
 PSYoungGen      total 17408K, used 16901K [0x00000000eab00000, 0x00000000ebe00000, 0x0000000100000000)
  eden space 15360K, 100% used [0x00000000eab00000,0x00000000eba00000,0x00000000eba00000)
  from space 2048K, 75% used [0x00000000ebc00000,0x00000000ebd81420,0x00000000ebe00000)
  to   space 2048K, 0% used [0x00000000eba00000,0x00000000eba00000,0x00000000ebc00000)
 ParOldGen       total 75264K, used 51436K [0x00000000c0000000, 0x00000000c4980000, 0x00000000eab00000)
  object space 75264K, 68% used [0x00000000c0000000,0x00000000c323b0d8,0x00000000c4980000)
 Metaspace       used 73482K, committed 74880K, reserved 1179648K
  class space    used 7639K, committed 8256K, reserved 1048576K
}
Event: 34.920 GC heap after
{Heap after GC invocations=100 (full 4):
 PSYoungGen      total 17408K, used 2026K [0x00000000eab00000, 0x00000000ebf00000, 0x0000000100000000)
  eden space 15360K, 0% used [0x00000000eab00000,0x00000000eab00000,0x00000000eba00000)
  from space 2048K, 98% used [0x00000000eba00000,0x00000000ebbfa8f8,0x00000000ebc00000)
  to   space 2560K, 0% used [0x00000000ebc80000,0x00000000ebc80000,0x00000000ebf00000)
 ParOldGen       total 75264K, used 51500K [0x00000000c0000000, 0x00000000c4980000, 0x00000000eab00000)
  object space 75264K, 68% used [0x00000000c0000000,0x00000000c324b0d8,0x00000000c4980000)
 Metaspace       used 73482K, committed 74880K, reserved 1179648K
  class space    used 7639K, committed 8256K, reserved 1048576K
}
Event: 35.656 GC heap before
{Heap before GC invocations=101 (full 4):
 PSYoungGen      total 17408K, used 17386K [0x00000000eab00000, 0x00000000ebf00000, 0x0000000100000000)
  eden space 15360K, 100% used [0x00000000eab00000,0x00000000eba00000,0x00000000eba00000)
  from space 2048K, 98% used [0x00000000eba00000,0x00000000ebbfa8f8,0x00000000ebc00000)
  to   space 2560K, 0% used [0x00000000ebc80000,0x00000000ebc80000,0x00000000ebf00000)
 ParOldGen       total 75264K, used 51500K [0x00000000c0000000, 0x00000000c4980000, 0x00000000eab00000)
  object space 75264K, 68% used [0x00000000c0000000,0x00000000c324b0d8,0x00000000c4980000)
 Metaspace       used 73983K, committed 75392K, reserved 1179648K
  class space    used 7696K, committed 8320K, reserved 1048576K
}
Event: 35.664 GC heap after
{Heap after GC invocations=101 (full 4):
 PSYoungGen      total 17408K, used 1647K [0x00000000eab00000, 0x00000000ebe80000, 0x0000000100000000)
  eden space 15360K, 0% used [0x00000000eab00000,0x00000000eab00000,0x00000000eba00000)
  from space 2048K, 80% used [0x00000000ebc80000,0x00000000ebe1bfd8,0x00000000ebe80000)
  to   space 2048K, 0% used [0x00000000eba00000,0x00000000eba00000,0x00000000ebc00000)
 ParOldGen       total 75264K, used 52919K [0x00000000c0000000, 0x00000000c4980000, 0x00000000eab00000)
  object space 75264K, 70% used [0x00000000c0000000,0x00000000c33ade18,0x00000000c4980000)
 Metaspace       used 73983K, committed 75392K, reserved 1179648K
  class space    used 7696K, committed 8320K, reserved 1048576K
}
Event: 43.040 GC heap before
{Heap before GC invocations=102 (full 4):
 PSYoungGen      total 17408K, used 17007K [0x00000000eab00000, 0x00000000ebe80000, 0x0000000100000000)
  eden space 15360K, 100% used [0x00000000eab00000,0x00000000eba00000,0x00000000eba00000)
  from space 2048K, 80% used [0x00000000ebc80000,0x00000000ebe1bfd8,0x00000000ebe80000)
  to   space 2048K, 0% used [0x00000000eba00000,0x00000000eba00000,0x00000000ebc00000)
 ParOldGen       total 75264K, used 52919K [0x00000000c0000000, 0x00000000c4980000, 0x00000000eab00000)
  object space 75264K, 70% used [0x00000000c0000000,0x00000000c33ade18,0x00000000c4980000)
 Metaspace       used 74386K, committed 75776K, reserved 1179648K
  class space    used 7758K, committed 8384K, reserved 1048576K
}
Event: 43.084 GC heap after
{Heap after GC invocations=102 (full 4):
 PSYoungGen      total 16384K, used 972K [0x00000000eab00000, 0x00000000ebd00000, 0x0000000100000000)
  eden space 15360K, 0% used [0x00000000eab00000,0x00000000eab00000,0x00000000eba00000)
  from space 1024K, 94% used [0x00000000eba00000,0x00000000ebaf3250,0x00000000ebb00000)
  to   space 1536K, 0% used [0x00000000ebb80000,0x00000000ebb80000,0x00000000ebd00000)
 ParOldGen       total 75264K, used 52919K [0x00000000c0000000, 0x00000000c4980000, 0x00000000eab00000)
  object space 75264K, 70% used [0x00000000c0000000,0x00000000c33ade18,0x00000000c4980000)
 Metaspace       used 74386K, committed 75776K, reserved 1179648K
  class space    used 7758K, committed 8384K, reserved 1048576K
}
Event: 45.456 GC heap before
{Heap before GC invocations=103 (full 4):
 PSYoungGen      total 16384K, used 16332K [0x00000000eab00000, 0x00000000ebd00000, 0x0000000100000000)
  eden space 15360K, 100% used [0x00000000eab00000,0x00000000eba00000,0x00000000eba00000)
  from space 1024K, 94% used [0x00000000eba00000,0x00000000ebaf3250,0x00000000ebb00000)
  to   space 1536K, 0% used [0x00000000ebb80000,0x00000000ebb80000,0x00000000ebd00000)
 ParOldGen       total 75264K, used 52919K [0x00000000c0000000, 0x00000000c4980000, 0x00000000eab00000)
  object space 75264K, 70% used [0x00000000c0000000,0x00000000c33ade18,0x00000000c4980000)
 Metaspace       used 74994K, committed 76416K, reserved 1179648K
  class space    used 7826K, committed 8448K, reserved 1048576K
}
Event: 45.477 GC heap after
{Heap after GC invocations=103 (full 4):
 PSYoungGen      total 16896K, used 1064K [0x00000000eab00000, 0x00000000ebd00000, 0x0000000100000000)
  eden space 15360K, 0% used [0x00000000eab00000,0x00000000eab00000,0x00000000eba00000)
  from space 1536K, 69% used [0x00000000ebb80000,0x00000000ebc8a1e8,0x00000000ebd00000)
  to   space 1536K, 0% used [0x00000000eba00000,0x00000000eba00000,0x00000000ebb80000)
 ParOldGen       total 75264K, used 52919K [0x00000000c0000000, 0x00000000c4980000, 0x00000000eab00000)
  object space 75264K, 70% used [0x00000000c0000000,0x00000000c33ade18,0x00000000c4980000)
 Metaspace       used 74994K, committed 76416K, reserved 1179648K
  class space    used 7826K, committed 8448K, reserved 1048576K
}
Event: 46.031 GC heap before
{Heap before GC invocations=104 (full 4):
 PSYoungGen      total 16896K, used 16424K [0x00000000eab00000, 0x00000000ebd00000, 0x0000000100000000)
  eden space 15360K, 100% used [0x00000000eab00000,0x00000000eba00000,0x00000000eba00000)
  from space 1536K, 69% used [0x00000000ebb80000,0x00000000ebc8a1e8,0x00000000ebd00000)
  to   space 1536K, 0% used [0x00000000eba00000,0x00000000eba00000,0x00000000ebb80000)
 ParOldGen       total 75264K, used 52919K [0x00000000c0000000, 0x00000000c4980000, 0x00000000eab00000)
  object space 75264K, 70% used [0x00000000c0000000,0x00000000c33ade18,0x00000000c4980000)
 Metaspace       used 76648K, committed 78080K, reserved 1179648K
  class space    used 8075K, committed 8704K, reserved 1048576K
}
Event: 46.033 GC heap after
{Heap after GC invocations=104 (full 4):
 PSYoungGen      total 16896K, used 1309K [0x00000000eab00000, 0x00000000ebd00000, 0x0000000100000000)
  eden space 15360K, 0% used [0x00000000eab00000,0x00000000eab00000,0x00000000eba00000)
  from space 1536K, 85% used [0x00000000eba00000,0x00000000ebb476d0,0x00000000ebb80000)
  to   space 1536K, 0% used [0x00000000ebb80000,0x00000000ebb80000,0x00000000ebd00000)
 ParOldGen       total 75264K, used 52927K [0x00000000c0000000, 0x00000000c4980000, 0x00000000eab00000)
  object space 75264K, 70% used [0x00000000c0000000,0x00000000c33afe18,0x00000000c4980000)
 Metaspace       used 76648K, committed 78080K, reserved 1179648K
  class space    used 8075K, committed 8704K, reserved 1048576K
}
Event: 93.670 GC heap before
{Heap before GC invocations=105 (full 4):
 PSYoungGen      total 16896K, used 16669K [0x00000000eab00000, 0x00000000ebd00000, 0x0000000100000000)
  eden space 15360K, 100% used [0x00000000eab00000,0x00000000eba00000,0x00000000eba00000)
  from space 1536K, 85% used [0x00000000eba00000,0x00000000ebb476d0,0x00000000ebb80000)
  to   space 1536K, 0% used [0x00000000ebb80000,0x00000000ebb80000,0x00000000ebd00000)
 ParOldGen       total 75264K, used 52927K [0x00000000c0000000, 0x00000000c4980000, 0x00000000eab00000)
  object space 75264K, 70% used [0x00000000c0000000,0x00000000c33afe18,0x00000000c4980000)
 Metaspace       used 78081K, committed 79424K, reserved 1179648K
  class space    used 8295K, committed 8896K, reserved 1048576K
}
Event: 93.708 GC heap after
{Heap after GC invocations=105 (full 4):
 PSYoungGen      total 16384K, used 1533K [0x00000000eab00000, 0x00000000ebe00000, 0x0000000100000000)
  eden space 14848K, 0% used [0x00000000eab00000,0x00000000eab00000,0x00000000eb980000)
  from space 1536K, 99% used [0x00000000ebb80000,0x00000000ebcff6d0,0x00000000ebd00000)
  to   space 2048K, 0% used [0x00000000eb980000,0x00000000eb980000,0x00000000ebb80000)
 ParOldGen       total 75264K, used 53044K [0x00000000c0000000, 0x00000000c4980000, 0x00000000eab00000)
  object space 75264K, 70% used [0x00000000c0000000,0x00000000c33cd018,0x00000000c4980000)
 Metaspace       used 78081K, committed 79424K, reserved 1179648K
  class space    used 8295K, committed 8896K, reserved 1048576K
}
Event: 94.198 GC heap before
{Heap before GC invocations=106 (full 4):
 PSYoungGen      total 16384K, used 16381K [0x00000000eab00000, 0x00000000ebe00000, 0x0000000100000000)
  eden space 14848K, 100% used [0x00000000eab00000,0x00000000eb980000,0x00000000eb980000)
  from space 1536K, 99% used [0x00000000ebb80000,0x00000000ebcff6d0,0x00000000ebd00000)
  to   space 2048K, 0% used [0x00000000eb980000,0x00000000eb980000,0x00000000ebb80000)
 ParOldGen       total 75264K, used 53044K [0x00000000c0000000, 0x00000000c4980000, 0x00000000eab00000)
  object space 75264K, 70% used [0x00000000c0000000,0x00000000c33cd018,0x00000000c4980000)
 Metaspace       used 78299K, committed 79680K, reserved 1179648K
  class space    used 8320K, committed 8960K, reserved 1048576K
}
Event: 94.252 GC heap after
{Heap after GC invocations=106 (full 4):
 PSYoungGen      total 16896K, used 2032K [0x00000000eab00000, 0x00000000ed180000, 0x0000000100000000)
  eden space 14848K, 0% used [0x00000000eab00000,0x00000000eab00000,0x00000000eb980000)
  from space 2048K, 99% used [0x00000000eb980000,0x00000000ebb7c060,0x00000000ebb80000)
  to   space 12288K, 0% used [0x00000000ec580000,0x00000000ec580000,0x00000000ed180000)
 ParOldGen       total 75264K, used 61466K [0x00000000c0000000, 0x00000000c4980000, 0x00000000eab00000)
  object space 75264K, 81% used [0x00000000c0000000,0x00000000c3c06858,0x00000000c4980000)
 Metaspace       used 78299K, committed 79680K, reserved 1179648K
  class space    used 8320K, committed 8960K, reserved 1048576K
}

