# JRE version: OpenJDK Runtime Environment Temurin-17.0.11+9 (17.0.11+9) (build 17.0.11+9)
# Java VM: OpenJDK 64-Bit Server VM Temurin-17.0.11+9 (17.0.11+9, mixed mode, emulated-client, tiered, compressed oops, compressed class ptrs, g1 gc, windows-amd64)
GC Precious Log:
 CPUs: 4 total, 4 available
 Memory: 3879M
 Large Page Support: Disabled
 NUMA Support: Disabled
 Compressed Oops: Enabled (32-bit)
 Heap Region Size: 1M
 Heap Min Capacity: 8M
 Heap Initial Capacity: 62M
 Heap Max Capacity: 1G
 Pre-touch: Disabled
 Parallel Workers: 4
 Concurrent Workers: 1
 Concurrent Refinement Workers: 4
 Periodic GC: Disabled
Heap:
 garbage-first heap   total 63488K, used 35149K [0x00000000c0000000, 0x0000000100000000)
  region size 1024K, 21 young (21504K), 2 survivors (2048K)
 Metaspace       used 18626K, committed 18880K, reserved 1114112K
  class space    used 2326K, committed 2432K, reserved 1048576K
GC Heap History (8 events):
Event: 2.899 GC heap before
{Heap before GC invocations=0 (full 0):
 garbage-first heap   total 63488K, used 16384K [0x00000000c0000000, 0x0000000100000000)
  region size 1024K, 13 young (13312K), 0 survivors (0K)
 Metaspace       used 5782K, committed 5888K, reserved 1114112K
  class space    used 556K, committed 640K, reserved 1048576K
}
Event: 3.209 GC heap after
{Heap after GC invocations=1 (full 0):
 garbage-first heap   total 63488K, used 11624K [0x00000000c0000000, 0x0000000100000000)
  region size 1024K, 2 young (2048K), 2 survivors (2048K)
 Metaspace       used 5782K, committed 5888K, reserved 1114112K
  class space    used 556K, committed 640K, reserved 1048576K
}
Event: 6.671 GC heap before
{Heap before GC invocations=1 (full 0):
 garbage-first heap   total 63488K, used 20840K [0x00000000c0000000, 0x0000000100000000)
  region size 1024K, 10 young (10240K), 2 survivors (2048K)
 Metaspace       used 7682K, committed 7872K, reserved 1114112K
  class space    used 819K, committed 896K, reserved 1048576K
}
Event: 6.697 GC heap after
{Heap after GC invocations=2 (full 0):
 garbage-first heap   total 63488K, used 15657K [0x00000000c0000000, 0x0000000100000000)
  region size 1024K, 2 young (2048K), 2 survivors (2048K)
 Metaspace       used 7682K, committed 7872K, reserved 1114112K
  class space    used 819K, committed 896K, reserved 1048576K
}
Event: 7.361 GC heap before
{Heap before GC invocations=2 (full 0):
 garbage-first heap   total 63488K, used 28969K [0x00000000c0000000, 0x0000000100000000)
  region size 1024K, 15 young (15360K), 2 survivors (2048K)
 Metaspace       used 11401K, committed 11648K, reserved 1114112K
  class space    used 1374K, committed 1472K, reserved 1048576K
}
Event: 7.364 GC heap after
{Heap after GC invocations=3 (full 0):
 garbage-first heap   total 63488K, used 16882K [0x00000000c0000000, 0x0000000100000000)
  region size 1024K, 2 young (2048K), 2 survivors (2048K)
 Metaspace       used 11401K, committed 11648K, reserved 1114112K
  class space    used 1374K, committed 1472K, reserved 1048576K
}
Event: 7.775 GC heap before
{Heap before GC invocations=3 (full 0):
 garbage-first heap   total 63488K, used 32242K [0x00000000c0000000, 0x0000000100000000)
  region size 1024K, 17 young (17408K), 2 survivors (2048K)
 Metaspace       used 14414K, committed 14592K, reserved 1114112K
  class space    used 1807K, committed 1920K, reserved 1048576K
}
Event: 7.778 GC heap after
{Heap after GC invocations=4 (full 0):
 garbage-first heap   total 63488K, used 17741K [0x00000000c0000000, 0x0000000100000000)
  region size 1024K, 2 young (2048K), 2 survivors (2048K)
 Metaspace       used 14414K, committed 14592K, reserved 1114112K
  class space    used 1807K, committed 1920K, reserved 1048576K
}

