# JRE version: OpenJDK Runtime Environment Temurin-17.0.11+9 (17.0.11+9) (build 17.0.11+9)
# Java VM: OpenJDK 64-Bit Server VM Temurin-17.0.11+9 (17.0.11+9, mixed mode, emulated-client, tiered, compressed oops, compressed class ptrs, g1 gc, windows-amd64)
GC Precious Log:
 CPUs: 4 total, 4 available
 Memory: 3879M
 Large Page Support: Disabled
 NUMA Support: Disabled
 Compressed Oops: Enabled (32-bit)
 Heap Region Size: 1M
 Heap Min Capacity: 8M
 Heap Initial Capacity: 62M
 Heap Max Capacity: 1G
 Pre-touch: Disabled
 Parallel Workers: 4
 Concurrent Workers: 1
 Concurrent Refinement Workers: 4
 Periodic GC: Disabled
Heap:
 garbage-first heap   total 63488K, used 28273K [0x00000000c0000000, 0x0000000100000000)
  region size 1024K, 1 young (1024K), 0 survivors (0K)
 Metaspace       used 49786K, committed 50496K, reserved 1114112K
  class space    used 6247K, committed 6528K, reserved 1048576K
GC Heap History (20 events):
Event: 123.974 GC heap before
{Heap before GC invocations=19 (full 2):
 garbage-first heap   total 63488K, used 28274K [0x00000000c0000000, 0x0000000100000000)
  region size 1024K, 1 young (1024K), 0 survivors (0K)
 Metaspace       used 49786K, committed 50496K, reserved 1114112K
  class space    used 6247K, committed 6528K, reserved 1048576K
}
Event: 124.122 GC heap after
{Heap after GC invocations=20 (full 3):
 garbage-first heap   total 63488K, used 28273K [0x00000000c0000000, 0x0000000100000000)
  region size 1024K, 0 young (0K), 0 survivors (0K)
 Metaspace       used 49786K, committed 50496K, reserved 1114112K
  class space    used 6247K, committed 6528K, reserved 1048576K
}
Event: 134.487 GC heap before
{Heap before GC invocations=20 (full 3):
 garbage-first heap   total 63488K, used 28273K [0x00000000c0000000, 0x0000000100000000)
  region size 1024K, 1 young (1024K), 0 survivors (0K)
 Metaspace       used 49786K, committed 50496K, reserved 1114112K
  class space    used 6247K, committed 6528K, reserved 1048576K
}
Event: 134.641 GC heap after
{Heap after GC invocations=21 (full 4):
 garbage-first heap   total 63488K, used 28273K [0x00000000c0000000, 0x0000000100000000)
  region size 1024K, 0 young (0K), 0 survivors (0K)
 Metaspace       used 49786K, committed 50496K, reserved 1114112K
  class space    used 6247K, committed 6528K, reserved 1048576K
}
Event: 145.062 GC heap before
{Heap before GC invocations=21 (full 4):
 garbage-first heap   total 63488K, used 28273K [0x00000000c0000000, 0x0000000100000000)
  region size 1024K, 1 young (1024K), 0 survivors (0K)
 Metaspace       used 49786K, committed 50496K, reserved 1114112K
  class space    used 6247K, committed 6528K, reserved 1048576K
}
Event: 145.182 GC heap after
{Heap after GC invocations=22 (full 5):
 garbage-first heap   total 63488K, used 28273K [0x00000000c0000000, 0x0000000100000000)
  region size 1024K, 0 young (0K), 0 survivors (0K)
 Metaspace       used 49786K, committed 50496K, reserved 1114112K
  class space    used 6247K, committed 6528K, reserved 1048576K
}
Event: 155.926 GC heap before
{Heap before GC invocations=22 (full 5):
 garbage-first heap   total 63488K, used 28273K [0x00000000c0000000, 0x0000000100000000)
  region size 1024K, 1 young (1024K), 0 survivors (0K)
 Metaspace       used 49786K, committed 50496K, reserved 1114112K
  class space    used 6247K, committed 6528K, reserved 1048576K
}
Event: 156.113 GC heap after
{Heap after GC invocations=23 (full 6):
 garbage-first heap   total 63488K, used 28273K [0x00000000c0000000, 0x0000000100000000)
  region size 1024K, 0 young (0K), 0 survivors (0K)
 Metaspace       used 49786K, committed 50496K, reserved 1114112K
  class space    used 6247K, committed 6528K, reserved 1048576K
}
Event: 168.040 GC heap before
{Heap before GC invocations=23 (full 6):
 garbage-first heap   total 63488K, used 28273K [0x00000000c0000000, 0x0000000100000000)
  region size 1024K, 1 young (1024K), 0 survivors (0K)
 Metaspace       used 49786K, committed 50496K, reserved 1114112K
  class space    used 6247K, committed 6528K, reserved 1048576K
}
Event: 168.259 GC heap after
{Heap after GC invocations=24 (full 7):
 garbage-first heap   total 63488K, used 28273K [0x00000000c0000000, 0x0000000100000000)
  region size 1024K, 0 young (0K), 0 survivors (0K)
 Metaspace       used 49786K, committed 50496K, reserved 1114112K
  class space    used 6247K, committed 6528K, reserved 1048576K
}
Event: 181.434 GC heap before
{Heap before GC invocations=24 (full 7):
 garbage-first heap   total 63488K, used 28273K [0x00000000c0000000, 0x0000000100000000)
  region size 1024K, 1 young (1024K), 0 survivors (0K)
 Metaspace       used 49786K, committed 50496K, reserved 1114112K
  class space    used 6247K, committed 6528K, reserved 1048576K
}
Event: 181.741 GC heap after
{Heap after GC invocations=25 (full 8):
 garbage-first heap   total 63488K, used 28273K [0x00000000c0000000, 0x0000000100000000)
  region size 1024K, 0 young (0K), 0 survivors (0K)
 Metaspace       used 49786K, committed 50496K, reserved 1114112K
  class space    used 6247K, committed 6528K, reserved 1048576K
}
Event: 192.545 GC heap before
{Heap before GC invocations=25 (full 8):
 garbage-first heap   total 63488K, used 28273K [0x00000000c0000000, 0x0000000100000000)
  region size 1024K, 1 young (1024K), 0 survivors (0K)
 Metaspace       used 49786K, committed 50496K, reserved 1114112K
  class space    used 6247K, committed 6528K, reserved 1048576K
}
Event: 192.732 GC heap after
{Heap after GC invocations=26 (full 9):
 garbage-first heap   total 63488K, used 28273K [0x00000000c0000000, 0x0000000100000000)
  region size 1024K, 0 young (0K), 0 survivors (0K)
 Metaspace       used 49786K, committed 50496K, reserved 1114112K
  class space    used 6247K, committed 6528K, reserved 1048576K
}
Event: 210.157 GC heap before
{Heap before GC invocations=26 (full 9):
 garbage-first heap   total 63488K, used 28273K [0x00000000c0000000, 0x0000000100000000)
  region size 1024K, 1 young (1024K), 0 survivors (0K)
 Metaspace       used 49786K, committed 50496K, reserved 1114112K
  class space    used 6247K, committed 6528K, reserved 1048576K
}
Event: 210.410 GC heap after
{Heap after GC invocations=27 (full 10):
 garbage-first heap   total 63488K, used 28273K [0x00000000c0000000, 0x0000000100000000)
  region size 1024K, 0 young (0K), 0 survivors (0K)
 Metaspace       used 49786K, committed 50496K, reserved 1114112K
  class space    used 6247K, committed 6528K, reserved 1048576K
}
Event: 222.242 GC heap before
{Heap before GC invocations=27 (full 10):
 garbage-first heap   total 63488K, used 28273K [0x00000000c0000000, 0x0000000100000000)
  region size 1024K, 1 young (1024K), 0 survivors (0K)
 Metaspace       used 49786K, committed 50496K, reserved 1114112K
  class space    used 6247K, committed 6528K, reserved 1048576K
}
Event: 222.451 GC heap after
{Heap after GC invocations=28 (full 11):
 garbage-first heap   total 63488K, used 28273K [0x00000000c0000000, 0x0000000100000000)
  region size 1024K, 0 young (0K), 0 survivors (0K)
 Metaspace       used 49786K, committed 50496K, reserved 1114112K
  class space    used 6247K, committed 6528K, reserved 1048576K
}
Event: 233.295 GC heap before
{Heap before GC invocations=28 (full 11):
 garbage-first heap   total 63488K, used 28273K [0x00000000c0000000, 0x0000000100000000)
  region size 1024K, 1 young (1024K), 0 survivors (0K)
 Metaspace       used 49786K, committed 50496K, reserved 1114112K
  class space    used 6247K, committed 6528K, reserved 1048576K
}
Event: 233.572 GC heap after
{Heap after GC invocations=29 (full 12):
 garbage-first heap   total 63488K, used 28273K [0x00000000c0000000, 0x0000000100000000)
  region size 1024K, 0 young (0K), 0 survivors (0K)
 Metaspace       used 49786K, committed 50496K, reserved 1114112K
  class space    used 6247K, committed 6528K, reserved 1048576K
}

