# JRE version: Java(TM) SE Runtime Environment (17.0.7+8) (build 17.0.7+8-LTS-224)
# Java VM: Java HotSpot(TM) 64-Bit Server VM (17.0.7+8-LTS-224, mixed mode, sharing, tiered, compressed oops, compressed class ptrs, g1 gc, windows-amd64)
GC Precious Log:
 CPUs: 4 total, 4 available
 Memory: 3879M
 Large Page Support: Disabled
 NUMA Support: Disabled
 Compressed Oops: Enabled (32-bit)
 Heap Region Size: 1M
 Heap Min Capacity: 8M
 Heap Initial Capacity: 62M
 Heap Max Capacity: 970M
 Pre-touch: Disabled
 Parallel Workers: 4
 Concurrent Workers: 1
 Concurrent Refinement Workers: 4
 Periodic GC: Disabled
Heap:
 garbage-first heap   total 51200K, used 37991K [0x00000000c3600000, 0x0000000100000000)
  region size 1024K, 20 young (20480K), 3 survivors (3072K)
 Metaspace       used 42418K, committed 42816K, reserved 1089536K
  class space    used 5489K, committed 5696K, reserved 1048576K
GC Heap History (18 events):
Event: 2.097 GC heap before
{Heap before GC invocations=0 (full 0):
 garbage-first heap   total 63488K, used 13312K [0x00000000c3600000, 0x0000000100000000)
  region size 1024K, 13 young (13312K), 0 survivors (0K)
 Metaspace       used 3417K, committed 3648K, reserved 1056768K
  class space    used 361K, committed 448K, reserved 1048576K
}
Event: 2.107 GC heap after
{Heap after GC invocations=1 (full 0):
 garbage-first heap   total 63488K, used 6380K [0x00000000c3600000, 0x0000000100000000)
  region size 1024K, 2 young (2048K), 2 survivors (2048K)
 Metaspace       used 3417K, committed 3648K, reserved 1056768K
  class space    used 361K, committed 448K, reserved 1048576K
}
Event: 2.559 GC heap before
{Heap before GC invocations=1 (full 0):
 garbage-first heap   total 63488K, used 16620K [0x00000000c3600000, 0x0000000100000000)
  region size 1024K, 12 young (12288K), 2 survivors (2048K)
 Metaspace       used 6283K, committed 6464K, reserved 1056768K
  class space    used 764K, committed 832K, reserved 1048576K
}
Event: 2.563 GC heap after
{Heap after GC invocations=2 (full 0):
 garbage-first heap   total 63488K, used 7581K [0x00000000c3600000, 0x0000000100000000)
  region size 1024K, 1 young (1024K), 1 survivors (1024K)
 Metaspace       used 6283K, committed 6464K, reserved 1056768K
  class space    used 764K, committed 832K, reserved 1048576K
}
Event: 3.414 GC heap before
{Heap before GC invocations=2 (full 0):
 garbage-first heap   total 63488K, used 26013K [0x00000000c3600000, 0x0000000100000000)
  region size 1024K, 20 young (20480K), 1 survivors (1024K)
 Metaspace       used 11381K, committed 11584K, reserved 1064960K
  class space    used 1363K, committed 1472K, reserved 1048576K
}
Event: 3.418 GC heap after
{Heap after GC invocations=3 (full 0):
 garbage-first heap   total 63488K, used 9383K [0x00000000c3600000, 0x0000000100000000)
  region size 1024K, 3 young (3072K), 3 survivors (3072K)
 Metaspace       used 11381K, committed 11584K, reserved 1064960K
  class space    used 1363K, committed 1472K, reserved 1048576K
}
Event: 4.543 GC heap before
{Heap before GC invocations=3 (full 0):
 garbage-first heap   total 63488K, used 39079K [0x00000000c3600000, 0x0000000100000000)
  region size 1024K, 32 young (32768K), 3 survivors (3072K)
 Metaspace       used 17481K, committed 17728K, reserved 1073152K
  class space    used 2155K, committed 2240K, reserved 1048576K
}
Event: 4.551 GC heap after
{Heap after GC invocations=4 (full 0):
 garbage-first heap   total 63488K, used 12134K [0x00000000c3600000, 0x0000000100000000)
  region size 1024K, 4 young (4096K), 4 survivors (4096K)
 Metaspace       used 17481K, committed 17728K, reserved 1073152K
  class space    used 2155K, committed 2240K, reserved 1048576K
}
Event: 5.435 GC heap before
{Heap before GC invocations=4 (full 0):
 garbage-first heap   total 63488K, used 35686K [0x00000000c3600000, 0x0000000100000000)
  region size 1024K, 28 young (28672K), 4 survivors (4096K)
 Metaspace       used 21172K, committed 21504K, reserved 1073152K
  class space    used 2636K, committed 2816K, reserved 1048576K
}
Event: 5.445 GC heap after
{Heap after GC invocations=5 (full 0):
 garbage-first heap   total 63488K, used 13955K [0x00000000c3600000, 0x0000000100000000)
  region size 1024K, 2 young (2048K), 2 survivors (2048K)
 Metaspace       used 21172K, committed 21504K, reserved 1073152K
  class space    used 2636K, committed 2816K, reserved 1048576K
}
Event: 7.385 GC heap before
{Heap before GC invocations=6 (full 0):
 garbage-first heap   total 51200K, used 40579K [0x00000000c3600000, 0x0000000100000000)
  region size 1024K, 30 young (30720K), 2 survivors (2048K)
 Metaspace       used 27724K, committed 28160K, reserved 1081344K
  class space    used 3506K, committed 3712K, reserved 1048576K
}
Event: 7.391 GC heap after
{Heap after GC invocations=7 (full 0):
 garbage-first heap   total 51200K, used 16638K [0x00000000c3600000, 0x0000000100000000)
  region size 1024K, 4 young (4096K), 4 survivors (4096K)
 Metaspace       used 27724K, committed 28160K, reserved 1081344K
  class space    used 3506K, committed 3712K, reserved 1048576K
}
Event: 8.368 GC heap before
{Heap before GC invocations=7 (full 0):
 garbage-first heap   total 51200K, used 36094K [0x00000000c3600000, 0x0000000100000000)
  region size 1024K, 23 young (23552K), 4 survivors (4096K)
 Metaspace       used 33344K, committed 33792K, reserved 1081344K
  class space    used 4261K, committed 4480K, reserved 1048576K
}
Event: 8.389 GC heap after
{Heap after GC invocations=8 (full 0):
 garbage-first heap   total 51200K, used 19186K [0x00000000c3600000, 0x0000000100000000)
  region size 1024K, 3 young (3072K), 3 survivors (3072K)
 Metaspace       used 33344K, committed 33792K, reserved 1081344K
  class space    used 4261K, committed 4480K, reserved 1048576K
}
Event: 8.740 GC heap before
{Heap before GC invocations=8 (full 0):
 garbage-first heap   total 51200K, used 24306K [0x00000000c3600000, 0x0000000100000000)
  region size 1024K, 9 young (9216K), 3 survivors (3072K)
 Metaspace       used 35479K, committed 35968K, reserved 1081344K
  class space    used 4532K, committed 4736K, reserved 1048576K
}
Event: 8.747 GC heap after
{Heap after GC invocations=9 (full 0):
 garbage-first heap   total 51200K, used 20016K [0x00000000c3600000, 0x0000000100000000)
  region size 1024K, 1 young (1024K), 1 survivors (1024K)
 Metaspace       used 35479K, committed 35968K, reserved 1081344K
  class space    used 4532K, committed 4736K, reserved 1048576K
}
Event: 10.022 GC heap before
{Heap before GC invocations=10 (full 0):
 garbage-first heap   total 51200K, used 37424K [0x00000000c3600000, 0x0000000100000000)
  region size 1024K, 19 young (19456K), 1 survivors (1024K)
 Metaspace       used 39823K, committed 40192K, reserved 1089536K
  class space    used 5145K, committed 5312K, reserved 1048576K
}
Event: 10.027 GC heap after
{Heap after GC invocations=11 (full 0):
 garbage-first heap   total 51200K, used 21607K [0x00000000c3600000, 0x0000000100000000)
  region size 1024K, 3 young (3072K), 3 survivors (3072K)
 Metaspace       used 39823K, committed 40192K, reserved 1089536K
  class space    used 5145K, committed 5312K, reserved 1048576K
}

