# JRE version: OpenJDK Runtime Environment Temurin-17.0.11+9 (17.0.11+9) (build 17.0.11+9)
# Java VM: OpenJDK 64-Bit Server VM Temurin-17.0.11+9 (17.0.11+9, mixed mode, tiered, compressed oops, compressed class ptrs, parallel gc, windows-amd64)
GC Precious Log:
 CPUs: 4 total, 4 available
 Memory: 3879M
 Large Page Support: Disabled
 NUMA Support: Disabled
 Compressed Oops: Enabled (32-bit)
 Alignments: Space 512K, Generation 512K, Heap 2M
 Heap Min Capacity: 100M
 Heap Initial Capacity: 100M
 Heap Max Capacity: 1G
 Pre-touch: Disabled
 Parallel Workers: 4
Heap:
 PSYoungGen      total 16896K, used 15880K [0x00000000eab00000, 0x00000000ebf00000, 0x0000000100000000)
  eden space 14848K, 95% used [0x00000000eab00000,0x00000000eb8d0578,0x00000000eb980000)
  from space 2048K, 84% used [0x00000000ebd00000,0x00000000ebeb1d58,0x00000000ebf00000)
  to   space 2560K, 0% used [0x00000000eba00000,0x00000000eba00000,0x00000000ebc80000)
 ParOldGen       total 77312K, used 50379K [0x00000000c0000000, 0x00000000c4b80000, 0x00000000eab00000)
  object space 77312K, 65% used [0x00000000c0000000,0x00000000c3132ed0,0x00000000c4b80000)
 Metaspace       used 70136K, committed 71424K, reserved 1114112K
  class space    used 7355K, committed 7936K, reserved 1048576K
GC Heap History (20 events):
Event: 33.078 GC heap before
{Heap before GC invocations=80 (full 3):
 PSYoungGen      total 17408K, used 17152K [0x00000000eab00000, 0x00000000ebd80000, 0x0000000100000000)
  eden space 16896K, 100% used [0x00000000eab00000,0x00000000ebb80000,0x00000000ebb80000)
  from space 512K, 50% used [0x00000000ebd00000,0x00000000ebd40000,0x00000000ebd80000)
  to   space 1024K, 0% used [0x00000000ebb80000,0x00000000ebb80000,0x00000000ebc80000)
 ParOldGen       total 68608K, used 64683K [0x00000000c0000000, 0x00000000c4300000, 0x00000000eab00000)
  object space 68608K, 94% used [0x00000000c0000000,0x00000000c3f2adf8,0x00000000c4300000)
 Metaspace       used 66886K, committed 68096K, reserved 1114112K
  class space    used 7075K, committed 7616K, reserved 1048576K
}
Event: 33.079 GC heap after
{Heap after GC invocations=80 (full 3):
 PSYoungGen      total 17920K, used 352K [0x00000000eab00000, 0x00000000ebd80000, 0x0000000100000000)
  eden space 16896K, 0% used [0x00000000eab00000,0x00000000eab00000,0x00000000ebb80000)
  from space 1024K, 34% used [0x00000000ebb80000,0x00000000ebbd8000,0x00000000ebc80000)
  to   space 512K, 0% used [0x00000000ebd00000,0x00000000ebd00000,0x00000000ebd80000)
 ParOldGen       total 68608K, used 64819K [0x00000000c0000000, 0x00000000c4300000, 0x00000000eab00000)
  object space 68608K, 94% used [0x00000000c0000000,0x00000000c3f4cdf8,0x00000000c4300000)
 Metaspace       used 66886K, committed 68096K, reserved 1114112K
  class space    used 7075K, committed 7616K, reserved 1048576K
}
Event: 33.098 GC heap before
{Heap before GC invocations=81 (full 3):
 PSYoungGen      total 17920K, used 17248K [0x00000000eab00000, 0x00000000ebd80000, 0x0000000100000000)
  eden space 16896K, 100% used [0x00000000eab00000,0x00000000ebb80000,0x00000000ebb80000)
  from space 1024K, 34% used [0x00000000ebb80000,0x00000000ebbd8000,0x00000000ebc80000)
  to   space 512K, 0% used [0x00000000ebd00000,0x00000000ebd00000,0x00000000ebd80000)
 ParOldGen       total 68608K, used 64819K [0x00000000c0000000, 0x00000000c4300000, 0x00000000eab00000)
  object space 68608K, 94% used [0x00000000c0000000,0x00000000c3f4cdf8,0x00000000c4300000)
 Metaspace       used 66891K, committed 68096K, reserved 1114112K
  class space    used 7075K, committed 7616K, reserved 1048576K
}
Event: 33.100 GC heap after
{Heap after GC invocations=81 (full 3):
 PSYoungGen      total 17408K, used 320K [0x00000000eab00000, 0x00000000ebd80000, 0x0000000100000000)
  eden space 16896K, 0% used [0x00000000eab00000,0x00000000eab00000,0x00000000ebb80000)
  from space 512K, 62% used [0x00000000ebd00000,0x00000000ebd50000,0x00000000ebd80000)
  to   space 512K, 0% used [0x00000000ebc80000,0x00000000ebc80000,0x00000000ebd00000)
 ParOldGen       total 68608K, used 65091K [0x00000000c0000000, 0x00000000c4300000, 0x00000000eab00000)
  object space 68608K, 94% used [0x00000000c0000000,0x00000000c3f90df8,0x00000000c4300000)
 Metaspace       used 66891K, committed 68096K, reserved 1114112K
  class space    used 7075K, committed 7616K, reserved 1048576K
}
Event: 33.188 GC heap before
{Heap before GC invocations=82 (full 3):
 PSYoungGen      total 17408K, used 17216K [0x00000000eab00000, 0x00000000ebd80000, 0x0000000100000000)
  eden space 16896K, 100% used [0x00000000eab00000,0x00000000ebb80000,0x00000000ebb80000)
  from space 512K, 62% used [0x00000000ebd00000,0x00000000ebd50000,0x00000000ebd80000)
  to   space 512K, 0% used [0x00000000ebc80000,0x00000000ebc80000,0x00000000ebd00000)
 ParOldGen       total 68608K, used 65091K [0x00000000c0000000, 0x00000000c4300000, 0x00000000eab00000)
  object space 68608K, 94% used [0x00000000c0000000,0x00000000c3f90df8,0x00000000c4300000)
 Metaspace       used 66960K, committed 68160K, reserved 1114112K
  class space    used 7082K, committed 7616K, reserved 1048576K
}
Event: 33.191 GC heap after
{Heap after GC invocations=82 (full 3):
 PSYoungGen      total 17408K, used 384K [0x00000000eab00000, 0x00000000ebd80000, 0x0000000100000000)
  eden space 16896K, 0% used [0x00000000eab00000,0x00000000eab00000,0x00000000ebb80000)
  from space 512K, 75% used [0x00000000ebc80000,0x00000000ebce0000,0x00000000ebd00000)
  to   space 512K, 0% used [0x00000000ebd00000,0x00000000ebd00000,0x00000000ebd80000)
 ParOldGen       total 68608K, used 65379K [0x00000000c0000000, 0x00000000c4300000, 0x00000000eab00000)
  object space 68608K, 95% used [0x00000000c0000000,0x00000000c3fd8df8,0x00000000c4300000)
 Metaspace       used 66960K, committed 68160K, reserved 1114112K
  class space    used 7082K, committed 7616K, reserved 1048576K
}
Event: 33.218 GC heap before
{Heap before GC invocations=83 (full 3):
 PSYoungGen      total 17408K, used 17280K [0x00000000eab00000, 0x00000000ebd80000, 0x0000000100000000)
  eden space 16896K, 100% used [0x00000000eab00000,0x00000000ebb80000,0x00000000ebb80000)
  from space 512K, 75% used [0x00000000ebc80000,0x00000000ebce0000,0x00000000ebd00000)
  to   space 512K, 0% used [0x00000000ebd00000,0x00000000ebd00000,0x00000000ebd80000)
 ParOldGen       total 68608K, used 65379K [0x00000000c0000000, 0x00000000c4300000, 0x00000000eab00000)
  object space 68608K, 95% used [0x00000000c0000000,0x00000000c3fd8df8,0x00000000c4300000)
 Metaspace       used 66989K, committed 68160K, reserved 1114112K
  class space    used 7083K, committed 7616K, reserved 1048576K
}
Event: 33.220 GC heap after
{Heap after GC invocations=83 (full 3):
 PSYoungGen      total 17408K, used 384K [0x00000000eab00000, 0x00000000ebd80000, 0x0000000100000000)
  eden space 16896K, 0% used [0x00000000eab00000,0x00000000eab00000,0x00000000ebb80000)
  from space 512K, 75% used [0x00000000ebd00000,0x00000000ebd60000,0x00000000ebd80000)
  to   space 512K, 0% used [0x00000000ebc80000,0x00000000ebc80000,0x00000000ebd00000)
 ParOldGen       total 68608K, used 65707K [0x00000000c0000000, 0x00000000c4300000, 0x00000000eab00000)
  object space 68608K, 95% used [0x00000000c0000000,0x00000000c402adf8,0x00000000c4300000)
 Metaspace       used 66989K, committed 68160K, reserved 1114112K
  class space    used 7083K, committed 7616K, reserved 1048576K
}
Event: 33.258 GC heap before
{Heap before GC invocations=84 (full 3):
 PSYoungGen      total 17408K, used 17280K [0x00000000eab00000, 0x00000000ebd80000, 0x0000000100000000)
  eden space 16896K, 100% used [0x00000000eab00000,0x00000000ebb80000,0x00000000ebb80000)
  from space 512K, 75% used [0x00000000ebd00000,0x00000000ebd60000,0x00000000ebd80000)
  to   space 512K, 0% used [0x00000000ebc80000,0x00000000ebc80000,0x00000000ebd00000)
 ParOldGen       total 68608K, used 65707K [0x00000000c0000000, 0x00000000c4300000, 0x00000000eab00000)
  object space 68608K, 95% used [0x00000000c0000000,0x00000000c402adf8,0x00000000c4300000)
 Metaspace       used 66996K, committed 68224K, reserved 1114112K
  class space    used 7084K, committed 7616K, reserved 1048576K
}
Event: 33.260 GC heap after
{Heap after GC invocations=84 (full 3):
 PSYoungGen      total 17408K, used 256K [0x00000000eab00000, 0x00000000ebd80000, 0x0000000100000000)
  eden space 16896K, 0% used [0x00000000eab00000,0x00000000eab00000,0x00000000ebb80000)
  from space 512K, 50% used [0x00000000ebc80000,0x00000000ebcc0000,0x00000000ebd00000)
  to   space 512K, 0% used [0x00000000ebd00000,0x00000000ebd00000,0x00000000ebd80000)
 ParOldGen       total 68608K, used 65963K [0x00000000c0000000, 0x00000000c4300000, 0x00000000eab00000)
  object space 68608K, 96% used [0x00000000c0000000,0x00000000c406adf8,0x00000000c4300000)
 Metaspace       used 66996K, committed 68224K, reserved 1114112K
  class space    used 7084K, committed 7616K, reserved 1048576K
}
Event: 33.344 GC heap before
{Heap before GC invocations=85 (full 3):
 PSYoungGen      total 17408K, used 17152K [0x00000000eab00000, 0x00000000ebd80000, 0x0000000100000000)
  eden space 16896K, 100% used [0x00000000eab00000,0x00000000ebb80000,0x00000000ebb80000)
  from space 512K, 50% used [0x00000000ebc80000,0x00000000ebcc0000,0x00000000ebd00000)
  to   space 512K, 0% used [0x00000000ebd00000,0x00000000ebd00000,0x00000000ebd80000)
 ParOldGen       total 68608K, used 65963K [0x00000000c0000000, 0x00000000c4300000, 0x00000000eab00000)
  object space 68608K, 96% used [0x00000000c0000000,0x00000000c406adf8,0x00000000c4300000)
 Metaspace       used 67084K, committed 68288K, reserved 1114112K
  class space    used 7092K, committed 7616K, reserved 1048576K
}
Event: 33.346 GC heap after
{Heap after GC invocations=85 (full 3):
 PSYoungGen      total 17408K, used 288K [0x00000000eab00000, 0x00000000ebd80000, 0x0000000100000000)
  eden space 16896K, 0% used [0x00000000eab00000,0x00000000eab00000,0x00000000ebb80000)
  from space 512K, 56% used [0x00000000ebd00000,0x00000000ebd48000,0x00000000ebd80000)
  to   space 512K, 0% used [0x00000000ebc80000,0x00000000ebc80000,0x00000000ebd00000)
 ParOldGen       total 68608K, used 66123K [0x00000000c0000000, 0x00000000c4300000, 0x00000000eab00000)
  object space 68608K, 96% used [0x00000000c0000000,0x00000000c4092df8,0x00000000c4300000)
 Metaspace       used 67084K, committed 68288K, reserved 1114112K
  class space    used 7092K, committed 7616K, reserved 1048576K
}
Event: 33.571 GC heap before
{Heap before GC invocations=86 (full 3):
 PSYoungGen      total 17408K, used 17183K [0x00000000eab00000, 0x00000000ebd80000, 0x0000000100000000)
  eden space 16896K, 99% used [0x00000000eab00000,0x00000000ebb7fe30,0x00000000ebb80000)
  from space 512K, 56% used [0x00000000ebd00000,0x00000000ebd48000,0x00000000ebd80000)
  to   space 512K, 0% used [0x00000000ebc80000,0x00000000ebc80000,0x00000000ebd00000)
 ParOldGen       total 68608K, used 66123K [0x00000000c0000000, 0x00000000c4300000, 0x00000000eab00000)
  object space 68608K, 96% used [0x00000000c0000000,0x00000000c4092df8,0x00000000c4300000)
 Metaspace       used 67590K, committed 68800K, reserved 1114112K
  class space    used 7145K, committed 7680K, reserved 1048576K
}
Event: 33.576 GC heap after
{Heap after GC invocations=86 (full 3):
 PSYoungGen      total 17408K, used 512K [0x00000000eab00000, 0x00000000ebe80000, 0x0000000100000000)
  eden space 16896K, 0% used [0x00000000eab00000,0x00000000eab00000,0x00000000ebb80000)
  from space 512K, 100% used [0x00000000ebc80000,0x00000000ebd00000,0x00000000ebd00000)
  to   space 1536K, 0% used [0x00000000ebd00000,0x00000000ebd00000,0x00000000ebe80000)
 ParOldGen       total 68608K, used 66803K [0x00000000c0000000, 0x00000000c4300000, 0x00000000eab00000)
  object space 68608K, 97% used [0x00000000c0000000,0x00000000c413ce38,0x00000000c4300000)
 Metaspace       used 67590K, committed 68800K, reserved 1114112K
  class space    used 7145K, committed 7680K, reserved 1048576K
}
Event: 34.067 GC heap before
{Heap before GC invocations=87 (full 3):
 PSYoungGen      total 17408K, used 17408K [0x00000000eab00000, 0x00000000ebe80000, 0x0000000100000000)
  eden space 16896K, 100% used [0x00000000eab00000,0x00000000ebb80000,0x00000000ebb80000)
  from space 512K, 100% used [0x00000000ebc80000,0x00000000ebd00000,0x00000000ebd00000)
  to   space 1536K, 0% used [0x00000000ebd00000,0x00000000ebd00000,0x00000000ebe80000)
 ParOldGen       total 68608K, used 66803K [0x00000000c0000000, 0x00000000c4300000, 0x00000000eab00000)
  object space 68608K, 97% used [0x00000000c0000000,0x00000000c413ce38,0x00000000c4300000)
 Metaspace       used 68002K, committed 69248K, reserved 1114112K
  class space    used 7169K, committed 7680K, reserved 1048576K
}
Event: 34.072 GC heap after
{Heap after GC invocations=87 (full 3):
 PSYoungGen      total 16384K, used 1508K [0x00000000eab00000, 0x00000000ec280000, 0x0000000100000000)
  eden space 14848K, 0% used [0x00000000eab00000,0x00000000eab00000,0x00000000eb980000)
  from space 1536K, 98% used [0x00000000ebd00000,0x00000000ebe79210,0x00000000ebe80000)
  to   space 3584K, 0% used [0x00000000eb980000,0x00000000eb980000,0x00000000ebd00000)
 ParOldGen       total 68608K, used 68096K [0x00000000c0000000, 0x00000000c4300000, 0x00000000eab00000)
  object space 68608K, 99% used [0x00000000c0000000,0x00000000c4280048,0x00000000c4300000)
 Metaspace       used 68002K, committed 69248K, reserved 1114112K
  class space    used 7169K, committed 7680K, reserved 1048576K
}
Event: 34.072 GC heap before
{Heap before GC invocations=88 (full 4):
 PSYoungGen      total 16384K, used 1508K [0x00000000eab00000, 0x00000000ec280000, 0x0000000100000000)
  eden space 14848K, 0% used [0x00000000eab00000,0x00000000eab00000,0x00000000eb980000)
  from space 1536K, 98% used [0x00000000ebd00000,0x00000000ebe79210,0x00000000ebe80000)
  to   space 3584K, 0% used [0x00000000eb980000,0x00000000eb980000,0x00000000ebd00000)
 ParOldGen       total 68608K, used 68096K [0x00000000c0000000, 0x00000000c4300000, 0x00000000eab00000)
  object space 68608K, 99% used [0x00000000c0000000,0x00000000c4280048,0x00000000c4300000)
 Metaspace       used 68002K, committed 69248K, reserved 1114112K
  class space    used 7169K, committed 7680K, reserved 1048576K
}
Event: 34.520 GC heap after
{Heap after GC invocations=88 (full 4):
 PSYoungGen      total 18432K, used 0K [0x00000000eab00000, 0x00000000ec080000, 0x0000000100000000)
  eden space 14848K, 0% used [0x00000000eab00000,0x00000000eab00000,0x00000000eb980000)
  from space 3584K, 0% used [0x00000000eb980000,0x00000000eb980000,0x00000000ebd00000)
  to   space 3584K, 0% used [0x00000000ebd00000,0x00000000ebd00000,0x00000000ec080000)
 ParOldGen       total 77312K, used 50371K [0x00000000c0000000, 0x00000000c4b80000, 0x00000000eab00000)
  object space 77312K, 65% used [0x00000000c0000000,0x00000000c3130ed0,0x00000000c4b80000)
 Metaspace       used 68000K, committed 69248K, reserved 1114112K
  class space    used 7169K, committed 7680K, reserved 1048576K
}
Event: 35.150 GC heap before
{Heap before GC invocations=89 (full 4):
 PSYoungGen      total 18432K, used 14840K [0x00000000eab00000, 0x00000000ec080000, 0x0000000100000000)
  eden space 14848K, 99% used [0x00000000eab00000,0x00000000eb97e1e8,0x00000000eb980000)
  from space 3584K, 0% used [0x00000000eb980000,0x00000000eb980000,0x00000000ebd00000)
  to   space 3584K, 0% used [0x00000000ebd00000,0x00000000ebd00000,0x00000000ec080000)
 ParOldGen       total 77312K, used 50371K [0x00000000c0000000, 0x00000000c4b80000, 0x00000000eab00000)
  object space 77312K, 65% used [0x00000000c0000000,0x00000000c3130ed0,0x00000000c4b80000)
 Metaspace       used 69263K, committed 70528K, reserved 1114112K
  class space    used 7269K, committed 7808K, reserved 1048576K
}
Event: 35.153 GC heap after
{Heap after GC invocations=89 (full 4):
 PSYoungGen      total 16896K, used 1735K [0x00000000eab00000, 0x00000000ebf00000, 0x0000000100000000)
  eden space 14848K, 0% used [0x00000000eab00000,0x00000000eab00000,0x00000000eb980000)
  from space 2048K, 84% used [0x00000000ebd00000,0x00000000ebeb1d58,0x00000000ebf00000)
  to   space 2560K, 0% used [0x00000000eba00000,0x00000000eba00000,0x00000000ebc80000)
 ParOldGen       total 77312K, used 50379K [0x00000000c0000000, 0x00000000c4b80000, 0x00000000eab00000)
  object space 77312K, 65% used [0x00000000c0000000,0x00000000c3132ed0,0x00000000c4b80000)
 Metaspace       used 69263K, committed 70528K, reserved 1114112K
  class space    used 7269K, committed 7808K, reserved 1048576K
}

