# JRE version: OpenJDK Runtime Environment Temurin-17.0.11+9 (17.0.11+9) (build 17.0.11+9)
# Java VM: OpenJDK 64-Bit Server VM Temurin-17.0.11+9 (17.0.11+9, mixed mode, tiered, compressed oops, compressed class ptrs, parallel gc, windows-amd64)
GC Precious Log:
 CPUs: 4 total, 4 available
 Memory: 3879M
 Large Page Support: Disabled
 NUMA Support: Disabled
 Compressed Oops: Enabled (32-bit)
 Alignments: Space 512K, Generation 512K, Heap 2M
 Heap Min Capacity: 100M
 Heap Initial Capacity: 100M
 Heap Max Capacity: 1G
 Pre-touch: Disabled
 Parallel Workers: 4
Heap:
 PSYoungGen      total 17408K, used 7392K [0x00000000eab00000, 0x00000000ebd80000, 0x0000000100000000)
  eden space 16896K, 42% used [0x00000000eab00000,0x00000000eb1f0028,0x00000000ebb80000)
  from space 512K, 56% used [0x00000000ebb80000,0x00000000ebbc8000,0x00000000ebc00000)
  to   space 1024K, 0% used [0x00000000ebc80000,0x00000000ebc80000,0x00000000ebd80000)
 ParOldGen       total 73728K, used 47349K [0x00000000c0000000, 0x00000000c4800000, 0x00000000eab00000)
  object space 73728K, 64% used [0x00000000c0000000,0x00000000c2e3d700,0x00000000c4800000)
 Metaspace       used 71390K, committed 72640K, reserved 1114112K
  class space    used 7453K, committed 8000K, reserved 1048576K
GC Heap History (20 events):
Event: 15.683 GC heap before
{Heap before GC invocations=85 (full 3):
 PSYoungGen      total 17408K, used 17280K [0x00000000eab00000, 0x00000000ebd80000, 0x0000000100000000)
  eden space 16896K, 100% used [0x00000000eab00000,0x00000000ebb80000,0x00000000ebb80000)
  from space 512K, 75% used [0x00000000ebc80000,0x00000000ebce0000,0x00000000ebd00000)
  to   space 512K, 0% used [0x00000000ebd00000,0x00000000ebd00000,0x00000000ebd80000)
 ParOldGen       total 68608K, used 64657K [0x00000000c0000000, 0x00000000c4300000, 0x00000000eab00000)
  object space 68608K, 94% used [0x00000000c0000000,0x00000000c3f24620,0x00000000c4300000)
 Metaspace       used 68499K, committed 69696K, reserved 1114112K
  class space    used 7199K, committed 7744K, reserved 1048576K
}
Event: 15.686 GC heap after
{Heap after GC invocations=85 (full 3):
 PSYoungGen      total 17408K, used 320K [0x00000000eab00000, 0x00000000ebd80000, 0x0000000100000000)
  eden space 16896K, 0% used [0x00000000eab00000,0x00000000eab00000,0x00000000ebb80000)
  from space 512K, 62% used [0x00000000ebd00000,0x00000000ebd50000,0x00000000ebd80000)
  to   space 512K, 0% used [0x00000000ebc80000,0x00000000ebc80000,0x00000000ebd00000)
 ParOldGen       total 68608K, used 64969K [0x00000000c0000000, 0x00000000c4300000, 0x00000000eab00000)
  object space 68608K, 94% used [0x00000000c0000000,0x00000000c3f72620,0x00000000c4300000)
 Metaspace       used 68499K, committed 69696K, reserved 1114112K
  class space    used 7199K, committed 7744K, reserved 1048576K
}
Event: 15.708 GC heap before
{Heap before GC invocations=86 (full 3):
 PSYoungGen      total 17408K, used 17216K [0x00000000eab00000, 0x00000000ebd80000, 0x0000000100000000)
  eden space 16896K, 100% used [0x00000000eab00000,0x00000000ebb80000,0x00000000ebb80000)
  from space 512K, 62% used [0x00000000ebd00000,0x00000000ebd50000,0x00000000ebd80000)
  to   space 512K, 0% used [0x00000000ebc80000,0x00000000ebc80000,0x00000000ebd00000)
 ParOldGen       total 68608K, used 64969K [0x00000000c0000000, 0x00000000c4300000, 0x00000000eab00000)
  object space 68608K, 94% used [0x00000000c0000000,0x00000000c3f72620,0x00000000c4300000)
 Metaspace       used 68506K, committed 69696K, reserved 1114112K
  class space    used 7199K, committed 7744K, reserved 1048576K
}
Event: 15.710 GC heap after
{Heap after GC invocations=86 (full 3):
 PSYoungGen      total 17408K, used 445K [0x00000000eab00000, 0x00000000ebd80000, 0x0000000100000000)
  eden space 16896K, 0% used [0x00000000eab00000,0x00000000eab00000,0x00000000ebb80000)
  from space 512K, 87% used [0x00000000ebc80000,0x00000000ebcef670,0x00000000ebd00000)
  to   space 512K, 0% used [0x00000000ebd00000,0x00000000ebd00000,0x00000000ebd80000)
 ParOldGen       total 68608K, used 65209K [0x00000000c0000000, 0x00000000c4300000, 0x00000000eab00000)
  object space 68608K, 95% used [0x00000000c0000000,0x00000000c3fae620,0x00000000c4300000)
 Metaspace       used 68506K, committed 69696K, reserved 1114112K
  class space    used 7199K, committed 7744K, reserved 1048576K
}
Event: 15.748 GC heap before
{Heap before GC invocations=87 (full 3):
 PSYoungGen      total 17408K, used 17341K [0x00000000eab00000, 0x00000000ebd80000, 0x0000000100000000)
  eden space 16896K, 100% used [0x00000000eab00000,0x00000000ebb80000,0x00000000ebb80000)
  from space 512K, 87% used [0x00000000ebc80000,0x00000000ebcef670,0x00000000ebd00000)
  to   space 512K, 0% used [0x00000000ebd00000,0x00000000ebd00000,0x00000000ebd80000)
 ParOldGen       total 68608K, used 65209K [0x00000000c0000000, 0x00000000c4300000, 0x00000000eab00000)
  object space 68608K, 95% used [0x00000000c0000000,0x00000000c3fae620,0x00000000c4300000)
 Metaspace       used 68506K, committed 69696K, reserved 1114112K
  class space    used 7199K, committed 7744K, reserved 1048576K
}
Event: 15.751 GC heap after
{Heap after GC invocations=87 (full 3):
 PSYoungGen      total 17408K, used 320K [0x00000000eab00000, 0x00000000ebd80000, 0x0000000100000000)
  eden space 16896K, 0% used [0x00000000eab00000,0x00000000eab00000,0x00000000ebb80000)
  from space 512K, 62% used [0x00000000ebd00000,0x00000000ebd50000,0x00000000ebd80000)
  to   space 512K, 0% used [0x00000000ebc80000,0x00000000ebc80000,0x00000000ebd00000)
 ParOldGen       total 68608K, used 65583K [0x00000000c0000000, 0x00000000c4300000, 0x00000000eab00000)
  object space 68608K, 95% used [0x00000000c0000000,0x00000000c400bc90,0x00000000c4300000)
 Metaspace       used 68506K, committed 69696K, reserved 1114112K
  class space    used 7199K, committed 7744K, reserved 1048576K
}
Event: 15.839 GC heap before
{Heap before GC invocations=88 (full 3):
 PSYoungGen      total 17408K, used 17216K [0x00000000eab00000, 0x00000000ebd80000, 0x0000000100000000)
  eden space 16896K, 100% used [0x00000000eab00000,0x00000000ebb80000,0x00000000ebb80000)
  from space 512K, 62% used [0x00000000ebd00000,0x00000000ebd50000,0x00000000ebd80000)
  to   space 512K, 0% used [0x00000000ebc80000,0x00000000ebc80000,0x00000000ebd00000)
 ParOldGen       total 68608K, used 65583K [0x00000000c0000000, 0x00000000c4300000, 0x00000000eab00000)
  object space 68608K, 95% used [0x00000000c0000000,0x00000000c400bc90,0x00000000c4300000)
 Metaspace       used 68525K, committed 69760K, reserved 1114112K
  class space    used 7199K, committed 7744K, reserved 1048576K
}
Event: 15.840 GC heap after
{Heap after GC invocations=88 (full 3):
 PSYoungGen      total 17408K, used 430K [0x00000000eab00000, 0x00000000ebd80000, 0x0000000100000000)
  eden space 16896K, 0% used [0x00000000eab00000,0x00000000eab00000,0x00000000ebb80000)
  from space 512K, 84% used [0x00000000ebc80000,0x00000000ebcebb38,0x00000000ebd00000)
  to   space 512K, 0% used [0x00000000ebd00000,0x00000000ebd00000,0x00000000ebd80000)
 ParOldGen       total 68608K, used 65879K [0x00000000c0000000, 0x00000000c4300000, 0x00000000eab00000)
  object space 68608K, 96% used [0x00000000c0000000,0x00000000c4055c90,0x00000000c4300000)
 Metaspace       used 68525K, committed 69760K, reserved 1114112K
  class space    used 7199K, committed 7744K, reserved 1048576K
}
Event: 15.880 GC heap before
{Heap before GC invocations=89 (full 3):
 PSYoungGen      total 17408K, used 17326K [0x00000000eab00000, 0x00000000ebd80000, 0x0000000100000000)
  eden space 16896K, 100% used [0x00000000eab00000,0x00000000ebb80000,0x00000000ebb80000)
  from space 512K, 84% used [0x00000000ebc80000,0x00000000ebcebb38,0x00000000ebd00000)
  to   space 512K, 0% used [0x00000000ebd00000,0x00000000ebd00000,0x00000000ebd80000)
 ParOldGen       total 68608K, used 65879K [0x00000000c0000000, 0x00000000c4300000, 0x00000000eab00000)
  object space 68608K, 96% used [0x00000000c0000000,0x00000000c4055c90,0x00000000c4300000)
 Metaspace       used 68575K, committed 69824K, reserved 1114112K
  class space    used 7203K, committed 7744K, reserved 1048576K
}
Event: 15.881 GC heap after
{Heap after GC invocations=89 (full 3):
 PSYoungGen      total 17408K, used 416K [0x00000000eab00000, 0x00000000ebd80000, 0x0000000100000000)
  eden space 16896K, 0% used [0x00000000eab00000,0x00000000eab00000,0x00000000ebb80000)
  from space 512K, 81% used [0x00000000ebd00000,0x00000000ebd68000,0x00000000ebd80000)
  to   space 512K, 0% used [0x00000000ebc80000,0x00000000ebc80000,0x00000000ebd00000)
 ParOldGen       total 68608K, used 66231K [0x00000000c0000000, 0x00000000c4300000, 0x00000000eab00000)
  object space 68608K, 96% used [0x00000000c0000000,0x00000000c40adc90,0x00000000c4300000)
 Metaspace       used 68575K, committed 69824K, reserved 1114112K
  class space    used 7203K, committed 7744K, reserved 1048576K
}
Event: 15.940 GC heap before
{Heap before GC invocations=90 (full 3):
 PSYoungGen      total 17408K, used 17312K [0x00000000eab00000, 0x00000000ebd80000, 0x0000000100000000)
  eden space 16896K, 100% used [0x00000000eab00000,0x00000000ebb80000,0x00000000ebb80000)
  from space 512K, 81% used [0x00000000ebd00000,0x00000000ebd68000,0x00000000ebd80000)
  to   space 512K, 0% used [0x00000000ebc80000,0x00000000ebc80000,0x00000000ebd00000)
 ParOldGen       total 68608K, used 66231K [0x00000000c0000000, 0x00000000c4300000, 0x00000000eab00000)
  object space 68608K, 96% used [0x00000000c0000000,0x00000000c40adc90,0x00000000c4300000)
 Metaspace       used 68707K, committed 69952K, reserved 1114112K
  class space    used 7226K, committed 7808K, reserved 1048576K
}
Event: 15.943 GC heap after
{Heap after GC invocations=90 (full 3):
 PSYoungGen      total 17408K, used 481K [0x00000000eab00000, 0x00000000ebe80000, 0x0000000100000000)
  eden space 16896K, 0% used [0x00000000eab00000,0x00000000eab00000,0x00000000ebb80000)
  from space 512K, 94% used [0x00000000ebc80000,0x00000000ebcf8728,0x00000000ebd00000)
  to   space 1536K, 0% used [0x00000000ebd00000,0x00000000ebd00000,0x00000000ebe80000)
 ParOldGen       total 68608K, used 66863K [0x00000000c0000000, 0x00000000c4300000, 0x00000000eab00000)
  object space 68608K, 97% used [0x00000000c0000000,0x00000000c414bcd0,0x00000000c4300000)
 Metaspace       used 68707K, committed 69952K, reserved 1114112K
  class space    used 7226K, committed 7808K, reserved 1048576K
}
Event: 16.168 GC heap before
{Heap before GC invocations=91 (full 3):
 PSYoungGen      total 17408K, used 17377K [0x00000000eab00000, 0x00000000ebe80000, 0x0000000100000000)
  eden space 16896K, 100% used [0x00000000eab00000,0x00000000ebb80000,0x00000000ebb80000)
  from space 512K, 94% used [0x00000000ebc80000,0x00000000ebcf8728,0x00000000ebd00000)
  to   space 1536K, 0% used [0x00000000ebd00000,0x00000000ebd00000,0x00000000ebe80000)
 ParOldGen       total 68608K, used 66863K [0x00000000c0000000, 0x00000000c4300000, 0x00000000eab00000)
  object space 68608K, 97% used [0x00000000c0000000,0x00000000c414bcd0,0x00000000c4300000)
 Metaspace       used 69144K, committed 70336K, reserved 1114112K
  class space    used 7259K, committed 7808K, reserved 1048576K
}
Event: 16.170 GC heap after
{Heap after GC invocations=91 (full 3):
 PSYoungGen      total 18432K, used 1069K [0x00000000eab00000, 0x00000000ebe80000, 0x0000000100000000)
  eden space 16896K, 0% used [0x00000000eab00000,0x00000000eab00000,0x00000000ebb80000)
  from space 1536K, 69% used [0x00000000ebd00000,0x00000000ebe0b400,0x00000000ebe80000)
  to   space 1536K, 0% used [0x00000000ebb80000,0x00000000ebb80000,0x00000000ebd00000)
 ParOldGen       total 68608K, used 67143K [0x00000000c0000000, 0x00000000c4300000, 0x00000000eab00000)
  object space 68608K, 97% used [0x00000000c0000000,0x00000000c4191cd0,0x00000000c4300000)
 Metaspace       used 69144K, committed 70336K, reserved 1114112K
  class space    used 7259K, committed 7808K, reserved 1048576K
}
Event: 16.438 GC heap before
{Heap before GC invocations=92 (full 3):
 PSYoungGen      total 18432K, used 17965K [0x00000000eab00000, 0x00000000ebe80000, 0x0000000100000000)
  eden space 16896K, 100% used [0x00000000eab00000,0x00000000ebb80000,0x00000000ebb80000)
  from space 1536K, 69% used [0x00000000ebd00000,0x00000000ebe0b400,0x00000000ebe80000)
  to   space 1536K, 0% used [0x00000000ebb80000,0x00000000ebb80000,0x00000000ebd00000)
 ParOldGen       total 68608K, used 67143K [0x00000000c0000000, 0x00000000c4300000, 0x00000000eab00000)
  object space 68608K, 97% used [0x00000000c0000000,0x00000000c4191cd0,0x00000000c4300000)
 Metaspace       used 70391K, committed 71744K, reserved 1114112K
  class space    used 7354K, committed 7936K, reserved 1048576K
}
Event: 16.440 GC heap after
{Heap after GC invocations=92 (full 3):
 PSYoungGen      total 18432K, used 1059K [0x00000000eab00000, 0x00000000ebe80000, 0x0000000100000000)
  eden space 16896K, 0% used [0x00000000eab00000,0x00000000eab00000,0x00000000ebb80000)
  from space 1536K, 68% used [0x00000000ebb80000,0x00000000ebc88de8,0x00000000ebd00000)
  to   space 1536K, 0% used [0x00000000ebd00000,0x00000000ebd00000,0x00000000ebe80000)
 ParOldGen       total 68608K, used 67926K [0x00000000c0000000, 0x00000000c4300000, 0x00000000eab00000)
  object space 68608K, 99% used [0x00000000c0000000,0x00000000c4255810,0x00000000c4300000)
 Metaspace       used 70391K, committed 71744K, reserved 1114112K
  class space    used 7354K, committed 7936K, reserved 1048576K
}
Event: 16.441 GC heap before
{Heap before GC invocations=93 (full 4):
 PSYoungGen      total 18432K, used 1059K [0x00000000eab00000, 0x00000000ebe80000, 0x0000000100000000)
  eden space 16896K, 0% used [0x00000000eab00000,0x00000000eab00000,0x00000000ebb80000)
  from space 1536K, 68% used [0x00000000ebb80000,0x00000000ebc88de8,0x00000000ebd00000)
  to   space 1536K, 0% used [0x00000000ebd00000,0x00000000ebd00000,0x00000000ebe80000)
 ParOldGen       total 68608K, used 67926K [0x00000000c0000000, 0x00000000c4300000, 0x00000000eab00000)
  object space 68608K, 99% used [0x00000000c0000000,0x00000000c4255810,0x00000000c4300000)
 Metaspace       used 70391K, committed 71744K, reserved 1114112K
  class space    used 7354K, committed 7936K, reserved 1048576K
}
Event: 16.752 GC heap after
{Heap after GC invocations=93 (full 4):
 PSYoungGen      total 18432K, used 0K [0x00000000eab00000, 0x00000000ebe80000, 0x0000000100000000)
  eden space 16896K, 0% used [0x00000000eab00000,0x00000000eab00000,0x00000000ebb80000)
  from space 1536K, 0% used [0x00000000ebd00000,0x00000000ebd00000,0x00000000ebe80000)
  to   space 1536K, 0% used [0x00000000ebb80000,0x00000000ebb80000,0x00000000ebd00000)
 ParOldGen       total 73728K, used 47341K [0x00000000c0000000, 0x00000000c4800000, 0x00000000eab00000)
  object space 73728K, 64% used [0x00000000c0000000,0x00000000c2e3b700,0x00000000c4800000)
 Metaspace       used 70388K, committed 71744K, reserved 1114112K
  class space    used 7353K, committed 7936K, reserved 1048576K
}
Event: 17.453 GC heap before
{Heap before GC invocations=94 (full 4):
 PSYoungGen      total 18432K, used 16896K [0x00000000eab00000, 0x00000000ebe80000, 0x0000000100000000)
  eden space 16896K, 100% used [0x00000000eab00000,0x00000000ebb80000,0x00000000ebb80000)
  from space 1536K, 0% used [0x00000000ebd00000,0x00000000ebd00000,0x00000000ebe80000)
  to   space 1536K, 0% used [0x00000000ebb80000,0x00000000ebb80000,0x00000000ebd00000)
 ParOldGen       total 73728K, used 47341K [0x00000000c0000000, 0x00000000c4800000, 0x00000000eab00000)
  object space 73728K, 64% used [0x00000000c0000000,0x00000000c2e3b700,0x00000000c4800000)
 Metaspace       used 71355K, committed 72640K, reserved 1114112K
  class space    used 7453K, committed 8000K, reserved 1048576K
}
Event: 17.455 GC heap after
{Heap after GC invocations=94 (full 4):
 PSYoungGen      total 17408K, used 288K [0x00000000eab00000, 0x00000000ebd80000, 0x0000000100000000)
  eden space 16896K, 0% used [0x00000000eab00000,0x00000000eab00000,0x00000000ebb80000)
  from space 512K, 56% used [0x00000000ebb80000,0x00000000ebbc8000,0x00000000ebc00000)
  to   space 1024K, 0% used [0x00000000ebc80000,0x00000000ebc80000,0x00000000ebd80000)
 ParOldGen       total 73728K, used 47349K [0x00000000c0000000, 0x00000000c4800000, 0x00000000eab00000)
  object space 73728K, 64% used [0x00000000c0000000,0x00000000c2e3d700,0x00000000c4800000)
 Metaspace       used 71355K, committed 72640K, reserved 1114112K
  class space    used 7453K, committed 8000K, reserved 1048576K
}

