# JRE version: OpenJDK Runtime Environment Temurin-17.0.11+9 (17.0.11+9) (build 17.0.11+9)
# Java VM: OpenJDK 64-Bit Server VM Temurin-17.0.11+9 (17.0.11+9, mixed mode, tiered, compressed oops, compressed class ptrs, parallel gc, windows-amd64)
GC Precious Log:
 CPUs: 4 total, 4 available
 Memory: 3879M
 Large Page Support: Disabled
 NUMA Support: Disabled
 Compressed Oops: Enabled (32-bit)
 Alignments: Space 512K, Generation 512K, Heap 2M
 Heap Min Capacity: 100M
 Heap Initial Capacity: 100M
 Heap Max Capacity: 1G
 Pre-touch: Disabled
 Parallel Workers: 4
Heap:
 PSYoungGen      total 15360K, used 2021K [0x00000000eab00000, 0x00000000ec000000, 0x0000000100000000)
  eden space 14336K, 7% used [0x00000000eab00000,0x00000000eabfd6c8,0x00000000eb900000)
  from space 1024K, 98% used [0x00000000eb980000,0x00000000eba7c030,0x00000000eba80000)
  to   space 3584K, 0% used [0x00000000ebc80000,0x00000000ebc80000,0x00000000ec000000)
 ParOldGen       total 68608K, used 47558K [0x00000000c0000000, 0x00000000c4300000, 0x00000000eab00000)
  object space 68608K, 69% used [0x00000000c0000000,0x00000000c2e719d0,0x00000000c4300000)
 Metaspace       used 50521K, committed 51456K, reserved 1114112K
  class space    used 5050K, committed 5440K, reserved 1048576K
GC Heap History (20 events):
Event: 40.759 GC heap before
{Heap before GC invocations=32 (full 2):
 PSYoungGen      total 18432K, used 16928K [0x00000000eab00000, 0x00000000ebe80000, 0x0000000100000000)
  eden space 16384K, 100% used [0x00000000eab00000,0x00000000ebb00000,0x00000000ebb00000)
  from space 2048K, 26% used [0x00000000ebb80000,0x00000000ebc08020,0x00000000ebd80000)
  to   space 1024K, 0% used [0x00000000ebd80000,0x00000000ebd80000,0x00000000ebe80000)
 ParOldGen       total 68608K, used 37377K [0x00000000c0000000, 0x00000000c4300000, 0x00000000eab00000)
  object space 68608K, 54% used [0x00000000c0000000,0x00000000c2480498,0x00000000c4300000)
 Metaspace       used 49384K, committed 50304K, reserved 1114112K
  class space    used 4949K, committed 5376K, reserved 1048576K
}
Event: 40.766 GC heap after
{Heap after GC invocations=32 (full 2):
 PSYoungGen      total 16896K, used 995K [0x00000000eab00000, 0x00000000ec100000, 0x0000000100000000)
  eden space 15872K, 0% used [0x00000000eab00000,0x00000000eab00000,0x00000000eba80000)
  from space 1024K, 97% used [0x00000000ebd80000,0x00000000ebe78e28,0x00000000ebe80000)
  to   space 3072K, 0% used [0x00000000eba80000,0x00000000eba80000,0x00000000ebd80000)
 ParOldGen       total 68608K, used 38862K [0x00000000c0000000, 0x00000000c4300000, 0x00000000eab00000)
  object space 68608K, 56% used [0x00000000c0000000,0x00000000c25f3978,0x00000000c4300000)
 Metaspace       used 49384K, committed 50304K, reserved 1114112K
  class space    used 4949K, committed 5376K, reserved 1048576K
}
Event: 41.238 GC heap before
{Heap before GC invocations=33 (full 2):
 PSYoungGen      total 16896K, used 16867K [0x00000000eab00000, 0x00000000ec100000, 0x0000000100000000)
  eden space 15872K, 100% used [0x00000000eab00000,0x00000000eba80000,0x00000000eba80000)
  from space 1024K, 97% used [0x00000000ebd80000,0x00000000ebe78e28,0x00000000ebe80000)
  to   space 3072K, 0% used [0x00000000eba80000,0x00000000eba80000,0x00000000ebd80000)
 ParOldGen       total 68608K, used 38862K [0x00000000c0000000, 0x00000000c4300000, 0x00000000eab00000)
  object space 68608K, 56% used [0x00000000c0000000,0x00000000c25f3978,0x00000000c4300000)
 Metaspace       used 49496K, committed 50432K, reserved 1114112K
  class space    used 4958K, committed 5376K, reserved 1048576K
}
Event: 41.250 GC heap after
{Heap after GC invocations=33 (full 2):
 PSYoungGen      total 16896K, used 896K [0x00000000eab00000, 0x00000000ebe00000, 0x0000000100000000)
  eden space 15872K, 0% used [0x00000000eab00000,0x00000000eab00000,0x00000000eba80000)
  from space 1024K, 87% used [0x00000000eba80000,0x00000000ebb60000,0x00000000ebb80000)
  to   space 1536K, 0% used [0x00000000ebc80000,0x00000000ebc80000,0x00000000ebe00000)
 ParOldGen       total 68608K, used 39798K [0x00000000c0000000, 0x00000000c4300000, 0x00000000eab00000)
  object space 68608K, 58% used [0x00000000c0000000,0x00000000c26dda20,0x00000000c4300000)
 Metaspace       used 49496K, committed 50432K, reserved 1114112K
  class space    used 4958K, committed 5376K, reserved 1048576K
}
Event: 41.501 GC heap before
{Heap before GC invocations=34 (full 2):
 PSYoungGen      total 16896K, used 16751K [0x00000000eab00000, 0x00000000ebe00000, 0x0000000100000000)
  eden space 15872K, 99% used [0x00000000eab00000,0x00000000eba7bf28,0x00000000eba80000)
  from space 1024K, 87% used [0x00000000eba80000,0x00000000ebb60000,0x00000000ebb80000)
  to   space 1536K, 0% used [0x00000000ebc80000,0x00000000ebc80000,0x00000000ebe00000)
 ParOldGen       total 68608K, used 39798K [0x00000000c0000000, 0x00000000c4300000, 0x00000000eab00000)
  object space 68608K, 58% used [0x00000000c0000000,0x00000000c26dda20,0x00000000c4300000)
 Metaspace       used 49559K, committed 50496K, reserved 1114112K
  class space    used 4962K, committed 5376K, reserved 1048576K
}
Event: 41.508 GC heap after
{Heap after GC invocations=34 (full 2):
 PSYoungGen      total 15872K, used 1517K [0x00000000eab00000, 0x00000000ec180000, 0x0000000100000000)
  eden space 14336K, 0% used [0x00000000eab00000,0x00000000eab00000,0x00000000eb900000)
  from space 1536K, 98% used [0x00000000ebc80000,0x00000000ebdfb520,0x00000000ebe00000)
  to   space 3584K, 0% used [0x00000000eb900000,0x00000000eb900000,0x00000000ebc80000)
 ParOldGen       total 68608K, used 41046K [0x00000000c0000000, 0x00000000c4300000, 0x00000000eab00000)
  object space 68608K, 59% used [0x00000000c0000000,0x00000000c2815a20,0x00000000c4300000)
 Metaspace       used 49559K, committed 50496K, reserved 1114112K
  class space    used 4962K, committed 5376K, reserved 1048576K
}
Event: 41.563 GC heap before
{Heap before GC invocations=35 (full 2):
 PSYoungGen      total 15872K, used 15853K [0x00000000eab00000, 0x00000000ec180000, 0x0000000100000000)
  eden space 14336K, 100% used [0x00000000eab00000,0x00000000eb900000,0x00000000eb900000)
  from space 1536K, 98% used [0x00000000ebc80000,0x00000000ebdfb520,0x00000000ebe00000)
  to   space 3584K, 0% used [0x00000000eb900000,0x00000000eb900000,0x00000000ebc80000)
 ParOldGen       total 68608K, used 41046K [0x00000000c0000000, 0x00000000c4300000, 0x00000000eab00000)
  object space 68608K, 59% used [0x00000000c0000000,0x00000000c2815a20,0x00000000c4300000)
 Metaspace       used 49625K, committed 50496K, reserved 1114112K
  class space    used 4969K, committed 5376K, reserved 1048576K
}
Event: 41.567 GC heap after
{Heap after GC invocations=35 (full 2):
 PSYoungGen      total 16384K, used 1747K [0x00000000eab00000, 0x00000000ebe00000, 0x0000000100000000)
  eden space 14336K, 0% used [0x00000000eab00000,0x00000000eab00000,0x00000000eb900000)
  from space 2048K, 85% used [0x00000000eb900000,0x00000000ebab4e20,0x00000000ebb00000)
  to   space 2560K, 0% used [0x00000000ebb80000,0x00000000ebb80000,0x00000000ebe00000)
 ParOldGen       total 68608K, used 42427K [0x00000000c0000000, 0x00000000c4300000, 0x00000000eab00000)
  object space 68608K, 61% used [0x00000000c0000000,0x00000000c296ef40,0x00000000c4300000)
 Metaspace       used 49625K, committed 50496K, reserved 1114112K
  class space    used 4969K, committed 5376K, reserved 1048576K
}
Event: 41.620 GC heap before
{Heap before GC invocations=36 (full 2):
 PSYoungGen      total 16384K, used 16083K [0x00000000eab00000, 0x00000000ebe00000, 0x0000000100000000)
  eden space 14336K, 100% used [0x00000000eab00000,0x00000000eb900000,0x00000000eb900000)
  from space 2048K, 85% used [0x00000000eb900000,0x00000000ebab4e20,0x00000000ebb00000)
  to   space 2560K, 0% used [0x00000000ebb80000,0x00000000ebb80000,0x00000000ebe00000)
 ParOldGen       total 68608K, used 42427K [0x00000000c0000000, 0x00000000c4300000, 0x00000000eab00000)
  object space 68608K, 61% used [0x00000000c0000000,0x00000000c296ef40,0x00000000c4300000)
 Metaspace       used 49772K, committed 50624K, reserved 1114112K
  class space    used 4981K, committed 5376K, reserved 1048576K
}
Event: 41.624 GC heap after
{Heap after GC invocations=36 (full 2):
 PSYoungGen      total 15360K, used 736K [0x00000000eab00000, 0x00000000ebc80000, 0x0000000100000000)
  eden space 14336K, 0% used [0x00000000eab00000,0x00000000eab00000,0x00000000eb900000)
  from space 1024K, 71% used [0x00000000ebb80000,0x00000000ebc38000,0x00000000ebc80000)
  to   space 1536K, 0% used [0x00000000eb980000,0x00000000eb980000,0x00000000ebb00000)
 ParOldGen       total 68608K, used 43920K [0x00000000c0000000, 0x00000000c4300000, 0x00000000eab00000)
  object space 68608K, 64% used [0x00000000c0000000,0x00000000c2ae41f0,0x00000000c4300000)
 Metaspace       used 49772K, committed 50624K, reserved 1114112K
  class space    used 4981K, committed 5376K, reserved 1048576K
}
Event: 41.662 GC heap before
{Heap before GC invocations=37 (full 2):
 PSYoungGen      total 15360K, used 15072K [0x00000000eab00000, 0x00000000ebc80000, 0x0000000100000000)
  eden space 14336K, 100% used [0x00000000eab00000,0x00000000eb900000,0x00000000eb900000)
  from space 1024K, 71% used [0x00000000ebb80000,0x00000000ebc38000,0x00000000ebc80000)
  to   space 1536K, 0% used [0x00000000eb980000,0x00000000eb980000,0x00000000ebb00000)
 ParOldGen       total 68608K, used 43920K [0x00000000c0000000, 0x00000000c4300000, 0x00000000eab00000)
  object space 68608K, 64% used [0x00000000c0000000,0x00000000c2ae41f0,0x00000000c4300000)
 Metaspace       used 49900K, committed 50752K, reserved 1114112K
  class space    used 4991K, committed 5376K, reserved 1048576K
}
Event: 41.664 GC heap after
{Heap after GC invocations=37 (full 2):
 PSYoungGen      total 15872K, used 512K [0x00000000eab00000, 0x00000000ebc00000, 0x0000000100000000)
  eden space 14336K, 0% used [0x00000000eab00000,0x00000000eab00000,0x00000000eb900000)
  from space 1536K, 33% used [0x00000000eb980000,0x00000000eba00020,0x00000000ebb00000)
  to   space 1024K, 0% used [0x00000000ebb00000,0x00000000ebb00000,0x00000000ebc00000)
 ParOldGen       total 68608K, used 44280K [0x00000000c0000000, 0x00000000c4300000, 0x00000000eab00000)
  object space 68608K, 64% used [0x00000000c0000000,0x00000000c2b3e1f0,0x00000000c4300000)
 Metaspace       used 49900K, committed 50752K, reserved 1114112K
  class space    used 4991K, committed 5376K, reserved 1048576K
}
Event: 41.753 GC heap before
{Heap before GC invocations=38 (full 2):
 PSYoungGen      total 15872K, used 14847K [0x00000000eab00000, 0x00000000ebc00000, 0x0000000100000000)
  eden space 14336K, 99% used [0x00000000eab00000,0x00000000eb8fffd0,0x00000000eb900000)
  from space 1536K, 33% used [0x00000000eb980000,0x00000000eba00020,0x00000000ebb00000)
  to   space 1024K, 0% used [0x00000000ebb00000,0x00000000ebb00000,0x00000000ebc00000)
 ParOldGen       total 68608K, used 44280K [0x00000000c0000000, 0x00000000c4300000, 0x00000000eab00000)
  object space 68608K, 64% used [0x00000000c0000000,0x00000000c2b3e1f0,0x00000000c4300000)
 Metaspace       used 49906K, committed 50752K, reserved 1114112K
  class space    used 4991K, committed 5376K, reserved 1048576K
}
Event: 41.757 GC heap after
{Heap after GC invocations=38 (full 2):
 PSYoungGen      total 15360K, used 640K [0x00000000eab00000, 0x00000000ebc00000, 0x0000000100000000)
  eden space 14336K, 0% used [0x00000000eab00000,0x00000000eab00000,0x00000000eb900000)
  from space 1024K, 62% used [0x00000000ebb00000,0x00000000ebba0000,0x00000000ebc00000)
  to   space 1024K, 0% used [0x00000000eba00000,0x00000000eba00000,0x00000000ebb00000)
 ParOldGen       total 68608K, used 44738K [0x00000000c0000000, 0x00000000c4300000, 0x00000000eab00000)
  object space 68608K, 65% used [0x00000000c0000000,0x00000000c2bb0b10,0x00000000c4300000)
 Metaspace       used 49906K, committed 50752K, reserved 1114112K
  class space    used 4991K, committed 5376K, reserved 1048576K
}
Event: 41.789 GC heap before
{Heap before GC invocations=39 (full 2):
 PSYoungGen      total 15360K, used 14975K [0x00000000eab00000, 0x00000000ebc00000, 0x0000000100000000)
  eden space 14336K, 99% used [0x00000000eab00000,0x00000000eb8ffff0,0x00000000eb900000)
  from space 1024K, 62% used [0x00000000ebb00000,0x00000000ebba0000,0x00000000ebc00000)
  to   space 1024K, 0% used [0x00000000eba00000,0x00000000eba00000,0x00000000ebb00000)
 ParOldGen       total 68608K, used 44738K [0x00000000c0000000, 0x00000000c4300000, 0x00000000eab00000)
  object space 68608K, 65% used [0x00000000c0000000,0x00000000c2bb0b10,0x00000000c4300000)
 Metaspace       used 49907K, committed 50752K, reserved 1114112K
  class space    used 4991K, committed 5376K, reserved 1048576K
}
Event: 41.791 GC heap after
{Heap after GC invocations=39 (full 2):
 PSYoungGen      total 15360K, used 640K [0x00000000eab00000, 0x00000000ebb80000, 0x0000000100000000)
  eden space 14336K, 0% used [0x00000000eab00000,0x00000000eab00000,0x00000000eb900000)
  from space 1024K, 62% used [0x00000000eba00000,0x00000000ebaa0000,0x00000000ebb00000)
  to   space 512K, 0% used [0x00000000ebb00000,0x00000000ebb00000,0x00000000ebb80000)
 ParOldGen       total 68608K, used 45254K [0x00000000c0000000, 0x00000000c4300000, 0x00000000eab00000)
  object space 68608K, 65% used [0x00000000c0000000,0x00000000c2c319d0,0x00000000c4300000)
 Metaspace       used 49907K, committed 50752K, reserved 1114112K
  class space    used 4991K, committed 5376K, reserved 1048576K
}
Event: 41.819 GC heap before
{Heap before GC invocations=40 (full 2):
 PSYoungGen      total 15360K, used 14976K [0x00000000eab00000, 0x00000000ebb80000, 0x0000000100000000)
  eden space 14336K, 100% used [0x00000000eab00000,0x00000000eb900000,0x00000000eb900000)
  from space 1024K, 62% used [0x00000000eba00000,0x00000000ebaa0000,0x00000000ebb00000)
  to   space 512K, 0% used [0x00000000ebb00000,0x00000000ebb00000,0x00000000ebb80000)
 ParOldGen       total 68608K, used 45254K [0x00000000c0000000, 0x00000000c4300000, 0x00000000eab00000)
  object space 68608K, 65% used [0x00000000c0000000,0x00000000c2c319d0,0x00000000c4300000)
 Metaspace       used 49908K, committed 50752K, reserved 1114112K
  class space    used 4991K, committed 5376K, reserved 1048576K
}
Event: 41.821 GC heap after
{Heap after GC invocations=40 (full 2):
 PSYoungGen      total 14848K, used 512K [0x00000000eab00000, 0x00000000ebb80000, 0x0000000100000000)
  eden space 14336K, 0% used [0x00000000eab00000,0x00000000eab00000,0x00000000eb900000)
  from space 512K, 100% used [0x00000000ebb00000,0x00000000ebb80000,0x00000000ebb80000)
  to   space 1024K, 0% used [0x00000000eb980000,0x00000000eb980000,0x00000000eba80000)
 ParOldGen       total 68608K, used 45782K [0x00000000c0000000, 0x00000000c4300000, 0x00000000eab00000)
  object space 68608K, 66% used [0x00000000c0000000,0x00000000c2cb59d0,0x00000000c4300000)
 Metaspace       used 49908K, committed 50752K, reserved 1114112K
  class space    used 4991K, committed 5376K, reserved 1048576K
}
Event: 42.990 GC heap before
{Heap before GC invocations=41 (full 2):
 PSYoungGen      total 14848K, used 14848K [0x00000000eab00000, 0x00000000ebb80000, 0x0000000100000000)
  eden space 14336K, 100% used [0x00000000eab00000,0x00000000eb900000,0x00000000eb900000)
  from space 512K, 100% used [0x00000000ebb00000,0x00000000ebb80000,0x00000000ebb80000)
  to   space 1024K, 0% used [0x00000000eb980000,0x00000000eb980000,0x00000000eba80000)
 ParOldGen       total 68608K, used 45782K [0x00000000c0000000, 0x00000000c4300000, 0x00000000eab00000)
  object space 68608K, 66% used [0x00000000c0000000,0x00000000c2cb59d0,0x00000000c4300000)
 Metaspace       used 50519K, committed 51392K, reserved 1114112K
  class space    used 5050K, committed 5440K, reserved 1048576K
}
Event: 42.993 GC heap after
{Heap after GC invocations=41 (full 2):
 PSYoungGen      total 15360K, used 1008K [0x00000000eab00000, 0x00000000ec000000, 0x0000000100000000)
  eden space 14336K, 0% used [0x00000000eab00000,0x00000000eab00000,0x00000000eb900000)
  from space 1024K, 98% used [0x00000000eb980000,0x00000000eba7c030,0x00000000eba80000)
  to   space 3584K, 0% used [0x00000000ebc80000,0x00000000ebc80000,0x00000000ec000000)
 ParOldGen       total 68608K, used 47558K [0x00000000c0000000, 0x00000000c4300000, 0x00000000eab00000)
  object space 68608K, 69% used [0x00000000c0000000,0x00000000c2e719d0,0x00000000c4300000)
 Metaspace       used 50519K, committed 51392K, reserved 1114112K
  class space    used 5050K, committed 5440K, reserved 1048576K
}

