# JRE version: OpenJDK Runtime Environment Temurin-17.0.11+9 (17.0.11+9) (build 17.0.11+9)
# Java VM: OpenJDK 64-Bit Server VM Temurin-17.0.11+9 (17.0.11+9, mixed mode, tiered, compressed oops, compressed class ptrs, parallel gc, windows-amd64)
GC Precious Log:
 CPUs: 4 total, 4 available
 Memory: 3879M
 Large Page Support: Disabled
 NUMA Support: Disabled
 Compressed Oops: Enabled (32-bit)
 Alignments: Space 512K, Generation 512K, Heap 2M
 Heap Min Capacity: 100M
 Heap Initial Capacity: 100M
 Heap Max Capacity: 1G
 Pre-touch: Disabled
 Parallel Workers: 4
Heap:
 PSYoungGen      total 5632K, used 1158K [0x00000000eab00000, 0x00000000eb280000, 0x0000000100000000)
  eden space 4608K, 3% used [0x00000000eab00000,0x00000000eab247f8,0x00000000eaf80000)
  from space 1024K, 98% used [0x00000000eb180000,0x00000000eb27d0a0,0x00000000eb280000)
  to   space 1024K, 0% used [0x00000000eaf80000,0x00000000eaf80000,0x00000000eb080000)
 ParOldGen       total 185856K, used 159696K [0x00000000c0000000, 0x00000000cb580000, 0x00000000eab00000)
  object space 185856K, 85% used [0x00000000c0000000,0x00000000c9bf4320,0x00000000cb580000)
 Metaspace       used 84138K, committed 85696K, reserved 1179648K
  class space    used 8712K, committed 9408K, reserved 1048576K
GC Heap History (20 events):
Event: 573.839 GC heap before
{Heap before GC invocations=719 (full 21):
 PSYoungGen      total 3072K, used 2681K [0x00000000eab00000, 0x00000000eb100000, 0x0000000100000000)
  eden space 1536K, 100% used [0x00000000eab00000,0x00000000eac80000,0x00000000eac80000)
  from space 1536K, 74% used [0x00000000eae00000,0x00000000eaf1e7a0,0x00000000eaf80000)
  to   space 1536K, 0% used [0x00000000eaf80000,0x00000000eaf80000,0x00000000eb100000)
 ParOldGen       total 185856K, used 154830K [0x00000000c0000000, 0x00000000cb580000, 0x00000000eab00000)
  object space 185856K, 83% used [0x00000000c0000000,0x00000000c9733ab8,0x00000000cb580000)
 Metaspace       used 84080K, committed 85632K, reserved 1179648K
  class space    used 8712K, committed 9408K, reserved 1048576K
}
Event: 573.841 GC heap after
{Heap after GC invocations=719 (full 21):
 PSYoungGen      total 3072K, used 890K [0x00000000eab00000, 0x00000000eb080000, 0x0000000100000000)
  eden space 2048K, 0% used [0x00000000eab00000,0x00000000eab00000,0x00000000ead00000)
  from space 1024K, 86% used [0x00000000eaf80000,0x00000000eb05e900,0x00000000eb080000)
  to   space 1024K, 0% used [0x00000000eae80000,0x00000000eae80000,0x00000000eaf80000)
 ParOldGen       total 185856K, used 155342K [0x00000000c0000000, 0x00000000cb580000, 0x00000000eab00000)
  object space 185856K, 83% used [0x00000000c0000000,0x00000000c97b3958,0x00000000cb580000)
 Metaspace       used 84080K, committed 85632K, reserved 1179648K
  class space    used 8712K, committed 9408K, reserved 1048576K
}
Event: 573.846 GC heap before
{Heap before GC invocations=720 (full 21):
 PSYoungGen      total 3072K, used 2938K [0x00000000eab00000, 0x00000000eb080000, 0x0000000100000000)
  eden space 2048K, 100% used [0x00000000eab00000,0x00000000ead00000,0x00000000ead00000)
  from space 1024K, 86% used [0x00000000eaf80000,0x00000000eb05e900,0x00000000eb080000)
  to   space 1024K, 0% used [0x00000000eae80000,0x00000000eae80000,0x00000000eaf80000)
 ParOldGen       total 185856K, used 155342K [0x00000000c0000000, 0x00000000cb580000, 0x00000000eab00000)
  object space 185856K, 83% used [0x00000000c0000000,0x00000000c97b3958,0x00000000cb580000)
 Metaspace       used 84080K, committed 85632K, reserved 1179648K
  class space    used 8712K, committed 9408K, reserved 1048576K
}
Event: 573.848 GC heap after
{Heap after GC invocations=720 (full 21):
 PSYoungGen      total 3584K, used 576K [0x00000000eab00000, 0x00000000eb000000, 0x0000000100000000)
  eden space 2560K, 0% used [0x00000000eab00000,0x00000000eab00000,0x00000000ead80000)
  from space 1024K, 56% used [0x00000000eae80000,0x00000000eaf10000,0x00000000eaf80000)
  to   space 512K, 0% used [0x00000000eaf80000,0x00000000eaf80000,0x00000000eb000000)
 ParOldGen       total 185856K, used 155794K [0x00000000c0000000, 0x00000000cb580000, 0x00000000eab00000)
  object space 185856K, 83% used [0x00000000c0000000,0x00000000c9824b58,0x00000000cb580000)
 Metaspace       used 84080K, committed 85632K, reserved 1179648K
  class space    used 8712K, committed 9408K, reserved 1048576K
}
Event: 573.873 GC heap before
{Heap before GC invocations=721 (full 21):
 PSYoungGen      total 3584K, used 3136K [0x00000000eab00000, 0x00000000eb000000, 0x0000000100000000)
  eden space 2560K, 100% used [0x00000000eab00000,0x00000000ead80000,0x00000000ead80000)
  from space 1024K, 56% used [0x00000000eae80000,0x00000000eaf10000,0x00000000eaf80000)
  to   space 512K, 0% used [0x00000000eaf80000,0x00000000eaf80000,0x00000000eb000000)
 ParOldGen       total 185856K, used 155794K [0x00000000c0000000, 0x00000000cb580000, 0x00000000eab00000)
  object space 185856K, 83% used [0x00000000c0000000,0x00000000c9824b58,0x00000000cb580000)
 Metaspace       used 84100K, committed 85632K, reserved 1179648K
  class space    used 8712K, committed 9408K, reserved 1048576K
}
Event: 573.875 GC heap after
{Heap after GC invocations=721 (full 21):
 PSYoungGen      total 3584K, used 448K [0x00000000eab00000, 0x00000000eb000000, 0x0000000100000000)
  eden space 3072K, 0% used [0x00000000eab00000,0x00000000eab00000,0x00000000eae00000)
  from space 512K, 87% used [0x00000000eaf80000,0x00000000eaff0000,0x00000000eb000000)
  to   space 1024K, 0% used [0x00000000eae00000,0x00000000eae00000,0x00000000eaf00000)
 ParOldGen       total 185856K, used 156178K [0x00000000c0000000, 0x00000000cb580000, 0x00000000eab00000)
  object space 185856K, 84% used [0x00000000c0000000,0x00000000c9884b58,0x00000000cb580000)
 Metaspace       used 84100K, committed 85632K, reserved 1179648K
  class space    used 8712K, committed 9408K, reserved 1048576K
}
Event: 573.882 GC heap before
{Heap before GC invocations=722 (full 21):
 PSYoungGen      total 3584K, used 3520K [0x00000000eab00000, 0x00000000eb000000, 0x0000000100000000)
  eden space 3072K, 100% used [0x00000000eab00000,0x00000000eae00000,0x00000000eae00000)
  from space 512K, 87% used [0x00000000eaf80000,0x00000000eaff0000,0x00000000eb000000)
  to   space 1024K, 0% used [0x00000000eae00000,0x00000000eae00000,0x00000000eaf00000)
 ParOldGen       total 185856K, used 156178K [0x00000000c0000000, 0x00000000cb580000, 0x00000000eab00000)
  object space 185856K, 84% used [0x00000000c0000000,0x00000000c9884b58,0x00000000cb580000)
 Metaspace       used 84100K, committed 85632K, reserved 1179648K
  class space    used 8712K, committed 9408K, reserved 1048576K
}
Event: 573.884 GC heap after
{Heap after GC invocations=722 (full 21):
 PSYoungGen      total 4096K, used 410K [0x00000000eab00000, 0x00000000eb000000, 0x0000000100000000)
  eden space 3072K, 0% used [0x00000000eab00000,0x00000000eab00000,0x00000000eae00000)
  from space 1024K, 40% used [0x00000000eae00000,0x00000000eae66900,0x00000000eaf00000)
  to   space 512K, 0% used [0x00000000eaf80000,0x00000000eaf80000,0x00000000eb000000)
 ParOldGen       total 185856K, used 156554K [0x00000000c0000000, 0x00000000cb580000, 0x00000000eab00000)
  object space 185856K, 84% used [0x00000000c0000000,0x00000000c98e2b58,0x00000000cb580000)
 Metaspace       used 84100K, committed 85632K, reserved 1179648K
  class space    used 8712K, committed 9408K, reserved 1048576K
}
Event: 573.897 GC heap before
{Heap before GC invocations=723 (full 21):
 PSYoungGen      total 4096K, used 3482K [0x00000000eab00000, 0x00000000eb000000, 0x0000000100000000)
  eden space 3072K, 100% used [0x00000000eab00000,0x00000000eae00000,0x00000000eae00000)
  from space 1024K, 40% used [0x00000000eae00000,0x00000000eae66900,0x00000000eaf00000)
  to   space 512K, 0% used [0x00000000eaf80000,0x00000000eaf80000,0x00000000eb000000)
 ParOldGen       total 185856K, used 156554K [0x00000000c0000000, 0x00000000cb580000, 0x00000000eab00000)
  object space 185856K, 84% used [0x00000000c0000000,0x00000000c98e2b58,0x00000000cb580000)
 Metaspace       used 84100K, committed 85632K, reserved 1179648K
  class space    used 8712K, committed 9408K, reserved 1048576K
}
Event: 573.900 GC heap after
{Heap after GC invocations=723 (full 21):
 PSYoungGen      total 4608K, used 426K [0x00000000eab00000, 0x00000000eb000000, 0x0000000100000000)
  eden space 4096K, 0% used [0x00000000eab00000,0x00000000eab00000,0x00000000eaf00000)
  from space 512K, 83% used [0x00000000eaf80000,0x00000000eafea910,0x00000000eb000000)
  to   space 512K, 0% used [0x00000000eaf00000,0x00000000eaf00000,0x00000000eaf80000)
 ParOldGen       total 185856K, used 156766K [0x00000000c0000000, 0x00000000cb580000, 0x00000000eab00000)
  object space 185856K, 84% used [0x00000000c0000000,0x00000000c9917b68,0x00000000cb580000)
 Metaspace       used 84100K, committed 85632K, reserved 1179648K
  class space    used 8712K, committed 9408K, reserved 1048576K
}
Event: 573.922 GC heap before
{Heap before GC invocations=724 (full 21):
 PSYoungGen      total 4608K, used 4522K [0x00000000eab00000, 0x00000000eb000000, 0x0000000100000000)
  eden space 4096K, 100% used [0x00000000eab00000,0x00000000eaf00000,0x00000000eaf00000)
  from space 512K, 83% used [0x00000000eaf80000,0x00000000eafea910,0x00000000eb000000)
  to   space 512K, 0% used [0x00000000eaf00000,0x00000000eaf00000,0x00000000eaf80000)
 ParOldGen       total 185856K, used 156766K [0x00000000c0000000, 0x00000000cb580000, 0x00000000eab00000)
  object space 185856K, 84% used [0x00000000c0000000,0x00000000c9917b68,0x00000000cb580000)
 Metaspace       used 84104K, committed 85632K, reserved 1179648K
  class space    used 8712K, committed 9408K, reserved 1048576K
}
Event: 573.924 GC heap after
{Heap after GC invocations=724 (full 21):
 PSYoungGen      total 4608K, used 352K [0x00000000eab00000, 0x00000000eb100000, 0x0000000100000000)
  eden space 4096K, 0% used [0x00000000eab00000,0x00000000eab00000,0x00000000eaf00000)
  from space 512K, 68% used [0x00000000eaf00000,0x00000000eaf58000,0x00000000eaf80000)
  to   space 512K, 0% used [0x00000000eb080000,0x00000000eb080000,0x00000000eb100000)
 ParOldGen       total 185856K, used 157099K [0x00000000c0000000, 0x00000000cb580000, 0x00000000eab00000)
  object space 185856K, 84% used [0x00000000c0000000,0x00000000c996ad88,0x00000000cb580000)
 Metaspace       used 84104K, committed 85632K, reserved 1179648K
  class space    used 8712K, committed 9408K, reserved 1048576K
}
Event: 576.275 GC heap before
{Heap before GC invocations=725 (full 21):
 PSYoungGen      total 4608K, used 4447K [0x00000000eab00000, 0x00000000eb100000, 0x0000000100000000)
  eden space 4096K, 99% used [0x00000000eab00000,0x00000000eaeffff0,0x00000000eaf00000)
  from space 512K, 68% used [0x00000000eaf00000,0x00000000eaf58000,0x00000000eaf80000)
  to   space 512K, 0% used [0x00000000eb080000,0x00000000eb080000,0x00000000eb100000)
 ParOldGen       total 185856K, used 157099K [0x00000000c0000000, 0x00000000cb580000, 0x00000000eab00000)
  object space 185856K, 84% used [0x00000000c0000000,0x00000000c996ad88,0x00000000cb580000)
 Metaspace       used 84109K, committed 85632K, reserved 1179648K
  class space    used 8712K, committed 9408K, reserved 1048576K
}
Event: 576.283 GC heap after
{Heap after GC invocations=725 (full 21):
 PSYoungGen      total 4608K, used 510K [0x00000000eab00000, 0x00000000eb280000, 0x0000000100000000)
  eden space 4096K, 0% used [0x00000000eab00000,0x00000000eab00000,0x00000000eaf00000)
  from space 512K, 99% used [0x00000000eb080000,0x00000000eb0ffb50,0x00000000eb100000)
  to   space 1536K, 0% used [0x00000000eaf00000,0x00000000eaf00000,0x00000000eb080000)
 ParOldGen       total 185856K, used 157549K [0x00000000c0000000, 0x00000000cb580000, 0x00000000eab00000)
  object space 185856K, 84% used [0x00000000c0000000,0x00000000c99db688,0x00000000cb580000)
 Metaspace       used 84109K, committed 85632K, reserved 1179648K
  class space    used 8712K, committed 9408K, reserved 1048576K
}
Event: 576.328 GC heap before
{Heap before GC invocations=726 (full 21):
 PSYoungGen      total 4608K, used 4606K [0x00000000eab00000, 0x00000000eb280000, 0x0000000100000000)
  eden space 4096K, 100% used [0x00000000eab00000,0x00000000eaf00000,0x00000000eaf00000)
  from space 512K, 99% used [0x00000000eb080000,0x00000000eb0ffb50,0x00000000eb100000)
  to   space 1536K, 0% used [0x00000000eaf00000,0x00000000eaf00000,0x00000000eb080000)
 ParOldGen       total 185856K, used 157549K [0x00000000c0000000, 0x00000000cb580000, 0x00000000eab00000)
  object space 185856K, 84% used [0x00000000c0000000,0x00000000c99db688,0x00000000cb580000)
 Metaspace       used 84109K, committed 85632K, reserved 1179648K
  class space    used 8712K, committed 9408K, reserved 1048576K
}
Event: 576.332 GC heap after
{Heap after GC invocations=726 (full 21):
 PSYoungGen      total 5632K, used 480K [0x00000000eab00000, 0x00000000eb180000, 0x0000000100000000)
  eden space 4096K, 0% used [0x00000000eab00000,0x00000000eab00000,0x00000000eaf00000)
  from space 1536K, 31% used [0x00000000eaf00000,0x00000000eaf78000,0x00000000eb080000)
  to   space 1024K, 0% used [0x00000000eb080000,0x00000000eb080000,0x00000000eb180000)
 ParOldGen       total 185856K, used 158057K [0x00000000c0000000, 0x00000000cb580000, 0x00000000eab00000)
  object space 185856K, 85% used [0x00000000c0000000,0x00000000c9a5a480,0x00000000cb580000)
 Metaspace       used 84109K, committed 85632K, reserved 1179648K
  class space    used 8712K, committed 9408K, reserved 1048576K
}
Event: 576.334 GC heap before
{Heap before GC invocations=727 (full 21):
 PSYoungGen      total 5632K, used 4576K [0x00000000eab00000, 0x00000000eb180000, 0x0000000100000000)
  eden space 4096K, 100% used [0x00000000eab00000,0x00000000eaf00000,0x00000000eaf00000)
  from space 1536K, 31% used [0x00000000eaf00000,0x00000000eaf78000,0x00000000eb080000)
  to   space 1024K, 0% used [0x00000000eb080000,0x00000000eb080000,0x00000000eb180000)
 ParOldGen       total 185856K, used 158057K [0x00000000c0000000, 0x00000000cb580000, 0x00000000eab00000)
  object space 185856K, 85% used [0x00000000c0000000,0x00000000c9a5a480,0x00000000cb580000)
 Metaspace       used 84109K, committed 85632K, reserved 1179648K
  class space    used 8712K, committed 9408K, reserved 1048576K
}
Event: 576.336 GC heap after
{Heap after GC invocations=727 (full 21):
 PSYoungGen      total 5632K, used 544K [0x00000000eab00000, 0x00000000eb200000, 0x0000000100000000)
  eden space 4608K, 0% used [0x00000000eab00000,0x00000000eab00000,0x00000000eaf80000)
  from space 1024K, 53% used [0x00000000eb080000,0x00000000eb108000,0x00000000eb180000)
  to   space 1024K, 0% used [0x00000000eaf80000,0x00000000eaf80000,0x00000000eb080000)
 ParOldGen       total 185856K, used 158057K [0x00000000c0000000, 0x00000000cb580000, 0x00000000eab00000)
  object space 185856K, 85% used [0x00000000c0000000,0x00000000c9a5a480,0x00000000cb580000)
 Metaspace       used 84109K, committed 85632K, reserved 1179648K
  class space    used 8712K, committed 9408K, reserved 1048576K
}
Event: 576.378 GC heap before
{Heap before GC invocations=728 (full 21):
 PSYoungGen      total 5632K, used 5152K [0x00000000eab00000, 0x00000000eb200000, 0x0000000100000000)
  eden space 4608K, 100% used [0x00000000eab00000,0x00000000eaf80000,0x00000000eaf80000)
  from space 1024K, 53% used [0x00000000eb080000,0x00000000eb108000,0x00000000eb180000)
  to   space 1024K, 0% used [0x00000000eaf80000,0x00000000eaf80000,0x00000000eb080000)
 ParOldGen       total 185856K, used 158057K [0x00000000c0000000, 0x00000000cb580000, 0x00000000eab00000)
  object space 185856K, 85% used [0x00000000c0000000,0x00000000c9a5a480,0x00000000cb580000)
 Metaspace       used 84118K, committed 85696K, reserved 1179648K
  class space    used 8712K, committed 9408K, reserved 1048576K
}
Event: 576.383 GC heap after
{Heap after GC invocations=728 (full 21):
 PSYoungGen      total 5632K, used 672K [0x00000000eab00000, 0x00000000eb280000, 0x0000000100000000)
  eden space 4608K, 0% used [0x00000000eab00000,0x00000000eab00000,0x00000000eaf80000)
  from space 1024K, 65% used [0x00000000eaf80000,0x00000000eb028000,0x00000000eb080000)
  to   space 1024K, 0% used [0x00000000eb180000,0x00000000eb180000,0x00000000eb280000)
 ParOldGen       total 185856K, used 158553K [0x00000000c0000000, 0x00000000cb580000, 0x00000000eab00000)
  object space 185856K, 85% used [0x00000000c0000000,0x00000000c9ad6480,0x00000000cb580000)
 Metaspace       used 84118K, committed 85696K, reserved 1179648K
  class space    used 8712K, committed 9408K, reserved 1048576K
}

