# JRE version: OpenJDK Runtime Environment Temurin-17.0.11+9 (17.0.11+9) (build 17.0.11+9)
# Java VM: OpenJDK 64-Bit Server VM Temurin-17.0.11+9 (17.0.11+9, mixed mode, emulated-client, tiered, compressed oops, compressed class ptrs, g1 gc, windows-amd64)
GC Precious Log:
 CPUs: 4 total, 4 available
 Memory: 3879M
 Large Page Support: Disabled
 NUMA Support: Disabled
 Compressed Oops: Enabled (32-bit)
 Heap Region Size: 1M
 Heap Min Capacity: 8M
 Heap Initial Capacity: 62M
 Heap Max Capacity: 1G
 Pre-touch: Disabled
 Parallel Workers: 4
 Concurrent Workers: 1
 Concurrent Refinement Workers: 4
 Periodic GC: Disabled
Heap:
 garbage-first heap   total 76800K, used 35251K [0x00000000c0000000, 0x0000000100000000)
  region size 1024K, 1 young (1024K), 0 survivors (0K)
 Metaspace       used 60686K, committed 61376K, reserved 1114112K
  class space    used 7351K, committed 7616K, reserved 1048576K
GC Heap History (20 events):
Event: 26.412 GC heap before
{Heap before GC invocations=24 (full 0):
 garbage-first heap   total 71680K, used 57536K [0x00000000c0000000, 0x0000000100000000)
  region size 1024K, 18 young (18432K), 1 survivors (1024K)
 Metaspace       used 53448K, committed 53952K, reserved 1114112K
  class space    used 6496K, committed 6720K, reserved 1048576K
}
Event: 26.414 GC heap after
{Heap after GC invocations=25 (full 0):
 garbage-first heap   total 71680K, used 41569K [0x00000000c0000000, 0x0000000100000000)
  region size 1024K, 3 young (3072K), 3 survivors (3072K)
 Metaspace       used 53448K, committed 53952K, reserved 1114112K
  class space    used 6496K, committed 6720K, reserved 1048576K
}
Event: 26.692 GC heap before
{Heap before GC invocations=26 (full 0):
 garbage-first heap   total 76800K, used 55905K [0x00000000c0000000, 0x0000000100000000)
  region size 1024K, 18 young (18432K), 3 survivors (3072K)
 Metaspace       used 57381K, committed 57856K, reserved 1114112K
  class space    used 6932K, committed 7168K, reserved 1048576K
}
Event: 26.697 GC heap after
{Heap after GC invocations=27 (full 0):
 garbage-first heap   total 76800K, used 43017K [0x00000000c0000000, 0x0000000100000000)
  region size 1024K, 3 young (3072K), 3 survivors (3072K)
 Metaspace       used 57381K, committed 57856K, reserved 1114112K
  class space    used 6932K, committed 7168K, reserved 1048576K
}
Event: 64.501 GC heap before
{Heap before GC invocations=27 (full 0):
 garbage-first heap   total 76800K, used 58377K [0x00000000c0000000, 0x0000000100000000)
  region size 1024K, 20 young (20480K), 3 survivors (3072K)
 Metaspace       used 60935K, committed 61376K, reserved 1114112K
  class space    used 7408K, committed 7616K, reserved 1048576K
}
Event: 64.849 GC heap after
{Heap after GC invocations=28 (full 1):
 garbage-first heap   total 76800K, used 40230K [0x00000000c0000000, 0x0000000100000000)
  region size 1024K, 0 young (0K), 0 survivors (0K)
 Metaspace       used 60933K, committed 61376K, reserved 1114112K
  class space    used 7407K, committed 7616K, reserved 1048576K
}
Event: 75.668 GC heap before
{Heap before GC invocations=28 (full 1):
 garbage-first heap   total 76800K, used 40230K [0x00000000c0000000, 0x0000000100000000)
  region size 1024K, 1 young (1024K), 0 survivors (0K)
 Metaspace       used 60933K, committed 61376K, reserved 1114112K
  class space    used 7407K, committed 7616K, reserved 1048576K
}
Event: 76.156 GC heap after
{Heap after GC invocations=29 (full 2):
 garbage-first heap   total 76800K, used 35251K [0x00000000c0000000, 0x0000000100000000)
  region size 1024K, 0 young (0K), 0 survivors (0K)
 Metaspace       used 60686K, committed 61376K, reserved 1114112K
  class space    used 7351K, committed 7616K, reserved 1048576K
}
Event: 86.490 GC heap before
{Heap before GC invocations=29 (full 2):
 garbage-first heap   total 76800K, used 35251K [0x00000000c0000000, 0x0000000100000000)
  region size 1024K, 1 young (1024K), 0 survivors (0K)
 Metaspace       used 60686K, committed 61376K, reserved 1114112K
  class space    used 7351K, committed 7616K, reserved 1048576K
}
Event: 86.623 GC heap after
{Heap after GC invocations=30 (full 3):
 garbage-first heap   total 76800K, used 35251K [0x00000000c0000000, 0x0000000100000000)
  region size 1024K, 0 young (0K), 0 survivors (0K)
 Metaspace       used 60686K, committed 61376K, reserved 1114112K
  class space    used 7351K, committed 7616K, reserved 1048576K
}
Event: 96.845 GC heap before
{Heap before GC invocations=30 (full 3):
 garbage-first heap   total 76800K, used 35251K [0x00000000c0000000, 0x0000000100000000)
  region size 1024K, 1 young (1024K), 0 survivors (0K)
 Metaspace       used 60686K, committed 61376K, reserved 1114112K
  class space    used 7351K, committed 7616K, reserved 1048576K
}
Event: 96.891 GC heap after
{Heap after GC invocations=31 (full 4):
 garbage-first heap   total 76800K, used 35251K [0x00000000c0000000, 0x0000000100000000)
  region size 1024K, 0 young (0K), 0 survivors (0K)
 Metaspace       used 60686K, committed 61376K, reserved 1114112K
  class space    used 7351K, committed 7616K, reserved 1048576K
}
Event: 107.464 GC heap before
{Heap before GC invocations=31 (full 4):
 garbage-first heap   total 76800K, used 35251K [0x00000000c0000000, 0x0000000100000000)
  region size 1024K, 1 young (1024K), 0 survivors (0K)
 Metaspace       used 60686K, committed 61376K, reserved 1114112K
  class space    used 7351K, committed 7616K, reserved 1048576K
}
Event: 107.708 GC heap after
{Heap after GC invocations=32 (full 5):
 garbage-first heap   total 76800K, used 35251K [0x00000000c0000000, 0x0000000100000000)
  region size 1024K, 0 young (0K), 0 survivors (0K)
 Metaspace       used 60686K, committed 61376K, reserved 1114112K
  class space    used 7351K, committed 7616K, reserved 1048576K
}
Event: 118.155 GC heap before
{Heap before GC invocations=32 (full 5):
 garbage-first heap   total 76800K, used 35251K [0x00000000c0000000, 0x0000000100000000)
  region size 1024K, 1 young (1024K), 0 survivors (0K)
 Metaspace       used 60686K, committed 61376K, reserved 1114112K
  class space    used 7351K, committed 7616K, reserved 1048576K
}
Event: 118.311 GC heap after
{Heap after GC invocations=33 (full 6):
 garbage-first heap   total 76800K, used 35251K [0x00000000c0000000, 0x0000000100000000)
  region size 1024K, 0 young (0K), 0 survivors (0K)
 Metaspace       used 60686K, committed 61376K, reserved 1114112K
  class space    used 7351K, committed 7616K, reserved 1048576K
}
Event: 128.744 GC heap before
{Heap before GC invocations=33 (full 6):
 garbage-first heap   total 76800K, used 35251K [0x00000000c0000000, 0x0000000100000000)
  region size 1024K, 1 young (1024K), 0 survivors (0K)
 Metaspace       used 60686K, committed 61376K, reserved 1114112K
  class space    used 7351K, committed 7616K, reserved 1048576K
}
Event: 128.911 GC heap after
{Heap after GC invocations=34 (full 7):
 garbage-first heap   total 76800K, used 35251K [0x00000000c0000000, 0x0000000100000000)
  region size 1024K, 0 young (0K), 0 survivors (0K)
 Metaspace       used 60686K, committed 61376K, reserved 1114112K
  class space    used 7351K, committed 7616K, reserved 1048576K
}
Event: 139.286 GC heap before
{Heap before GC invocations=34 (full 7):
 garbage-first heap   total 76800K, used 35251K [0x00000000c0000000, 0x0000000100000000)
  region size 1024K, 1 young (1024K), 0 survivors (0K)
 Metaspace       used 60686K, committed 61376K, reserved 1114112K
  class space    used 7351K, committed 7616K, reserved 1048576K
}
Event: 139.411 GC heap after
{Heap after GC invocations=35 (full 8):
 garbage-first heap   total 76800K, used 35251K [0x00000000c0000000, 0x0000000100000000)
  region size 1024K, 0 young (0K), 0 survivors (0K)
 Metaspace       used 60686K, committed 61376K, reserved 1114112K
  class space    used 7351K, committed 7616K, reserved 1048576K
}

