# JRE version: OpenJDK Runtime Environment Temurin-17.0.11+9 (17.0.11+9) (build 17.0.11+9)
# Java VM: OpenJDK 64-Bit Server VM Temurin-17.0.11+9 (17.0.11+9, mixed mode, tiered, compressed oops, compressed class ptrs, parallel gc, windows-amd64)
GC Precious Log:
 CPUs: 4 total, 4 available
 Memory: 3879M
 Large Page Support: Disabled
 NUMA Support: Disabled
 Compressed Oops: Enabled (32-bit)
 Alignments: Space 512K, Generation 512K, Heap 2M
 Heap Min Capacity: 100M
 Heap Initial Capacity: 100M
 Heap Max Capacity: 1G
 Pre-touch: Disabled
 Parallel Workers: 4
Heap:
 PSYoungGen      total 15872K, used 11111K [0x00000000eab00000, 0x00000000ec080000, 0x0000000100000000)
  eden space 13312K, 64% used [0x00000000eab00000,0x00000000eb3721c8,0x00000000eb800000)
  from space 2560K, 96% used [0x00000000ebe00000,0x00000000ec067b10,0x00000000ec080000)
  to   space 2560K, 0% used [0x00000000ebb80000,0x00000000ebb80000,0x00000000ebe00000)
 ParOldGen       total 224256K, used 174775K [0x00000000c0000000, 0x00000000cdb00000, 0x00000000eab00000)
  object space 224256K, 77% used [0x00000000c0000000,0x00000000caaade50,0x00000000cdb00000)
 Metaspace       used 92224K, committed 93632K, reserved 1179648K
  class space    used 9356K, committed 9984K, reserved 1048576K
GC Heap History (20 events):
Event: 14794.510 GC heap before
{Heap before GC invocations=1490 (full 54):
 PSYoungGen      total 15872K, used 15864K [0x00000000eab00000, 0x00000000ec580000, 0x0000000100000000)
  eden space 13312K, 100% used [0x00000000eab00000,0x00000000eb800000,0x00000000eb800000)
  from space 2560K, 99% used [0x00000000ec300000,0x00000000ec57e100,0x00000000ec580000)
  to   space 5632K, 0% used [0x00000000eba80000,0x00000000eba80000,0x00000000ec000000)
 ParOldGen       total 224256K, used 186193K [0x00000000c0000000, 0x00000000cdb00000, 0x00000000eab00000)
  object space 224256K, 83% used [0x00000000c0000000,0x00000000cb5d4650,0x00000000cdb00000)
 Metaspace       used 92199K, committed 93632K, reserved 1179648K
  class space    used 9356K, committed 9984K, reserved 1048576K
}
Event: 14794.514 GC heap after
{Heap after GC invocations=1490 (full 54):
 PSYoungGen      total 18944K, used 1129K [0x00000000eab00000, 0x00000000ec380000, 0x0000000100000000)
  eden space 13312K, 0% used [0x00000000eab00000,0x00000000eab00000,0x00000000eb800000)
  from space 5632K, 20% used [0x00000000eba80000,0x00000000ebb9a420,0x00000000ec000000)
  to   space 2560K, 0% used [0x00000000ec100000,0x00000000ec100000,0x00000000ec380000)
 ParOldGen       total 224256K, used 186225K [0x00000000c0000000, 0x00000000cdb00000, 0x00000000eab00000)
  object space 224256K, 83% used [0x00000000c0000000,0x00000000cb5dc650,0x00000000cdb00000)
 Metaspace       used 92199K, committed 93632K, reserved 1179648K
  class space    used 9356K, committed 9984K, reserved 1048576K
}
Event: 14796.534 GC heap before
{Heap before GC invocations=1491 (full 54):
 PSYoungGen      total 18944K, used 14441K [0x00000000eab00000, 0x00000000ec380000, 0x0000000100000000)
  eden space 13312K, 100% used [0x00000000eab00000,0x00000000eb800000,0x00000000eb800000)
  from space 5632K, 20% used [0x00000000eba80000,0x00000000ebb9a420,0x00000000ec000000)
  to   space 2560K, 0% used [0x00000000ec100000,0x00000000ec100000,0x00000000ec380000)
 ParOldGen       total 224256K, used 186225K [0x00000000c0000000, 0x00000000cdb00000, 0x00000000eab00000)
  object space 224256K, 83% used [0x00000000c0000000,0x00000000cb5dc650,0x00000000cdb00000)
 Metaspace       used 92208K, committed 93632K, reserved 1179648K
  class space    used 9356K, committed 9984K, reserved 1048576K
}
Event: 14796.540 GC heap after
{Heap after GC invocations=1491 (full 54):
 PSYoungGen      total 14336K, used 884K [0x00000000eab00000, 0x00000000ec200000, 0x0000000100000000)
  eden space 13312K, 0% used [0x00000000eab00000,0x00000000eab00000,0x00000000eb800000)
  from space 1024K, 86% used [0x00000000ec100000,0x00000000ec1dd220,0x00000000ec200000)
  to   space 1536K, 0% used [0x00000000ebf00000,0x00000000ebf00000,0x00000000ec080000)
 ParOldGen       total 224256K, used 186233K [0x00000000c0000000, 0x00000000cdb00000, 0x00000000eab00000)
  object space 224256K, 83% used [0x00000000c0000000,0x00000000cb5de650,0x00000000cdb00000)
 Metaspace       used 92208K, committed 93632K, reserved 1179648K
  class space    used 9356K, committed 9984K, reserved 1048576K
}
Event: 14797.446 GC heap before
{Heap before GC invocations=1492 (full 54):
 PSYoungGen      total 14336K, used 14049K [0x00000000eab00000, 0x00000000ec200000, 0x0000000100000000)
  eden space 13312K, 98% used [0x00000000eab00000,0x00000000eb7db3b8,0x00000000eb800000)
  from space 1024K, 86% used [0x00000000ec100000,0x00000000ec1dd220,0x00000000ec200000)
  to   space 1536K, 0% used [0x00000000ebf00000,0x00000000ebf00000,0x00000000ec080000)
 ParOldGen       total 224256K, used 186233K [0x00000000c0000000, 0x00000000cdb00000, 0x00000000eab00000)
  object space 224256K, 83% used [0x00000000c0000000,0x00000000cb5de650,0x00000000cdb00000)
 Metaspace       used 92210K, committed 93632K, reserved 1179648K
  class space    used 9356K, committed 9984K, reserved 1048576K
}
Event: 14797.452 GC heap after
{Heap after GC invocations=1492 (full 54):
 PSYoungGen      total 14848K, used 1341K [0x00000000eab00000, 0x00000000ec180000, 0x0000000100000000)
  eden space 13312K, 0% used [0x00000000eab00000,0x00000000eab00000,0x00000000eb800000)
  from space 1536K, 87% used [0x00000000ebf00000,0x00000000ec04f640,0x00000000ec080000)
  to   space 1024K, 0% used [0x00000000ec080000,0x00000000ec080000,0x00000000ec180000)
 ParOldGen       total 224256K, used 186233K [0x00000000c0000000, 0x00000000cdb00000, 0x00000000eab00000)
  object space 224256K, 83% used [0x00000000c0000000,0x00000000cb5de650,0x00000000cdb00000)
 Metaspace       used 92210K, committed 93632K, reserved 1179648K
  class space    used 9356K, committed 9984K, reserved 1048576K
}
Event: 14797.759 GC heap before
{Heap before GC invocations=1493 (full 54):
 PSYoungGen      total 14848K, used 14653K [0x00000000eab00000, 0x00000000ec180000, 0x0000000100000000)
  eden space 13312K, 100% used [0x00000000eab00000,0x00000000eb800000,0x00000000eb800000)
  from space 1536K, 87% used [0x00000000ebf00000,0x00000000ec04f640,0x00000000ec080000)
  to   space 1024K, 0% used [0x00000000ec080000,0x00000000ec080000,0x00000000ec180000)
 ParOldGen       total 224256K, used 186233K [0x00000000c0000000, 0x00000000cdb00000, 0x00000000eab00000)
  object space 224256K, 83% used [0x00000000c0000000,0x00000000cb5de650,0x00000000cdb00000)
 Metaspace       used 92212K, committed 93632K, reserved 1179648K
  class space    used 9356K, committed 9984K, reserved 1048576K
}
Event: 14797.843 GC heap after
{Heap after GC invocations=1493 (full 54):
 PSYoungGen      total 14336K, used 1013K [0x00000000eab00000, 0x00000000ec180000, 0x0000000100000000)
  eden space 13312K, 0% used [0x00000000eab00000,0x00000000eab00000,0x00000000eb800000)
  from space 1024K, 98% used [0x00000000ec080000,0x00000000ec17d6f8,0x00000000ec180000)
  to   space 1536K, 0% used [0x00000000ebf00000,0x00000000ebf00000,0x00000000ec080000)
 ParOldGen       total 224256K, used 198419K [0x00000000c0000000, 0x00000000cdb00000, 0x00000000eab00000)
  object space 224256K, 88% used [0x00000000c0000000,0x00000000cc1c4c78,0x00000000cdb00000)
 Metaspace       used 92212K, committed 93632K, reserved 1179648K
  class space    used 9356K, committed 9984K, reserved 1048576K
}
Event: 14798.224 GC heap before
{Heap before GC invocations=1494 (full 54):
 PSYoungGen      total 14336K, used 14325K [0x00000000eab00000, 0x00000000ec180000, 0x0000000100000000)
  eden space 13312K, 100% used [0x00000000eab00000,0x00000000eb800000,0x00000000eb800000)
  from space 1024K, 98% used [0x00000000ec080000,0x00000000ec17d6f8,0x00000000ec180000)
  to   space 1536K, 0% used [0x00000000ebf00000,0x00000000ebf00000,0x00000000ec080000)
 ParOldGen       total 224256K, used 198419K [0x00000000c0000000, 0x00000000cdb00000, 0x00000000eab00000)
  object space 224256K, 88% used [0x00000000c0000000,0x00000000cc1c4c78,0x00000000cdb00000)
 Metaspace       used 92214K, committed 93632K, reserved 1179648K
  class space    used 9356K, committed 9984K, reserved 1048576K
}
Event: 14798.238 GC heap after
{Heap after GC invocations=1494 (full 54):
 PSYoungGen      total 14848K, used 1515K [0x00000000eab00000, 0x00000000ec180000, 0x0000000100000000)
  eden space 13312K, 0% used [0x00000000eab00000,0x00000000eab00000,0x00000000eb800000)
  from space 1536K, 98% used [0x00000000ebf00000,0x00000000ec07ade8,0x00000000ec080000)
  to   space 1024K, 0% used [0x00000000ec080000,0x00000000ec080000,0x00000000ec180000)
 ParOldGen       total 224256K, used 205659K [0x00000000c0000000, 0x00000000cdb00000, 0x00000000eab00000)
  object space 224256K, 91% used [0x00000000c0000000,0x00000000cc8d6c78,0x00000000cdb00000)
 Metaspace       used 92214K, committed 93632K, reserved 1179648K
  class space    used 9356K, committed 9984K, reserved 1048576K
}
Event: 14798.530 GC heap before
{Heap before GC invocations=1495 (full 54):
 PSYoungGen      total 14848K, used 8349K [0x00000000eab00000, 0x00000000ec180000, 0x0000000100000000)
  eden space 13312K, 51% used [0x00000000eab00000,0x00000000eb1ac918,0x00000000eb800000)
  from space 1536K, 98% used [0x00000000ebf00000,0x00000000ec07ade8,0x00000000ec080000)
  to   space 1024K, 0% used [0x00000000ec080000,0x00000000ec080000,0x00000000ec180000)
 ParOldGen       total 224256K, used 213339K [0x00000000c0000000, 0x00000000cdb00000, 0x00000000eab00000)
  object space 224256K, 95% used [0x00000000c0000000,0x00000000cd056c88,0x00000000cdb00000)
 Metaspace       used 92219K, committed 93632K, reserved 1179648K
  class space    used 9356K, committed 9984K, reserved 1048576K
}
Event: 14798.543 GC heap after
{Heap after GC invocations=1495 (full 54):
 PSYoungGen      total 14336K, used 1009K [0x00000000eab00000, 0x00000000ec180000, 0x0000000100000000)
  eden space 13312K, 0% used [0x00000000eab00000,0x00000000eab00000,0x00000000eb800000)
  from space 1024K, 98% used [0x00000000ec080000,0x00000000ec17c4c8,0x00000000ec180000)
  to   space 1536K, 0% used [0x00000000ebf00000,0x00000000ebf00000,0x00000000ec080000)
 ParOldGen       total 224256K, used 218287K [0x00000000c0000000, 0x00000000cdb00000, 0x00000000eab00000)
  object space 224256K, 97% used [0x00000000c0000000,0x00000000cd52bf08,0x00000000cdb00000)
 Metaspace       used 92219K, committed 93632K, reserved 1179648K
  class space    used 9356K, committed 9984K, reserved 1048576K
}
Event: 14798.544 GC heap before
{Heap before GC invocations=1496 (full 55):
 PSYoungGen      total 14336K, used 1009K [0x00000000eab00000, 0x00000000ec180000, 0x0000000100000000)
  eden space 13312K, 0% used [0x00000000eab00000,0x00000000eab00000,0x00000000eb800000)
  from space 1024K, 98% used [0x00000000ec080000,0x00000000ec17c4c8,0x00000000ec180000)
  to   space 1536K, 0% used [0x00000000ebf00000,0x00000000ebf00000,0x00000000ec080000)
 ParOldGen       total 224256K, used 218287K [0x00000000c0000000, 0x00000000cdb00000, 0x00000000eab00000)
  object space 224256K, 97% used [0x00000000c0000000,0x00000000cd52bf08,0x00000000cdb00000)
 Metaspace       used 92219K, committed 93632K, reserved 1179648K
  class space    used 9356K, committed 9984K, reserved 1048576K
}
Event: 14800.198 GC heap after
{Heap after GC invocations=1496 (full 55):
 PSYoungGen      total 14848K, used 0K [0x00000000eab00000, 0x00000000ec180000, 0x0000000100000000)
  eden space 13312K, 0% used [0x00000000eab00000,0x00000000eab00000,0x00000000eb800000)
  from space 1536K, 0% used [0x00000000ebf00000,0x00000000ebf00000,0x00000000ec080000)
  to   space 1024K, 0% used [0x00000000ec080000,0x00000000ec080000,0x00000000ec180000)
 ParOldGen       total 224256K, used 151735K [0x00000000c0000000, 0x00000000cdb00000, 0x00000000eab00000)
  object space 224256K, 67% used [0x00000000c0000000,0x00000000c942de30,0x00000000cdb00000)
 Metaspace       used 92219K, committed 93632K, reserved 1179648K
  class space    used 9356K, committed 9984K, reserved 1048576K
}
Event: 14800.257 GC heap before
{Heap before GC invocations=1497 (full 55):
 PSYoungGen      total 14848K, used 13003K [0x00000000eab00000, 0x00000000ec180000, 0x0000000100000000)
  eden space 13312K, 97% used [0x00000000eab00000,0x00000000eb7b2f28,0x00000000eb800000)
  from space 1536K, 0% used [0x00000000ebf00000,0x00000000ebf00000,0x00000000ec080000)
  to   space 1024K, 0% used [0x00000000ec080000,0x00000000ec080000,0x00000000ec180000)
 ParOldGen       total 224256K, used 163255K [0x00000000c0000000, 0x00000000cdb00000, 0x00000000eab00000)
  object space 224256K, 72% used [0x00000000c0000000,0x00000000c9f6de40,0x00000000cdb00000)
 Metaspace       used 92219K, committed 93632K, reserved 1179648K
  class space    used 9356K, committed 9984K, reserved 1048576K
}
Event: 14800.287 GC heap after
{Heap after GC invocations=1497 (full 55):
 PSYoungGen      total 14336K, used 1008K [0x00000000eab00000, 0x00000000ec180000, 0x0000000100000000)
  eden space 13312K, 0% used [0x00000000eab00000,0x00000000eab00000,0x00000000eb800000)
  from space 1024K, 98% used [0x00000000ec080000,0x00000000ec17c000,0x00000000ec180000)
  to   space 3072K, 0% used [0x00000000ebb80000,0x00000000ebb80000,0x00000000ebe80000)
 ParOldGen       total 224256K, used 174775K [0x00000000c0000000, 0x00000000cdb00000, 0x00000000eab00000)
  object space 224256K, 77% used [0x00000000c0000000,0x00000000caaade50,0x00000000cdb00000)
 Metaspace       used 92219K, committed 93632K, reserved 1179648K
  class space    used 9356K, committed 9984K, reserved 1048576K
}
Event: 14800.720 GC heap before
{Heap before GC invocations=1498 (full 55):
 PSYoungGen      total 14336K, used 14320K [0x00000000eab00000, 0x00000000ec180000, 0x0000000100000000)
  eden space 13312K, 100% used [0x00000000eab00000,0x00000000eb800000,0x00000000eb800000)
  from space 1024K, 98% used [0x00000000ec080000,0x00000000ec17c000,0x00000000ec180000)
  to   space 3072K, 0% used [0x00000000ebb80000,0x00000000ebb80000,0x00000000ebe80000)
 ParOldGen       total 224256K, used 174775K [0x00000000c0000000, 0x00000000cdb00000, 0x00000000eab00000)
  object space 224256K, 77% used [0x00000000c0000000,0x00000000caaade50,0x00000000cdb00000)
 Metaspace       used 92223K, committed 93632K, reserved 1179648K
  class space    used 9356K, committed 9984K, reserved 1048576K
}
Event: 14800.732 GC heap after
{Heap after GC invocations=1498 (full 55):
 PSYoungGen      total 15872K, used 2292K [0x00000000eab00000, 0x00000000ec100000, 0x0000000100000000)
  eden space 13312K, 0% used [0x00000000eab00000,0x00000000eab00000,0x00000000eb800000)
  from space 2560K, 89% used [0x00000000ebb80000,0x00000000ebdbd200,0x00000000ebe00000)
  to   space 3072K, 0% used [0x00000000ebe00000,0x00000000ebe00000,0x00000000ec100000)
 ParOldGen       total 224256K, used 174775K [0x00000000c0000000, 0x00000000cdb00000, 0x00000000eab00000)
  object space 224256K, 77% used [0x00000000c0000000,0x00000000caaade50,0x00000000cdb00000)
 Metaspace       used 92223K, committed 93632K, reserved 1179648K
  class space    used 9356K, committed 9984K, reserved 1048576K
}
Event: 14800.865 GC heap before
{Heap before GC invocations=1499 (full 55):
 PSYoungGen      total 15872K, used 15604K [0x00000000eab00000, 0x00000000ec100000, 0x0000000100000000)
  eden space 13312K, 100% used [0x00000000eab00000,0x00000000eb800000,0x00000000eb800000)
  from space 2560K, 89% used [0x00000000ebb80000,0x00000000ebdbd200,0x00000000ebe00000)
  to   space 3072K, 0% used [0x00000000ebe00000,0x00000000ebe00000,0x00000000ec100000)
 ParOldGen       total 224256K, used 174775K [0x00000000c0000000, 0x00000000cdb00000, 0x00000000eab00000)
  object space 224256K, 77% used [0x00000000c0000000,0x00000000caaade50,0x00000000cdb00000)
 Metaspace       used 92224K, committed 93632K, reserved 1179648K
  class space    used 9356K, committed 9984K, reserved 1048576K
}
Event: 14800.875 GC heap after
{Heap after GC invocations=1499 (full 55):
 PSYoungGen      total 15872K, used 2462K [0x00000000eab00000, 0x00000000ec080000, 0x0000000100000000)
  eden space 13312K, 0% used [0x00000000eab00000,0x00000000eab00000,0x00000000eb800000)
  from space 2560K, 96% used [0x00000000ebe00000,0x00000000ec067b10,0x00000000ec080000)
  to   space 2560K, 0% used [0x00000000ebb80000,0x00000000ebb80000,0x00000000ebe00000)
 ParOldGen       total 224256K, used 174775K [0x00000000c0000000, 0x00000000cdb00000, 0x00000000eab00000)
  object space 224256K, 77% used [0x00000000c0000000,0x00000000caaade50,0x00000000cdb00000)
 Metaspace       used 92224K, committed 93632K, reserved 1179648K
  class space    used 9356K, committed 9984K, reserved 1048576K
}

