# JRE version: OpenJDK Runtime Environment Temurin-17.0.11+9 (17.0.11+9) (build 17.0.11+9)
# Java VM: OpenJDK 64-Bit Server VM Temurin-17.0.11+9 (17.0.11+9, mixed mode, tiered, compressed oops, compressed class ptrs, parallel gc, windows-amd64)
GC Precious Log:
 CPUs: 4 total, 4 available
 Memory: 3879M
 Large Page Support: Disabled
 NUMA Support: Disabled
 Compressed Oops: Enabled (32-bit)
 Alignments: Space 512K, Generation 512K, Heap 2M
 Heap Min Capacity: 100M
 Heap Initial Capacity: 100M
 Heap Max Capacity: 1G
 Pre-touch: Disabled
 Parallel Workers: 4
Heap:
 PSYoungGen      total 23552K, used 10542K [0x00000000eab00000, 0x00000000ec380000, 0x0000000100000000)
  eden space 22016K, 42% used [0x00000000eab00000,0x00000000eb40bb10,0x00000000ec080000)
  from space 1536K, 83% used [0x00000000ec100000,0x00000000ec240000,0x00000000ec280000)
  to   space 1024K, 0% used [0x00000000ec280000,0x00000000ec280000,0x00000000ec380000)
 ParOldGen       total 68608K, used 21256K [0x00000000c0000000, 0x00000000c4300000, 0x00000000eab00000)
  object space 68608K, 30% used [0x00000000c0000000,0x00000000c14c2010,0x00000000c4300000)
 Metaspace       used 50320K, committed 51328K, reserved 1114112K
  class space    used 5411K, committed 5824K, reserved 1048576K
GC Heap History (20 events):
Event: 3.799 GC heap before
{Heap before GC invocations=10 (full 1):
 PSYoungGen      total 27648K, used 27222K [0x00000000eab00000, 0x00000000ecb00000, 0x0000000100000000)
  eden space 24064K, 98% used [0x00000000eab00000,0x00000000ec23aaf0,0x00000000ec280000)
  from space 3584K, 95% used [0x00000000ec780000,0x00000000ecadaf68,0x00000000ecb00000)
  to   space 3584K, 0% used [0x00000000ec400000,0x00000000ec400000,0x00000000ec780000)
 ParOldGen       total 68608K, used 11420K [0x00000000c0000000, 0x00000000c4300000, 0x00000000eab00000)
  object space 68608K, 16% used [0x00000000c0000000,0x00000000c0b27268,0x00000000c4300000)
 Metaspace       used 33192K, committed 33984K, reserved 1114112K
  class space    used 3304K, committed 3648K, reserved 1048576K
}
Event: 3.801 GC heap after
{Heap after GC invocations=10 (full 1):
 PSYoungGen      total 26624K, used 2853K [0x00000000eab00000, 0x00000000ec900000, 0x0000000100000000)
  eden space 23552K, 0% used [0x00000000eab00000,0x00000000eab00000,0x00000000ec200000)
  from space 3072K, 92% used [0x00000000ec400000,0x00000000ec6c95a8,0x00000000ec700000)
  to   space 2048K, 0% used [0x00000000ec700000,0x00000000ec700000,0x00000000ec900000)
 ParOldGen       total 68608K, used 12216K [0x00000000c0000000, 0x00000000c4300000, 0x00000000eab00000)
  object space 68608K, 17% used [0x00000000c0000000,0x00000000c0bee2f0,0x00000000c4300000)
 Metaspace       used 33192K, committed 33984K, reserved 1114112K
  class space    used 3304K, committed 3648K, reserved 1048576K
}
Event: 3.964 GC heap before
{Heap before GC invocations=11 (full 1):
 PSYoungGen      total 26624K, used 26400K [0x00000000eab00000, 0x00000000ec900000, 0x0000000100000000)
  eden space 23552K, 99% used [0x00000000eab00000,0x00000000ec1febb8,0x00000000ec200000)
  from space 3072K, 92% used [0x00000000ec400000,0x00000000ec6c95a8,0x00000000ec700000)
  to   space 2048K, 0% used [0x00000000ec700000,0x00000000ec700000,0x00000000ec900000)
 ParOldGen       total 68608K, used 12216K [0x00000000c0000000, 0x00000000c4300000, 0x00000000eab00000)
  object space 68608K, 17% used [0x00000000c0000000,0x00000000c0bee2f0,0x00000000c4300000)
 Metaspace       used 34615K, committed 35328K, reserved 1114112K
  class space    used 3414K, committed 3712K, reserved 1048576K
}
Event: 3.967 GC heap after
{Heap after GC invocations=11 (full 1):
 PSYoungGen      total 24576K, used 2035K [0x00000000eab00000, 0x00000000ecd80000, 0x0000000100000000)
  eden space 22528K, 0% used [0x00000000eab00000,0x00000000eab00000,0x00000000ec100000)
  from space 2048K, 99% used [0x00000000ec700000,0x00000000ec8fccf0,0x00000000ec900000)
  to   space 6144K, 0% used [0x00000000ec100000,0x00000000ec100000,0x00000000ec700000)
 ParOldGen       total 68608K, used 15417K [0x00000000c0000000, 0x00000000c4300000, 0x00000000eab00000)
  object space 68608K, 22% used [0x00000000c0000000,0x00000000c0f0e4f8,0x00000000c4300000)
 Metaspace       used 34615K, committed 35328K, reserved 1114112K
  class space    used 3414K, committed 3712K, reserved 1048576K
}
Event: 4.007 GC heap before
{Heap before GC invocations=12 (full 1):
 PSYoungGen      total 24576K, used 5441K [0x00000000eab00000, 0x00000000ecd80000, 0x0000000100000000)
  eden space 22528K, 15% used [0x00000000eab00000,0x00000000eae53800,0x00000000ec100000)
  from space 2048K, 99% used [0x00000000ec700000,0x00000000ec8fccf0,0x00000000ec900000)
  to   space 6144K, 0% used [0x00000000ec100000,0x00000000ec100000,0x00000000ec700000)
 ParOldGen       total 68608K, used 15417K [0x00000000c0000000, 0x00000000c4300000, 0x00000000eab00000)
  object space 68608K, 22% used [0x00000000c0000000,0x00000000c0f0e4f8,0x00000000c4300000)
 Metaspace       used 35108K, committed 35840K, reserved 1114112K
  class space    used 3450K, committed 3776K, reserved 1048576K
}
Event: 4.009 GC heap after
{Heap after GC invocations=12 (full 1):
 PSYoungGen      total 23040K, used 408K [0x00000000eab00000, 0x00000000ec780000, 0x0000000100000000)
  eden space 22528K, 0% used [0x00000000eab00000,0x00000000eab00000,0x00000000ec100000)
  from space 512K, 79% used [0x00000000ec100000,0x00000000ec166068,0x00000000ec180000)
  to   space 2560K, 0% used [0x00000000ec500000,0x00000000ec500000,0x00000000ec780000)
 ParOldGen       total 68608K, used 17460K [0x00000000c0000000, 0x00000000c4300000, 0x00000000eab00000)
  object space 68608K, 25% used [0x00000000c0000000,0x00000000c110d1f0,0x00000000c4300000)
 Metaspace       used 35108K, committed 35840K, reserved 1114112K
  class space    used 3450K, committed 3776K, reserved 1048576K
}
Event: 4.009 GC heap before
{Heap before GC invocations=13 (full 2):
 PSYoungGen      total 23040K, used 408K [0x00000000eab00000, 0x00000000ec780000, 0x0000000100000000)
  eden space 22528K, 0% used [0x00000000eab00000,0x00000000eab00000,0x00000000ec100000)
  from space 512K, 79% used [0x00000000ec100000,0x00000000ec166068,0x00000000ec180000)
  to   space 2560K, 0% used [0x00000000ec500000,0x00000000ec500000,0x00000000ec780000)
 ParOldGen       total 68608K, used 17460K [0x00000000c0000000, 0x00000000c4300000, 0x00000000eab00000)
  object space 68608K, 25% used [0x00000000c0000000,0x00000000c110d1f0,0x00000000c4300000)
 Metaspace       used 35108K, committed 35840K, reserved 1114112K
  class space    used 3450K, committed 3776K, reserved 1048576K
}
Event: 4.036 GC heap after
{Heap after GC invocations=13 (full 2):
 PSYoungGen      total 23040K, used 0K [0x00000000eab00000, 0x00000000ec780000, 0x0000000100000000)
  eden space 22528K, 0% used [0x00000000eab00000,0x00000000eab00000,0x00000000ec100000)
  from space 512K, 0% used [0x00000000ec100000,0x00000000ec100000,0x00000000ec180000)
  to   space 2560K, 0% used [0x00000000ec500000,0x00000000ec500000,0x00000000ec780000)
 ParOldGen       total 68608K, used 15727K [0x00000000c0000000, 0x00000000c4300000, 0x00000000eab00000)
  object space 68608K, 22% used [0x00000000c0000000,0x00000000c0f5bfd0,0x00000000c4300000)
 Metaspace       used 35095K, committed 35840K, reserved 1114112K
  class space    used 3446K, committed 3776K, reserved 1048576K
}
Event: 4.531 GC heap before
{Heap before GC invocations=14 (full 2):
 PSYoungGen      total 23040K, used 22528K [0x00000000eab00000, 0x00000000ec780000, 0x0000000100000000)
  eden space 22528K, 100% used [0x00000000eab00000,0x00000000ec100000,0x00000000ec100000)
  from space 512K, 0% used [0x00000000ec100000,0x00000000ec100000,0x00000000ec180000)
  to   space 2560K, 0% used [0x00000000ec500000,0x00000000ec500000,0x00000000ec780000)
 ParOldGen       total 68608K, used 15727K [0x00000000c0000000, 0x00000000c4300000, 0x00000000eab00000)
  object space 68608K, 22% used [0x00000000c0000000,0x00000000c0f5bfd0,0x00000000c4300000)
 Metaspace       used 38433K, committed 39360K, reserved 1114112K
  class space    used 3847K, committed 4224K, reserved 1048576K
}
Event: 4.533 GC heap after
{Heap after GC invocations=14 (full 2):
 PSYoungGen      total 23552K, used 1439K [0x00000000eab00000, 0x00000000ec680000, 0x0000000100000000)
  eden space 22016K, 0% used [0x00000000eab00000,0x00000000eab00000,0x00000000ec080000)
  from space 1536K, 93% used [0x00000000ec500000,0x00000000ec667cc0,0x00000000ec680000)
  to   space 2048K, 0% used [0x00000000ec280000,0x00000000ec280000,0x00000000ec480000)
 ParOldGen       total 68608K, used 15735K [0x00000000c0000000, 0x00000000c4300000, 0x00000000eab00000)
  object space 68608K, 22% used [0x00000000c0000000,0x00000000c0f5dfd0,0x00000000c4300000)
 Metaspace       used 38433K, committed 39360K, reserved 1114112K
  class space    used 3847K, committed 4224K, reserved 1048576K
}
Event: 4.698 GC heap before
{Heap before GC invocations=15 (full 2):
 PSYoungGen      total 23552K, used 23455K [0x00000000eab00000, 0x00000000ec680000, 0x0000000100000000)
  eden space 22016K, 100% used [0x00000000eab00000,0x00000000ec080000,0x00000000ec080000)
  from space 1536K, 93% used [0x00000000ec500000,0x00000000ec667cc0,0x00000000ec680000)
  to   space 2048K, 0% used [0x00000000ec280000,0x00000000ec280000,0x00000000ec480000)
 ParOldGen       total 68608K, used 15735K [0x00000000c0000000, 0x00000000c4300000, 0x00000000eab00000)
  object space 68608K, 22% used [0x00000000c0000000,0x00000000c0f5dfd0,0x00000000c4300000)
 Metaspace       used 41256K, committed 42112K, reserved 1114112K
  class space    used 4243K, committed 4608K, reserved 1048576K
}
Event: 4.701 GC heap after
{Heap after GC invocations=15 (full 2):
 PSYoungGen      total 24064K, used 608K [0x00000000eab00000, 0x00000000ec580000, 0x0000000100000000)
  eden space 22016K, 0% used [0x00000000eab00000,0x00000000eab00000,0x00000000ec080000)
  from space 2048K, 29% used [0x00000000ec280000,0x00000000ec318000,0x00000000ec480000)
  to   space 1024K, 0% used [0x00000000ec480000,0x00000000ec480000,0x00000000ec580000)
 ParOldGen       total 68608K, used 17072K [0x00000000c0000000, 0x00000000c4300000, 0x00000000eab00000)
  object space 68608K, 24% used [0x00000000c0000000,0x00000000c10ac0b8,0x00000000c4300000)
 Metaspace       used 41256K, committed 42112K, reserved 1114112K
  class space    used 4243K, committed 4608K, reserved 1048576K
}
Event: 4.936 GC heap before
{Heap before GC invocations=16 (full 2):
 PSYoungGen      total 24064K, used 22624K [0x00000000eab00000, 0x00000000ec580000, 0x0000000100000000)
  eden space 22016K, 100% used [0x00000000eab00000,0x00000000ec080000,0x00000000ec080000)
  from space 2048K, 29% used [0x00000000ec280000,0x00000000ec318000,0x00000000ec480000)
  to   space 1024K, 0% used [0x00000000ec480000,0x00000000ec480000,0x00000000ec580000)
 ParOldGen       total 68608K, used 17072K [0x00000000c0000000, 0x00000000c4300000, 0x00000000eab00000)
  object space 68608K, 24% used [0x00000000c0000000,0x00000000c10ac0b8,0x00000000c4300000)
 Metaspace       used 42859K, committed 43776K, reserved 1114112K
  class space    used 4434K, committed 4800K, reserved 1048576K
}
Event: 4.938 GC heap after
{Heap after GC invocations=16 (full 2):
 PSYoungGen      total 23040K, used 1021K [0x00000000eab00000, 0x00000000ec580000, 0x0000000100000000)
  eden space 22016K, 0% used [0x00000000eab00000,0x00000000eab00000,0x00000000ec080000)
  from space 1024K, 99% used [0x00000000ec480000,0x00000000ec57f678,0x00000000ec580000)
  to   space 2560K, 0% used [0x00000000ec080000,0x00000000ec080000,0x00000000ec300000)
 ParOldGen       total 68608K, used 18127K [0x00000000c0000000, 0x00000000c4300000, 0x00000000eab00000)
  object space 68608K, 26% used [0x00000000c0000000,0x00000000c11b3eb8,0x00000000c4300000)
 Metaspace       used 42859K, committed 43776K, reserved 1114112K
  class space    used 4434K, committed 4800K, reserved 1048576K
}
Event: 5.165 GC heap before
{Heap before GC invocations=17 (full 2):
 PSYoungGen      total 23040K, used 23031K [0x00000000eab00000, 0x00000000ec580000, 0x0000000100000000)
  eden space 22016K, 99% used [0x00000000eab00000,0x00000000ec07e728,0x00000000ec080000)
  from space 1024K, 99% used [0x00000000ec480000,0x00000000ec57f678,0x00000000ec580000)
  to   space 2560K, 0% used [0x00000000ec080000,0x00000000ec080000,0x00000000ec300000)
 ParOldGen       total 68608K, used 18127K [0x00000000c0000000, 0x00000000c4300000, 0x00000000eab00000)
  object space 68608K, 26% used [0x00000000c0000000,0x00000000c11b3eb8,0x00000000c4300000)
 Metaspace       used 44504K, committed 45440K, reserved 1114112K
  class space    used 4657K, committed 5056K, reserved 1048576K
}
Event: 5.168 GC heap after
{Heap after GC invocations=17 (full 2):
 PSYoungGen      total 24576K, used 1782K [0x00000000eab00000, 0x00000000ec500000, 0x0000000100000000)
  eden space 22016K, 0% used [0x00000000eab00000,0x00000000eab00000,0x00000000ec080000)
  from space 2560K, 69% used [0x00000000ec080000,0x00000000ec23d988,0x00000000ec300000)
  to   space 2048K, 0% used [0x00000000ec300000,0x00000000ec300000,0x00000000ec500000)
 ParOldGen       total 68608K, used 19040K [0x00000000c0000000, 0x00000000c4300000, 0x00000000eab00000)
  object space 68608K, 27% used [0x00000000c0000000,0x00000000c1298310,0x00000000c4300000)
 Metaspace       used 44504K, committed 45440K, reserved 1114112K
  class space    used 4657K, committed 5056K, reserved 1048576K
}
Event: 5.479 GC heap before
{Heap before GC invocations=18 (full 2):
 PSYoungGen      total 24576K, used 23798K [0x00000000eab00000, 0x00000000ec500000, 0x0000000100000000)
  eden space 22016K, 100% used [0x00000000eab00000,0x00000000ec080000,0x00000000ec080000)
  from space 2560K, 69% used [0x00000000ec080000,0x00000000ec23d988,0x00000000ec300000)
  to   space 2048K, 0% used [0x00000000ec300000,0x00000000ec300000,0x00000000ec500000)
 ParOldGen       total 68608K, used 19040K [0x00000000c0000000, 0x00000000c4300000, 0x00000000eab00000)
  object space 68608K, 27% used [0x00000000c0000000,0x00000000c1298310,0x00000000c4300000)
 Metaspace       used 46662K, committed 47680K, reserved 1114112K
  class space    used 4946K, committed 5376K, reserved 1048576K
}
Event: 5.481 GC heap after
{Heap after GC invocations=18 (full 2):
 PSYoungGen      total 23040K, used 704K [0x00000000eab00000, 0x00000000ec400000, 0x0000000100000000)
  eden space 22016K, 0% used [0x00000000eab00000,0x00000000eab00000,0x00000000ec080000)
  from space 1024K, 68% used [0x00000000ec300000,0x00000000ec3b0000,0x00000000ec400000)
  to   space 1536K, 0% used [0x00000000ec100000,0x00000000ec100000,0x00000000ec280000)
 ParOldGen       total 68608K, used 20616K [0x00000000c0000000, 0x00000000c4300000, 0x00000000eab00000)
  object space 68608K, 30% used [0x00000000c0000000,0x00000000c1422010,0x00000000c4300000)
 Metaspace       used 46662K, committed 47680K, reserved 1114112K
  class space    used 4946K, committed 5376K, reserved 1048576K
}
Event: 5.847 GC heap before
{Heap before GC invocations=19 (full 2):
 PSYoungGen      total 23040K, used 22720K [0x00000000eab00000, 0x00000000ec400000, 0x0000000100000000)
  eden space 22016K, 100% used [0x00000000eab00000,0x00000000ec080000,0x00000000ec080000)
  from space 1024K, 68% used [0x00000000ec300000,0x00000000ec3b0000,0x00000000ec400000)
  to   space 1536K, 0% used [0x00000000ec100000,0x00000000ec100000,0x00000000ec280000)
 ParOldGen       total 68608K, used 20616K [0x00000000c0000000, 0x00000000c4300000, 0x00000000eab00000)
  object space 68608K, 30% used [0x00000000c0000000,0x00000000c1422010,0x00000000c4300000)
 Metaspace       used 49306K, committed 50304K, reserved 1114112K
  class space    used 5293K, committed 5696K, reserved 1048576K
}
Event: 5.850 GC heap after
{Heap after GC invocations=19 (full 2):
 PSYoungGen      total 23552K, used 1280K [0x00000000eab00000, 0x00000000ec380000, 0x0000000100000000)
  eden space 22016K, 0% used [0x00000000eab00000,0x00000000eab00000,0x00000000ec080000)
  from space 1536K, 83% used [0x00000000ec100000,0x00000000ec240000,0x00000000ec280000)
  to   space 1024K, 0% used [0x00000000ec280000,0x00000000ec280000,0x00000000ec380000)
 ParOldGen       total 68608K, used 21256K [0x00000000c0000000, 0x00000000c4300000, 0x00000000eab00000)
  object space 68608K, 30% used [0x00000000c0000000,0x00000000c14c2010,0x00000000c4300000)
 Metaspace       used 49306K, committed 50304K, reserved 1114112K
  class space    used 5293K, committed 5696K, reserved 1048576K
}

