# JRE version: OpenJDK Runtime Environment Temurin-17.0.11+9 (17.0.11+9) (build 17.0.11+9)
# Java VM: OpenJDK 64-Bit Server VM Temurin-17.0.11+9 (17.0.11+9, mixed mode, emulated-client, tiered, compressed oops, compressed class ptrs, g1 gc, windows-amd64)
GC Precious Log:
 CPUs: 4 total, 4 available
 Memory: 3879M
 Large Page Support: Disabled
 NUMA Support: Disabled
 Compressed Oops: Enabled (32-bit)
 Heap Region Size: 1M
 Heap Min Capacity: 8M
 Heap Initial Capacity: 62M
 Heap Max Capacity: 1G
 Pre-touch: Disabled
 Parallel Workers: 4
 Concurrent Workers: 1
 Concurrent Refinement Workers: 4
 Periodic GC: Disabled
Heap:
 garbage-first heap   total 63488K, used 25049K [0x00000000c0000000, 0x0000000100000000)
  region size 1024K, 1 young (1024K), 0 survivors (0K)
 Metaspace       used 40848K, committed 41408K, reserved 1114112K
  class space    used 5210K, committed 5440K, reserved 1048576K
GC Heap History (20 events):
Event: 13.501 GC heap before
{Heap before GC invocations=4 (full 0):
 garbage-first heap   total 63488K, used 40166K [0x00000000c0000000, 0x0000000100000000)
  region size 1024K, 25 young (25600K), 2 survivors (2048K)
 Metaspace       used 19778K, committed 20032K, reserved 1114112K
  class space    used 2452K, committed 2560K, reserved 1048576K
}
Event: 13.514 GC heap after
{Heap after GC invocations=5 (full 0):
 garbage-first heap   total 63488K, used 19717K [0x00000000c0000000, 0x0000000100000000)
  region size 1024K, 4 young (4096K), 4 survivors (4096K)
 Metaspace       used 19778K, committed 20032K, reserved 1114112K
  class space    used 2452K, committed 2560K, reserved 1048576K
}
Event: 13.637 GC heap before
{Heap before GC invocations=5 (full 0):
 garbage-first heap   total 63488K, used 24837K [0x00000000c0000000, 0x0000000100000000)
  region size 1024K, 10 young (10240K), 4 survivors (4096K)
 Metaspace       used 21274K, committed 21504K, reserved 1114112K
  class space    used 2617K, committed 2752K, reserved 1048576K
}
Event: 13.646 GC heap after
{Heap after GC invocations=6 (full 0):
 garbage-first heap   total 63488K, used 20891K [0x00000000c0000000, 0x0000000100000000)
  region size 1024K, 2 young (2048K), 2 survivors (2048K)
 Metaspace       used 21274K, committed 21504K, reserved 1114112K
  class space    used 2617K, committed 2752K, reserved 1048576K
}
Event: 14.231 GC heap before
{Heap before GC invocations=7 (full 0):
 garbage-first heap   total 63488K, used 40347K [0x00000000c0000000, 0x0000000100000000)
  region size 1024K, 22 young (22528K), 2 survivors (2048K)
 Metaspace       used 25791K, committed 26048K, reserved 1114112K
  class space    used 3205K, committed 3328K, reserved 1048576K
}
Event: 14.234 GC heap after
{Heap after GC invocations=8 (full 0):
 garbage-first heap   total 63488K, used 22180K [0x00000000c0000000, 0x0000000100000000)
  region size 1024K, 3 young (3072K), 3 survivors (3072K)
 Metaspace       used 25791K, committed 26048K, reserved 1114112K
  class space    used 3205K, committed 3328K, reserved 1048576K
}
Event: 18.620 GC heap before
{Heap before GC invocations=8 (full 0):
 garbage-first heap   total 63488K, used 42660K [0x00000000c0000000, 0x0000000100000000)
  region size 1024K, 24 young (24576K), 3 survivors (3072K)
 Metaspace       used 28213K, committed 28480K, reserved 1114112K
  class space    used 3525K, committed 3648K, reserved 1048576K
}
Event: 18.661 GC heap after
{Heap after GC invocations=9 (full 0):
 garbage-first heap   total 63488K, used 23975K [0x00000000c0000000, 0x0000000100000000)
  region size 1024K, 2 young (2048K), 2 survivors (2048K)
 Metaspace       used 28213K, committed 28480K, reserved 1114112K
  class space    used 3525K, committed 3648K, reserved 1048576K
}
Event: 21.120 GC heap before
{Heap before GC invocations=9 (full 0):
 garbage-first heap   total 63488K, used 44455K [0x00000000c0000000, 0x0000000100000000)
  region size 1024K, 23 young (23552K), 2 survivors (2048K)
 Metaspace       used 31826K, committed 32192K, reserved 1114112K
  class space    used 4032K, committed 4224K, reserved 1048576K
}
Event: 21.150 GC heap after
{Heap after GC invocations=10 (full 0):
 garbage-first heap   total 63488K, used 25364K [0x00000000c0000000, 0x0000000100000000)
  region size 1024K, 2 young (2048K), 2 survivors (2048K)
 Metaspace       used 31826K, committed 32192K, reserved 1114112K
  class space    used 4032K, committed 4224K, reserved 1048576K
}
Event: 22.086 GC heap before
{Heap before GC invocations=10 (full 0):
 garbage-first heap   total 63488K, used 47892K [0x00000000c0000000, 0x0000000100000000)
  region size 1024K, 23 young (23552K), 2 survivors (2048K)
 Metaspace       used 34858K, committed 35264K, reserved 1114112K
  class space    used 4289K, committed 4480K, reserved 1048576K
}
Event: 22.109 GC heap after
{Heap after GC invocations=11 (full 0):
 garbage-first heap   total 63488K, used 29013K [0x00000000c0000000, 0x0000000100000000)
  region size 1024K, 3 young (3072K), 3 survivors (3072K)
 Metaspace       used 34858K, committed 35264K, reserved 1114112K
  class space    used 4289K, committed 4480K, reserved 1048576K
}
Event: 22.499 GC heap before
{Heap before GC invocations=11 (full 0):
 garbage-first heap   total 63488K, used 34133K [0x00000000c0000000, 0x0000000100000000)
  region size 1024K, 9 young (9216K), 3 survivors (3072K)
 Metaspace       used 35937K, committed 36288K, reserved 1114112K
  class space    used 4431K, committed 4608K, reserved 1048576K
}
Event: 22.509 GC heap after
{Heap after GC invocations=12 (full 0):
 garbage-first heap   total 63488K, used 29361K [0x00000000c0000000, 0x0000000100000000)
  region size 1024K, 1 young (1024K), 1 survivors (1024K)
 Metaspace       used 35937K, committed 36288K, reserved 1114112K
  class space    used 4431K, committed 4608K, reserved 1048576K
}
Event: 38.483 GC heap before
{Heap before GC invocations=13 (full 0):
 garbage-first heap   total 63488K, used 48817K [0x00000000c0000000, 0x0000000100000000)
  region size 1024K, 20 young (20480K), 1 survivors (1024K)
 Metaspace       used 39402K, committed 39872K, reserved 1114112K
  class space    used 4961K, committed 5184K, reserved 1048576K
}
Event: 38.670 GC heap after
{Heap after GC invocations=14 (full 0):
 garbage-first heap   total 63488K, used 30639K [0x00000000c0000000, 0x0000000100000000)
  region size 1024K, 2 young (2048K), 2 survivors (2048K)
 Metaspace       used 39402K, committed 39872K, reserved 1114112K
  class space    used 4961K, committed 5184K, reserved 1048576K
}
Event: 99.692 GC heap before
{Heap before GC invocations=14 (full 0):
 garbage-first heap   total 63488K, used 40879K [0x00000000c0000000, 0x0000000100000000)
  region size 1024K, 13 young (13312K), 2 survivors (2048K)
 Metaspace       used 40999K, committed 41408K, reserved 1114112K
  class space    used 5248K, committed 5440K, reserved 1048576K
}
Event: 100.776 GC heap after
{Heap after GC invocations=15 (full 1):
 garbage-first heap   total 63488K, used 28706K [0x00000000c0000000, 0x0000000100000000)
  region size 1024K, 0 young (0K), 0 survivors (0K)
 Metaspace       used 40999K, committed 41408K, reserved 1114112K
  class space    used 5248K, committed 5440K, reserved 1048576K
}
Event: 112.611 GC heap before
{Heap before GC invocations=15 (full 1):
 garbage-first heap   total 63488K, used 28706K [0x00000000c0000000, 0x0000000100000000)
  region size 1024K, 1 young (1024K), 0 survivors (0K)
 Metaspace       used 40999K, committed 41408K, reserved 1114112K
  class space    used 5248K, committed 5440K, reserved 1048576K
}
Event: 113.829 GC heap after
{Heap after GC invocations=16 (full 2):
 garbage-first heap   total 63488K, used 25049K [0x00000000c0000000, 0x0000000100000000)
  region size 1024K, 0 young (0K), 0 survivors (0K)
 Metaspace       used 40848K, committed 41408K, reserved 1114112K
  class space    used 5210K, committed 5440K, reserved 1048576K
}

