# JRE version: OpenJDK Runtime Environment Temurin-17.0.11+9 (17.0.11+9) (build 17.0.11+9)
# Java VM: OpenJDK 64-Bit Server VM Temurin-17.0.11+9 (17.0.11+9, mixed mode, tiered, compressed oops, compressed class ptrs, parallel gc, windows-amd64)
GC Precious Log:
 CPUs: 4 total, 4 available
 Memory: 3879M
 Large Page Support: Disabled
 NUMA Support: Disabled
 Compressed Oops: Enabled (32-bit)
 Alignments: Space 512K, Generation 512K, Heap 2M
 Heap Min Capacity: 100M
 Heap Initial Capacity: 100M
 Heap Max Capacity: 1G
 Pre-touch: Disabled
 Parallel Workers: 4
Heap:
 PSYoungGen      total 20992K, used 9912K [0x00000000eab00000, 0x00000000ec400000, 0x0000000100000000)
  eden space 18432K, 40% used [0x00000000eab00000,0x00000000eb250380,0x00000000ebd00000)
  from space 2560K, 94% used [0x00000000ec180000,0x00000000ec3ddf40,0x00000000ec400000)
  to   space 3072K, 0% used [0x00000000ebe00000,0x00000000ebe00000,0x00000000ec100000)
 ParOldGen       total 68608K, used 37393K [0x00000000c0000000, 0x00000000c4300000, 0x00000000eab00000)
  object space 68608K, 54% used [0x00000000c0000000,0x00000000c2484580,0x00000000c4300000)
 Metaspace       used 49047K, committed 49856K, reserved 1114112K
  class space    used 4942K, committed 5312K, reserved 1048576K
GC Heap History (20 events):
Event: 62.656 GC heap before
{Heap before GC invocations=21 (full 2):
 PSYoungGen      total 24064K, used 23479K [0x00000000eab00000, 0x00000000ec480000, 0x0000000100000000)
  eden space 22016K, 100% used [0x00000000eab00000,0x00000000ec080000,0x00000000ec080000)
  from space 2048K, 71% used [0x00000000ec280000,0x00000000ec3edeb0,0x00000000ec480000)
  to   space 2048K, 0% used [0x00000000ec080000,0x00000000ec080000,0x00000000ec280000)
 ParOldGen       total 68608K, used 25140K [0x00000000c0000000, 0x00000000c4300000, 0x00000000eab00000)
  object space 68608K, 36% used [0x00000000c0000000,0x00000000c188d1e0,0x00000000c4300000)
 Metaspace       used 44922K, committed 45760K, reserved 1114112K
  class space    used 4524K, committed 4928K, reserved 1048576K
}
Event: 62.666 GC heap after
{Heap after GC invocations=21 (full 2):
 PSYoungGen      total 23040K, used 800K [0x00000000eab00000, 0x00000000ec380000, 0x0000000100000000)
  eden space 22016K, 0% used [0x00000000eab00000,0x00000000eab00000,0x00000000ec080000)
  from space 1024K, 78% used [0x00000000ec080000,0x00000000ec148000,0x00000000ec180000)
  to   space 1536K, 0% used [0x00000000ec200000,0x00000000ec200000,0x00000000ec380000)
 ParOldGen       total 68608K, used 25464K [0x00000000c0000000, 0x00000000c4300000, 0x00000000eab00000)
  object space 68608K, 37% used [0x00000000c0000000,0x00000000c18de0c0,0x00000000c4300000)
 Metaspace       used 44922K, committed 45760K, reserved 1114112K
  class space    used 4524K, committed 4928K, reserved 1048576K
}
Event: 62.824 GC heap before
{Heap before GC invocations=22 (full 2):
 PSYoungGen      total 23040K, used 22816K [0x00000000eab00000, 0x00000000ec380000, 0x0000000100000000)
  eden space 22016K, 100% used [0x00000000eab00000,0x00000000ec080000,0x00000000ec080000)
  from space 1024K, 78% used [0x00000000ec080000,0x00000000ec148000,0x00000000ec180000)
  to   space 1536K, 0% used [0x00000000ec200000,0x00000000ec200000,0x00000000ec380000)
 ParOldGen       total 68608K, used 25464K [0x00000000c0000000, 0x00000000c4300000, 0x00000000eab00000)
  object space 68608K, 37% used [0x00000000c0000000,0x00000000c18de0c0,0x00000000c4300000)
 Metaspace       used 44925K, committed 45760K, reserved 1114112K
  class space    used 4524K, committed 4928K, reserved 1048576K
}
Event: 62.828 GC heap after
{Heap after GC invocations=22 (full 2):
 PSYoungGen      total 22016K, used 1536K [0x00000000eab00000, 0x00000000ec680000, 0x0000000100000000)
  eden space 20480K, 0% used [0x00000000eab00000,0x00000000eab00000,0x00000000ebf00000)
  from space 1536K, 100% used [0x00000000ec200000,0x00000000ec380000,0x00000000ec380000)
  to   space 3072K, 0% used [0x00000000ebf00000,0x00000000ebf00000,0x00000000ec200000)
 ParOldGen       total 68608K, used 26424K [0x00000000c0000000, 0x00000000c4300000, 0x00000000eab00000)
  object space 68608K, 38% used [0x00000000c0000000,0x00000000c19ce0c0,0x00000000c4300000)
 Metaspace       used 44925K, committed 45760K, reserved 1114112K
  class space    used 4524K, committed 4928K, reserved 1048576K
}
Event: 62.942 GC heap before
{Heap before GC invocations=23 (full 2):
 PSYoungGen      total 22016K, used 22016K [0x00000000eab00000, 0x00000000ec680000, 0x0000000100000000)
  eden space 20480K, 100% used [0x00000000eab00000,0x00000000ebf00000,0x00000000ebf00000)
  from space 1536K, 100% used [0x00000000ec200000,0x00000000ec380000,0x00000000ec380000)
  to   space 3072K, 0% used [0x00000000ebf00000,0x00000000ebf00000,0x00000000ec200000)
 ParOldGen       total 68608K, used 26424K [0x00000000c0000000, 0x00000000c4300000, 0x00000000eab00000)
  object space 68608K, 38% used [0x00000000c0000000,0x00000000c19ce0c0,0x00000000c4300000)
 Metaspace       used 44930K, committed 45760K, reserved 1114112K
  class space    used 4525K, committed 4928K, reserved 1048576K
}
Event: 62.947 GC heap after
{Heap after GC invocations=23 (full 2):
 PSYoungGen      total 22016K, used 1312K [0x00000000eab00000, 0x00000000ec300000, 0x0000000100000000)
  eden space 20480K, 0% used [0x00000000eab00000,0x00000000eab00000,0x00000000ebf00000)
  from space 1536K, 85% used [0x00000000ebf00000,0x00000000ec048000,0x00000000ec080000)
  to   space 2048K, 0% used [0x00000000ec100000,0x00000000ec100000,0x00000000ec300000)
 ParOldGen       total 68608K, used 27608K [0x00000000c0000000, 0x00000000c4300000, 0x00000000eab00000)
  object space 68608K, 40% used [0x00000000c0000000,0x00000000c1af60c0,0x00000000c4300000)
 Metaspace       used 44930K, committed 45760K, reserved 1114112K
  class space    used 4525K, committed 4928K, reserved 1048576K
}
Event: 63.001 GC heap before
{Heap before GC invocations=24 (full 2):
 PSYoungGen      total 22016K, used 21792K [0x00000000eab00000, 0x00000000ec300000, 0x0000000100000000)
  eden space 20480K, 100% used [0x00000000eab00000,0x00000000ebf00000,0x00000000ebf00000)
  from space 1536K, 85% used [0x00000000ebf00000,0x00000000ec048000,0x00000000ec080000)
  to   space 2048K, 0% used [0x00000000ec100000,0x00000000ec100000,0x00000000ec300000)
 ParOldGen       total 68608K, used 27608K [0x00000000c0000000, 0x00000000c4300000, 0x00000000eab00000)
  object space 68608K, 40% used [0x00000000c0000000,0x00000000c1af60c0,0x00000000c4300000)
 Metaspace       used 44976K, committed 45824K, reserved 1114112K
  class space    used 4534K, committed 4928K, reserved 1048576K
}
Event: 63.007 GC heap after
{Heap after GC invocations=24 (full 2):
 PSYoungGen      total 20480K, used 2016K [0x00000000eab00000, 0x00000000ec700000, 0x0000000100000000)
  eden space 18432K, 0% used [0x00000000eab00000,0x00000000eab00000,0x00000000ebd00000)
  from space 2048K, 98% used [0x00000000ec100000,0x00000000ec2f8010,0x00000000ec300000)
  to   space 4096K, 0% used [0x00000000ebd00000,0x00000000ebd00000,0x00000000ec100000)
 ParOldGen       total 68608K, used 29000K [0x00000000c0000000, 0x00000000c4300000, 0x00000000eab00000)
  object space 68608K, 42% used [0x00000000c0000000,0x00000000c1c520d0,0x00000000c4300000)
 Metaspace       used 44976K, committed 45824K, reserved 1114112K
  class space    used 4534K, committed 4928K, reserved 1048576K
}
Event: 63.097 GC heap before
{Heap before GC invocations=25 (full 2):
 PSYoungGen      total 20480K, used 20448K [0x00000000eab00000, 0x00000000ec700000, 0x0000000100000000)
  eden space 18432K, 100% used [0x00000000eab00000,0x00000000ebd00000,0x00000000ebd00000)
  from space 2048K, 98% used [0x00000000ec100000,0x00000000ec2f8010,0x00000000ec300000)
  to   space 4096K, 0% used [0x00000000ebd00000,0x00000000ebd00000,0x00000000ec100000)
 ParOldGen       total 68608K, used 29000K [0x00000000c0000000, 0x00000000c4300000, 0x00000000eab00000)
  object space 68608K, 42% used [0x00000000c0000000,0x00000000c1c520d0,0x00000000c4300000)
 Metaspace       used 45018K, committed 45824K, reserved 1114112K
  class space    used 4542K, committed 4928K, reserved 1048576K
}
Event: 63.101 GC heap after
{Heap after GC invocations=25 (full 2):
 PSYoungGen      total 19968K, used 1536K [0x00000000eab00000, 0x00000000ec200000, 0x0000000100000000)
  eden space 18432K, 0% used [0x00000000eab00000,0x00000000eab00000,0x00000000ebd00000)
  from space 1536K, 100% used [0x00000000ebd00000,0x00000000ebe80000,0x00000000ebe80000)
  to   space 2560K, 0% used [0x00000000ebf80000,0x00000000ebf80000,0x00000000ec200000)
 ParOldGen       total 68608K, used 30998K [0x00000000c0000000, 0x00000000c4300000, 0x00000000eab00000)
  object space 68608K, 45% used [0x00000000c0000000,0x00000000c1e45960,0x00000000c4300000)
 Metaspace       used 45018K, committed 45824K, reserved 1114112K
  class space    used 4542K, committed 4928K, reserved 1048576K
}
Event: 63.182 GC heap before
{Heap before GC invocations=26 (full 2):
 PSYoungGen      total 19968K, used 19968K [0x00000000eab00000, 0x00000000ec200000, 0x0000000100000000)
  eden space 18432K, 100% used [0x00000000eab00000,0x00000000ebd00000,0x00000000ebd00000)
  from space 1536K, 100% used [0x00000000ebd00000,0x00000000ebe80000,0x00000000ebe80000)
  to   space 2560K, 0% used [0x00000000ebf80000,0x00000000ebf80000,0x00000000ec200000)
 ParOldGen       total 68608K, used 30998K [0x00000000c0000000, 0x00000000c4300000, 0x00000000eab00000)
  object space 68608K, 45% used [0x00000000c0000000,0x00000000c1e45960,0x00000000c4300000)
 Metaspace       used 45075K, committed 45888K, reserved 1114112K
  class space    used 4550K, committed 4928K, reserved 1048576K
}
Event: 63.185 GC heap after
{Heap after GC invocations=26 (full 2):
 PSYoungGen      total 19456K, used 768K [0x00000000eab00000, 0x00000000ec080000, 0x0000000100000000)
  eden space 18432K, 0% used [0x00000000eab00000,0x00000000eab00000,0x00000000ebd00000)
  from space 1024K, 75% used [0x00000000ebf80000,0x00000000ec040000,0x00000000ec080000)
  to   space 1536K, 0% used [0x00000000ebd80000,0x00000000ebd80000,0x00000000ebf00000)
 ParOldGen       total 68608K, used 32446K [0x00000000c0000000, 0x00000000c4300000, 0x00000000eab00000)
  object space 68608K, 47% used [0x00000000c0000000,0x00000000c1faf960,0x00000000c4300000)
 Metaspace       used 45075K, committed 45888K, reserved 1114112K
  class space    used 4550K, committed 4928K, reserved 1048576K
}
Event: 63.225 GC heap before
{Heap before GC invocations=27 (full 2):
 PSYoungGen      total 19456K, used 19200K [0x00000000eab00000, 0x00000000ec080000, 0x0000000100000000)
  eden space 18432K, 100% used [0x00000000eab00000,0x00000000ebd00000,0x00000000ebd00000)
  from space 1024K, 75% used [0x00000000ebf80000,0x00000000ec040000,0x00000000ec080000)
  to   space 1536K, 0% used [0x00000000ebd80000,0x00000000ebd80000,0x00000000ebf00000)
 ParOldGen       total 68608K, used 32446K [0x00000000c0000000, 0x00000000c4300000, 0x00000000eab00000)
  object space 68608K, 47% used [0x00000000c0000000,0x00000000c1faf960,0x00000000c4300000)
 Metaspace       used 45076K, committed 45888K, reserved 1114112K
  class space    used 4550K, committed 4928K, reserved 1048576K
}
Event: 63.227 GC heap after
{Heap after GC invocations=27 (full 2):
 PSYoungGen      total 19968K, used 928K [0x00000000eab00000, 0x00000000ec000000, 0x0000000100000000)
  eden space 18432K, 0% used [0x00000000eab00000,0x00000000eab00000,0x00000000ebd00000)
  from space 1536K, 60% used [0x00000000ebd80000,0x00000000ebe68000,0x00000000ebf00000)
  to   space 1024K, 0% used [0x00000000ebf00000,0x00000000ebf00000,0x00000000ec000000)
 ParOldGen       total 68608K, used 33106K [0x00000000c0000000, 0x00000000c4300000, 0x00000000eab00000)
  object space 68608K, 48% used [0x00000000c0000000,0x00000000c2054b60,0x00000000c4300000)
 Metaspace       used 45076K, committed 45888K, reserved 1114112K
  class space    used 4550K, committed 4928K, reserved 1048576K
}
Event: 63.262 GC heap before
{Heap before GC invocations=28 (full 2):
 PSYoungGen      total 19968K, used 19360K [0x00000000eab00000, 0x00000000ec000000, 0x0000000100000000)
  eden space 18432K, 100% used [0x00000000eab00000,0x00000000ebd00000,0x00000000ebd00000)
  from space 1536K, 60% used [0x00000000ebd80000,0x00000000ebe68000,0x00000000ebf00000)
  to   space 1024K, 0% used [0x00000000ebf00000,0x00000000ebf00000,0x00000000ec000000)
 ParOldGen       total 68608K, used 33106K [0x00000000c0000000, 0x00000000c4300000, 0x00000000eab00000)
  object space 68608K, 48% used [0x00000000c0000000,0x00000000c2054b60,0x00000000c4300000)
 Metaspace       used 45083K, committed 45888K, reserved 1114112K
  class space    used 4551K, committed 4928K, reserved 1048576K
}
Event: 63.263 GC heap after
{Heap after GC invocations=28 (full 2):
 PSYoungGen      total 19456K, used 672K [0x00000000eab00000, 0x00000000ec000000, 0x0000000100000000)
  eden space 18432K, 0% used [0x00000000eab00000,0x00000000eab00000,0x00000000ebd00000)
  from space 1024K, 65% used [0x00000000ebf00000,0x00000000ebfa8000,0x00000000ec000000)
  to   space 1024K, 0% used [0x00000000ebe00000,0x00000000ebe00000,0x00000000ebf00000)
 ParOldGen       total 68608K, used 33562K [0x00000000c0000000, 0x00000000c4300000, 0x00000000eab00000)
  object space 68608K, 48% used [0x00000000c0000000,0x00000000c20c6b60,0x00000000c4300000)
 Metaspace       used 45083K, committed 45888K, reserved 1114112K
  class space    used 4551K, committed 4928K, reserved 1048576K
}
Event: 64.443 GC heap before
{Heap before GC invocations=29 (full 2):
 PSYoungGen      total 19456K, used 19104K [0x00000000eab00000, 0x00000000ec000000, 0x0000000100000000)
  eden space 18432K, 100% used [0x00000000eab00000,0x00000000ebd00000,0x00000000ebd00000)
  from space 1024K, 65% used [0x00000000ebf00000,0x00000000ebfa8000,0x00000000ec000000)
  to   space 1024K, 0% used [0x00000000ebe00000,0x00000000ebe00000,0x00000000ebf00000)
 ParOldGen       total 68608K, used 33562K [0x00000000c0000000, 0x00000000c4300000, 0x00000000eab00000)
  object space 68608K, 48% used [0x00000000c0000000,0x00000000c20c6b60,0x00000000c4300000)
 Metaspace       used 46525K, committed 47360K, reserved 1114112K
  class space    used 4730K, committed 5120K, reserved 1048576K
}
Event: 64.450 GC heap after
{Heap after GC invocations=29 (full 2):
 PSYoungGen      total 19456K, used 992K [0x00000000eab00000, 0x00000000ec600000, 0x0000000100000000)
  eden space 18432K, 0% used [0x00000000eab00000,0x00000000eab00000,0x00000000ebd00000)
  from space 1024K, 96% used [0x00000000ebe00000,0x00000000ebef8020,0x00000000ebf00000)
  to   space 4608K, 0% used [0x00000000ec180000,0x00000000ec180000,0x00000000ec600000)
 ParOldGen       total 68608K, used 36392K [0x00000000c0000000, 0x00000000c4300000, 0x00000000eab00000)
  object space 68608K, 53% used [0x00000000c0000000,0x00000000c238a258,0x00000000c4300000)
 Metaspace       used 46525K, committed 47360K, reserved 1114112K
  class space    used 4730K, committed 5120K, reserved 1048576K
}
Event: 93.355 GC heap before
{Heap before GC invocations=30 (full 2):
 PSYoungGen      total 19456K, used 19424K [0x00000000eab00000, 0x00000000ec600000, 0x0000000100000000)
  eden space 18432K, 100% used [0x00000000eab00000,0x00000000ebd00000,0x00000000ebd00000)
  from space 1024K, 96% used [0x00000000ebe00000,0x00000000ebef8020,0x00000000ebf00000)
  to   space 4608K, 0% used [0x00000000ec180000,0x00000000ec180000,0x00000000ec600000)
 ParOldGen       total 68608K, used 36392K [0x00000000c0000000, 0x00000000c4300000, 0x00000000eab00000)
  object space 68608K, 53% used [0x00000000c0000000,0x00000000c238a258,0x00000000c4300000)
 Metaspace       used 48032K, committed 48832K, reserved 1114112K
  class space    used 4842K, committed 5184K, reserved 1048576K
}
Event: 93.399 GC heap after
{Heap after GC invocations=30 (full 2):
 PSYoungGen      total 20992K, used 2423K [0x00000000eab00000, 0x00000000ec400000, 0x0000000100000000)
  eden space 18432K, 0% used [0x00000000eab00000,0x00000000eab00000,0x00000000ebd00000)
  from space 2560K, 94% used [0x00000000ec180000,0x00000000ec3ddf40,0x00000000ec400000)
  to   space 3072K, 0% used [0x00000000ebe00000,0x00000000ebe00000,0x00000000ec100000)
 ParOldGen       total 68608K, used 37393K [0x00000000c0000000, 0x00000000c4300000, 0x00000000eab00000)
  object space 68608K, 54% used [0x00000000c0000000,0x00000000c2484580,0x00000000c4300000)
 Metaspace       used 48032K, committed 48832K, reserved 1114112K
  class space    used 4842K, committed 5184K, reserved 1048576K
}

