# JRE version: OpenJDK Runtime Environment Temurin-17.0.11+9 (17.0.11+9) (build 17.0.11+9)
# Java VM: OpenJDK 64-Bit Server VM Temurin-17.0.11+9 (17.0.11+9, mixed mode, emulated-client, tiered, compressed oops, compressed class ptrs, g1 gc, windows-amd64)
GC Precious Log:
 CPUs: 4 total, 4 available
 Memory: 3879M
 Large Page Support: Disabled
 NUMA Support: Disabled
 Compressed Oops: Enabled (32-bit)
 Heap Region Size: 1M
 Heap Min Capacity: 8M
 Heap Initial Capacity: 62M
 Heap Max Capacity: 1G
 Pre-touch: Disabled
 Parallel Workers: 4
 Concurrent Workers: 1
 Concurrent Refinement Workers: 4
 Periodic GC: Disabled
Heap:
 garbage-first heap   total 106496K, used 34131K [0x00000000c0000000, 0x0000000100000000)
  region size 1024K, 1 young (1024K), 0 survivors (0K)
 Metaspace       used 62066K, committed 62528K, reserved 1114112K
  class space    used 7595K, committed 7808K, reserved 1048576K
GC Heap History (20 events):
Event: 27450.671 GC heap before
{Heap before GC invocations=1680 (full 1648):
 garbage-first heap   total 106496K, used 34131K [0x00000000c0000000, 0x0000000100000000)
  region size 1024K, 1 young (1024K), 0 survivors (0K)
 Metaspace       used 62066K, committed 62528K, reserved 1114112K
  class space    used 7595K, committed 7808K, reserved 1048576K
}
Event: 27451.305 GC heap after
{Heap after GC invocations=1681 (full 1649):
 garbage-first heap   total 106496K, used 34131K [0x00000000c0000000, 0x0000000100000000)
  region size 1024K, 0 young (0K), 0 survivors (0K)
 Metaspace       used 62066K, committed 62528K, reserved 1114112K
  class space    used 7595K, committed 7808K, reserved 1048576K
}
Event: 27461.552 GC heap before
{Heap before GC invocations=1681 (full 1649):
 garbage-first heap   total 106496K, used 34131K [0x00000000c0000000, 0x0000000100000000)
  region size 1024K, 1 young (1024K), 0 survivors (0K)
 Metaspace       used 62066K, committed 62528K, reserved 1114112K
  class space    used 7595K, committed 7808K, reserved 1048576K
}
Event: 27461.584 GC heap after
{Heap after GC invocations=1682 (full 1650):
 garbage-first heap   total 106496K, used 34131K [0x00000000c0000000, 0x0000000100000000)
  region size 1024K, 0 young (0K), 0 survivors (0K)
 Metaspace       used 62066K, committed 62528K, reserved 1114112K
  class space    used 7595K, committed 7808K, reserved 1048576K
}
Event: 27472.645 GC heap before
{Heap before GC invocations=1682 (full 1650):
 garbage-first heap   total 106496K, used 34131K [0x00000000c0000000, 0x0000000100000000)
  region size 1024K, 1 young (1024K), 0 survivors (0K)
 Metaspace       used 62066K, committed 62528K, reserved 1114112K
  class space    used 7595K, committed 7808K, reserved 1048576K
}
Event: 27473.358 GC heap after
{Heap after GC invocations=1683 (full 1651):
 garbage-first heap   total 106496K, used 34131K [0x00000000c0000000, 0x0000000100000000)
  region size 1024K, 0 young (0K), 0 survivors (0K)
 Metaspace       used 62066K, committed 62528K, reserved 1114112K
  class space    used 7595K, committed 7808K, reserved 1048576K
}
Event: 27484.360 GC heap before
{Heap before GC invocations=1683 (full 1651):
 garbage-first heap   total 106496K, used 34131K [0x00000000c0000000, 0x0000000100000000)
  region size 1024K, 1 young (1024K), 0 survivors (0K)
 Metaspace       used 62066K, committed 62528K, reserved 1114112K
  class space    used 7595K, committed 7808K, reserved 1048576K
}
Event: 27485.041 GC heap after
{Heap after GC invocations=1684 (full 1652):
 garbage-first heap   total 106496K, used 34131K [0x00000000c0000000, 0x0000000100000000)
  region size 1024K, 0 young (0K), 0 survivors (0K)
 Metaspace       used 62066K, committed 62528K, reserved 1114112K
  class space    used 7595K, committed 7808K, reserved 1048576K
}
Event: 27495.858 GC heap before
{Heap before GC invocations=1684 (full 1652):
 garbage-first heap   total 106496K, used 34131K [0x00000000c0000000, 0x0000000100000000)
  region size 1024K, 1 young (1024K), 0 survivors (0K)
 Metaspace       used 62066K, committed 62528K, reserved 1114112K
  class space    used 7595K, committed 7808K, reserved 1048576K
}
Event: 27496.511 GC heap after
{Heap after GC invocations=1685 (full 1653):
 garbage-first heap   total 106496K, used 34131K [0x00000000c0000000, 0x0000000100000000)
  region size 1024K, 0 young (0K), 0 survivors (0K)
 Metaspace       used 62066K, committed 62528K, reserved 1114112K
  class space    used 7595K, committed 7808K, reserved 1048576K
}
Event: 27520.679 GC heap before
{Heap before GC invocations=1685 (full 1653):
 garbage-first heap   total 106496K, used 34131K [0x00000000c0000000, 0x0000000100000000)
  region size 1024K, 1 young (1024K), 0 survivors (0K)
 Metaspace       used 62066K, committed 62528K, reserved 1114112K
  class space    used 7595K, committed 7808K, reserved 1048576K
}
Event: 27521.580 GC heap after
{Heap after GC invocations=1686 (full 1654):
 garbage-first heap   total 106496K, used 34131K [0x00000000c0000000, 0x0000000100000000)
  region size 1024K, 0 young (0K), 0 survivors (0K)
 Metaspace       used 62066K, committed 62528K, reserved 1114112K
  class space    used 7595K, committed 7808K, reserved 1048576K
}
Event: 27533.300 GC heap before
{Heap before GC invocations=1686 (full 1654):
 garbage-first heap   total 106496K, used 34131K [0x00000000c0000000, 0x0000000100000000)
  region size 1024K, 1 young (1024K), 0 survivors (0K)
 Metaspace       used 62066K, committed 62528K, reserved 1114112K
  class space    used 7595K, committed 7808K, reserved 1048576K
}
Event: 27534.240 GC heap after
{Heap after GC invocations=1687 (full 1655):
 garbage-first heap   total 106496K, used 34131K [0x00000000c0000000, 0x0000000100000000)
  region size 1024K, 0 young (0K), 0 survivors (0K)
 Metaspace       used 62066K, committed 62528K, reserved 1114112K
  class space    used 7595K, committed 7808K, reserved 1048576K
}
Event: 27549.917 GC heap before
{Heap before GC invocations=1687 (full 1655):
 garbage-first heap   total 106496K, used 34131K [0x00000000c0000000, 0x0000000100000000)
  region size 1024K, 1 young (1024K), 0 survivors (0K)
 Metaspace       used 62066K, committed 62528K, reserved 1114112K
  class space    used 7595K, committed 7808K, reserved 1048576K
}
Event: 27550.625 GC heap after
{Heap after GC invocations=1688 (full 1656):
 garbage-first heap   total 106496K, used 34131K [0x00000000c0000000, 0x0000000100000000)
  region size 1024K, 0 young (0K), 0 survivors (0K)
 Metaspace       used 62066K, committed 62528K, reserved 1114112K
  class space    used 7595K, committed 7808K, reserved 1048576K
}
Event: 27567.300 GC heap before
{Heap before GC invocations=1688 (full 1656):
 garbage-first heap   total 106496K, used 34131K [0x00000000c0000000, 0x0000000100000000)
  region size 1024K, 1 young (1024K), 0 survivors (0K)
 Metaspace       used 62066K, committed 62528K, reserved 1114112K
  class space    used 7595K, committed 7808K, reserved 1048576K
}
Event: 27568.066 GC heap after
{Heap after GC invocations=1689 (full 1657):
 garbage-first heap   total 106496K, used 34131K [0x00000000c0000000, 0x0000000100000000)
  region size 1024K, 0 young (0K), 0 survivors (0K)
 Metaspace       used 62066K, committed 62528K, reserved 1114112K
  class space    used 7595K, committed 7808K, reserved 1048576K
}
Event: 27579.962 GC heap before
{Heap before GC invocations=1689 (full 1657):
 garbage-first heap   total 106496K, used 34131K [0x00000000c0000000, 0x0000000100000000)
  region size 1024K, 1 young (1024K), 0 survivors (0K)
 Metaspace       used 62066K, committed 62528K, reserved 1114112K
  class space    used 7595K, committed 7808K, reserved 1048576K
}
Event: 27580.604 GC heap after
{Heap after GC invocations=1690 (full 1658):
 garbage-first heap   total 106496K, used 34131K [0x00000000c0000000, 0x0000000100000000)
  region size 1024K, 0 young (0K), 0 survivors (0K)
 Metaspace       used 62066K, committed 62528K, reserved 1114112K
  class space    used 7595K, committed 7808K, reserved 1048576K
}

