# JRE version: OpenJDK Runtime Environment Temurin-17.0.11+9 (17.0.11+9) (build 17.0.11+9)
# Java VM: OpenJDK 64-Bit Server VM Temurin-17.0.11+9 (17.0.11+9, mixed mode, tiered, compressed oops, compressed class ptrs, parallel gc, windows-amd64)
GC Precious Log:
 CPUs: 4 total, 4 available
 Memory: 3879M
 Large Page Support: Disabled
 NUMA Support: Disabled
 Compressed Oops: Enabled (32-bit)
 Alignments: Space 512K, Generation 512K, Heap 2M
 Heap Min Capacity: 100M
 Heap Initial Capacity: 100M
 Heap Max Capacity: 1G
 Pre-touch: Disabled
 Parallel Workers: 4
Heap:
 PSYoungGen      total 32768K, used 23717K [0x00000000eab00000, 0x00000000ee580000, 0x0000000100000000)
  eden space 17920K, 49% used [0x00000000eab00000,0x00000000eb3ae728,0x00000000ebc80000)
  from space 14848K, 99% used [0x00000000ebc80000,0x00000000ecafaeb8,0x00000000ecb00000)
  to   space 19968K, 0% used [0x00000000ed200000,0x00000000ed200000,0x00000000ee580000)
 ParOldGen       total 452608K, used 427953K [0x00000000c0000000, 0x00000000dba00000, 0x00000000eab00000)
  object space 452608K, 94% used [0x00000000c0000000,0x00000000da1ec718,0x00000000dba00000)
 Metaspace       used 104316K, committed 105792K, reserved 1179648K
  class space    used 10643K, committed 11264K, reserved 1048576K
GC Heap History (20 events):
Event: 10062.246 GC heap before
{Heap before GC invocations=1871 (full 40):
 PSYoungGen      total 27136K, used 25388K [0x00000000eab00000, 0x00000000ec700000, 0x0000000100000000)
  eden space 25088K, 100% used [0x00000000eab00000,0x00000000ec380000,0x00000000ec380000)
  from space 2048K, 14% used [0x00000000ec400000,0x00000000ec44b248,0x00000000ec600000)
  to   space 1024K, 0% used [0x00000000ec600000,0x00000000ec600000,0x00000000ec700000)
 ParOldGen       total 452608K, used 411553K [0x00000000c0000000, 0x00000000dba00000, 0x00000000eab00000)
  object space 452608K, 90% used [0x00000000c0000000,0x00000000d91e8708,0x00000000dba00000)
 Metaspace       used 104299K, committed 105728K, reserved 1179648K
  class space    used 10643K, committed 11264K, reserved 1048576K
}
Event: 10062.254 GC heap after
{Heap after GC invocations=1871 (full 40):
 PSYoungGen      total 22016K, used 1005K [0x00000000eab00000, 0x00000000ed080000, 0x0000000100000000)
  eden space 20992K, 0% used [0x00000000eab00000,0x00000000eab00000,0x00000000ebf80000)
  from space 1024K, 98% used [0x00000000ec600000,0x00000000ec6fb770,0x00000000ec700000)
  to   space 6656K, 0% used [0x00000000ebf80000,0x00000000ebf80000,0x00000000ec600000)
 ParOldGen       total 452608K, used 415869K [0x00000000c0000000, 0x00000000dba00000, 0x00000000eab00000)
  object space 452608K, 91% used [0x00000000c0000000,0x00000000d961f610,0x00000000dba00000)
 Metaspace       used 104299K, committed 105728K, reserved 1179648K
  class space    used 10643K, committed 11264K, reserved 1048576K
}
Event: 10062.499 GC heap before
{Heap before GC invocations=1872 (full 40):
 PSYoungGen      total 22016K, used 21997K [0x00000000eab00000, 0x00000000ed080000, 0x0000000100000000)
  eden space 20992K, 100% used [0x00000000eab00000,0x00000000ebf80000,0x00000000ebf80000)
  from space 1024K, 98% used [0x00000000ec600000,0x00000000ec6fb770,0x00000000ec700000)
  to   space 6656K, 0% used [0x00000000ebf80000,0x00000000ebf80000,0x00000000ec600000)
 ParOldGen       total 452608K, used 415869K [0x00000000c0000000, 0x00000000dba00000, 0x00000000eab00000)
  object space 452608K, 91% used [0x00000000c0000000,0x00000000d961f610,0x00000000dba00000)
 Metaspace       used 104300K, committed 105728K, reserved 1179648K
  class space    used 10643K, committed 11264K, reserved 1048576K
}
Event: 10062.508 GC heap after
{Heap after GC invocations=1872 (full 40):
 PSYoungGen      total 26624K, used 5470K [0x00000000eab00000, 0x00000000ecb80000, 0x0000000100000000)
  eden space 20992K, 0% used [0x00000000eab00000,0x00000000eab00000,0x00000000ebf80000)
  from space 5632K, 97% used [0x00000000ebf80000,0x00000000ec4d78d0,0x00000000ec500000)
  to   space 6144K, 0% used [0x00000000ec580000,0x00000000ec580000,0x00000000ecb80000)
 ParOldGen       total 452608K, used 415877K [0x00000000c0000000, 0x00000000dba00000, 0x00000000eab00000)
  object space 452608K, 91% used [0x00000000c0000000,0x00000000d9621610,0x00000000dba00000)
 Metaspace       used 104300K, committed 105728K, reserved 1179648K
  class space    used 10643K, committed 11264K, reserved 1048576K
}
Event: 10062.693 GC heap before
{Heap before GC invocations=1873 (full 40):
 PSYoungGen      total 26624K, used 26462K [0x00000000eab00000, 0x00000000ecb80000, 0x0000000100000000)
  eden space 20992K, 100% used [0x00000000eab00000,0x00000000ebf80000,0x00000000ebf80000)
  from space 5632K, 97% used [0x00000000ebf80000,0x00000000ec4d78d0,0x00000000ec500000)
  to   space 6144K, 0% used [0x00000000ec580000,0x00000000ec580000,0x00000000ecb80000)
 ParOldGen       total 452608K, used 415877K [0x00000000c0000000, 0x00000000dba00000, 0x00000000eab00000)
  object space 452608K, 91% used [0x00000000c0000000,0x00000000d9621610,0x00000000dba00000)
 Metaspace       used 104301K, committed 105792K, reserved 1179648K
  class space    used 10643K, committed 11264K, reserved 1048576K
}
Event: 10062.706 GC heap after
{Heap after GC invocations=1873 (full 40):
 PSYoungGen      total 24064K, used 6127K [0x00000000eab00000, 0x00000000ed180000, 0x0000000100000000)
  eden space 17920K, 0% used [0x00000000eab00000,0x00000000eab00000,0x00000000ebc80000)
  from space 6144K, 99% used [0x00000000ec580000,0x00000000ecb7bdb0,0x00000000ecb80000)
  to   space 9216K, 0% used [0x00000000ebc80000,0x00000000ebc80000,0x00000000ec580000)
 ParOldGen       total 452608K, used 418032K [0x00000000c0000000, 0x00000000dba00000, 0x00000000eab00000)
  object space 452608K, 92% used [0x00000000c0000000,0x00000000d983c200,0x00000000dba00000)
 Metaspace       used 104301K, committed 105792K, reserved 1179648K
  class space    used 10643K, committed 11264K, reserved 1048576K
}
Event: 10063.080 GC heap before
{Heap before GC invocations=1874 (full 40):
 PSYoungGen      total 24064K, used 24047K [0x00000000eab00000, 0x00000000ed180000, 0x0000000100000000)
  eden space 17920K, 100% used [0x00000000eab00000,0x00000000ebc80000,0x00000000ebc80000)
  from space 6144K, 99% used [0x00000000ec580000,0x00000000ecb7bdb0,0x00000000ecb80000)
  to   space 9216K, 0% used [0x00000000ebc80000,0x00000000ebc80000,0x00000000ec580000)
 ParOldGen       total 452608K, used 418032K [0x00000000c0000000, 0x00000000dba00000, 0x00000000eab00000)
  object space 452608K, 92% used [0x00000000c0000000,0x00000000d983c200,0x00000000dba00000)
 Metaspace       used 104304K, committed 105792K, reserved 1179648K
  class space    used 10643K, committed 11264K, reserved 1048576K
}
Event: 10063.097 GC heap after
{Heap after GC invocations=1874 (full 40):
 PSYoungGen      total 27136K, used 8650K [0x00000000eab00000, 0x00000000ece80000, 0x0000000100000000)
  eden space 17920K, 0% used [0x00000000eab00000,0x00000000eab00000,0x00000000ebc80000)
  from space 9216K, 93% used [0x00000000ebc80000,0x00000000ec4f2b08,0x00000000ec580000)
  to   space 9216K, 0% used [0x00000000ec580000,0x00000000ec580000,0x00000000ece80000)
 ParOldGen       total 452608K, used 418040K [0x00000000c0000000, 0x00000000dba00000, 0x00000000eab00000)
  object space 452608K, 92% used [0x00000000c0000000,0x00000000d983e200,0x00000000dba00000)
 Metaspace       used 104304K, committed 105792K, reserved 1179648K
  class space    used 10643K, committed 11264K, reserved 1048576K
}
Event: 10063.320 GC heap before
{Heap before GC invocations=1875 (full 40):
 PSYoungGen      total 27136K, used 26570K [0x00000000eab00000, 0x00000000ece80000, 0x0000000100000000)
  eden space 17920K, 100% used [0x00000000eab00000,0x00000000ebc80000,0x00000000ebc80000)
  from space 9216K, 93% used [0x00000000ebc80000,0x00000000ec4f2b08,0x00000000ec580000)
  to   space 9216K, 0% used [0x00000000ec580000,0x00000000ec580000,0x00000000ece80000)
 ParOldGen       total 452608K, used 418040K [0x00000000c0000000, 0x00000000dba00000, 0x00000000eab00000)
  object space 452608K, 92% used [0x00000000c0000000,0x00000000d983e200,0x00000000dba00000)
 Metaspace       used 104304K, committed 105792K, reserved 1179648K
  class space    used 10643K, committed 11264K, reserved 1048576K
}
Event: 10063.332 GC heap after
{Heap after GC invocations=1875 (full 40):
 PSYoungGen      total 25088K, used 9209K [0x00000000eab00000, 0x00000000ed280000, 0x0000000100000000)
  eden space 15872K, 0% used [0x00000000eab00000,0x00000000eab00000,0x00000000eba80000)
  from space 9216K, 99% used [0x00000000ec580000,0x00000000ece7e758,0x00000000ece80000)
  to   space 11264K, 0% used [0x00000000eba80000,0x00000000eba80000,0x00000000ec580000)
 ParOldGen       total 452608K, used 419372K [0x00000000c0000000, 0x00000000dba00000, 0x00000000eab00000)
  object space 452608K, 92% used [0x00000000c0000000,0x00000000d998b1d0,0x00000000dba00000)
 Metaspace       used 104304K, committed 105792K, reserved 1179648K
  class space    used 10643K, committed 11264K, reserved 1048576K
}
Event: 10064.036 GC heap before
{Heap before GC invocations=1876 (full 40):
 PSYoungGen      total 25088K, used 25081K [0x00000000eab00000, 0x00000000ed280000, 0x0000000100000000)
  eden space 15872K, 100% used [0x00000000eab00000,0x00000000eba80000,0x00000000eba80000)
  from space 9216K, 99% used [0x00000000ec580000,0x00000000ece7e758,0x00000000ece80000)
  to   space 11264K, 0% used [0x00000000eba80000,0x00000000eba80000,0x00000000ec580000)
 ParOldGen       total 452608K, used 419372K [0x00000000c0000000, 0x00000000dba00000, 0x00000000eab00000)
  object space 452608K, 92% used [0x00000000c0000000,0x00000000d998b1d0,0x00000000dba00000)
 Metaspace       used 104307K, committed 105792K, reserved 1179648K
  class space    used 10643K, committed 11264K, reserved 1048576K
}
Event: 10064.049 GC heap after
{Heap after GC invocations=1876 (full 40):
 PSYoungGen      total 27136K, used 11238K [0x00000000eab00000, 0x00000000ed280000, 0x0000000100000000)
  eden space 15872K, 0% used [0x00000000eab00000,0x00000000eab00000,0x00000000eba80000)
  from space 11264K, 99% used [0x00000000eba80000,0x00000000ec5799d0,0x00000000ec580000)
  to   space 12288K, 0% used [0x00000000ec680000,0x00000000ec680000,0x00000000ed280000)
 ParOldGen       total 452608K, used 419660K [0x00000000c0000000, 0x00000000dba00000, 0x00000000eab00000)
  object space 452608K, 92% used [0x00000000c0000000,0x00000000d99d3108,0x00000000dba00000)
 Metaspace       used 104307K, committed 105792K, reserved 1179648K
  class space    used 10643K, committed 11264K, reserved 1048576K
}
Event: 10064.249 GC heap before
{Heap before GC invocations=1877 (full 40):
 PSYoungGen      total 27136K, used 27110K [0x00000000eab00000, 0x00000000ed280000, 0x0000000100000000)
  eden space 15872K, 100% used [0x00000000eab00000,0x00000000eba80000,0x00000000eba80000)
  from space 11264K, 99% used [0x00000000eba80000,0x00000000ec5799d0,0x00000000ec580000)
  to   space 12288K, 0% used [0x00000000ec680000,0x00000000ec680000,0x00000000ed280000)
 ParOldGen       total 452608K, used 419660K [0x00000000c0000000, 0x00000000dba00000, 0x00000000eab00000)
  object space 452608K, 92% used [0x00000000c0000000,0x00000000d99d3108,0x00000000dba00000)
 Metaspace       used 104307K, committed 105792K, reserved 1179648K
  class space    used 10643K, committed 11264K, reserved 1048576K
}
Event: 10064.265 GC heap after
{Heap after GC invocations=1877 (full 40):
 PSYoungGen      total 26624K, used 10600K [0x00000000eab00000, 0x00000000ed100000, 0x0000000100000000)
  eden space 15872K, 0% used [0x00000000eab00000,0x00000000eab00000,0x00000000eba80000)
  from space 10752K, 98% used [0x00000000ec680000,0x00000000ed0da090,0x00000000ed100000)
  to   space 11264K, 0% used [0x00000000ebb00000,0x00000000ebb00000,0x00000000ec600000)
 ParOldGen       total 452608K, used 419668K [0x00000000c0000000, 0x00000000dba00000, 0x00000000eab00000)
  object space 452608K, 92% used [0x00000000c0000000,0x00000000d99d5108,0x00000000dba00000)
 Metaspace       used 104307K, committed 105792K, reserved 1179648K
  class space    used 10643K, committed 11264K, reserved 1048576K
}
Event: 10064.453 GC heap before
{Heap before GC invocations=1878 (full 40):
 PSYoungGen      total 26624K, used 26472K [0x00000000eab00000, 0x00000000ed100000, 0x0000000100000000)
  eden space 15872K, 100% used [0x00000000eab00000,0x00000000eba80000,0x00000000eba80000)
  from space 10752K, 98% used [0x00000000ec680000,0x00000000ed0da090,0x00000000ed100000)
  to   space 11264K, 0% used [0x00000000ebb00000,0x00000000ebb00000,0x00000000ec600000)
 ParOldGen       total 452608K, used 419668K [0x00000000c0000000, 0x00000000dba00000, 0x00000000eab00000)
  object space 452608K, 92% used [0x00000000c0000000,0x00000000d99d5108,0x00000000dba00000)
 Metaspace       used 104307K, committed 105792K, reserved 1179648K
  class space    used 10643K, committed 11264K, reserved 1048576K
}
Event: 10064.466 GC heap after
{Heap after GC invocations=1878 (full 40):
 PSYoungGen      total 27136K, used 11262K [0x00000000eab00000, 0x00000000edb80000, 0x0000000100000000)
  eden space 15872K, 0% used [0x00000000eab00000,0x00000000eab00000,0x00000000eba80000)
  from space 11264K, 99% used [0x00000000ebb00000,0x00000000ec5ff800,0x00000000ec600000)
  to   space 16896K, 0% used [0x00000000ecb00000,0x00000000ecb00000,0x00000000edb80000)
 ParOldGen       total 452608K, used 424065K [0x00000000c0000000, 0x00000000dba00000, 0x00000000eab00000)
  object space 452608K, 93% used [0x00000000c0000000,0x00000000d9e205d8,0x00000000dba00000)
 Metaspace       used 104307K, committed 105792K, reserved 1179648K
  class space    used 10643K, committed 11264K, reserved 1048576K
}
Event: 10064.503 GC heap before
{Heap before GC invocations=1879 (full 40):
 PSYoungGen      total 27136K, used 27134K [0x00000000eab00000, 0x00000000edb80000, 0x0000000100000000)
  eden space 15872K, 100% used [0x00000000eab00000,0x00000000eba80000,0x00000000eba80000)
  from space 11264K, 99% used [0x00000000ebb00000,0x00000000ec5ff800,0x00000000ec600000)
  to   space 16896K, 0% used [0x00000000ecb00000,0x00000000ecb00000,0x00000000edb80000)
 ParOldGen       total 452608K, used 424065K [0x00000000c0000000, 0x00000000dba00000, 0x00000000eab00000)
  object space 452608K, 93% used [0x00000000c0000000,0x00000000d9e205d8,0x00000000dba00000)
 Metaspace       used 104307K, committed 105792K, reserved 1179648K
  class space    used 10643K, committed 11264K, reserved 1048576K
}
Event: 10064.520 GC heap after
{Heap after GC invocations=1879 (full 40):
 PSYoungGen      total 32768K, used 14236K [0x00000000eab00000, 0x00000000ed980000, 0x0000000100000000)
  eden space 17920K, 0% used [0x00000000eab00000,0x00000000eab00000,0x00000000ebc80000)
  from space 14848K, 95% used [0x00000000ecb00000,0x00000000ed8e7038,0x00000000ed980000)
  to   space 14848K, 0% used [0x00000000ebc80000,0x00000000ebc80000,0x00000000ecb00000)
 ParOldGen       total 452608K, used 424065K [0x00000000c0000000, 0x00000000dba00000, 0x00000000eab00000)
  object space 452608K, 93% used [0x00000000c0000000,0x00000000d9e205d8,0x00000000dba00000)
 Metaspace       used 104307K, committed 105792K, reserved 1179648K
  class space    used 10643K, committed 11264K, reserved 1048576K
}
Event: 10087.384 GC heap before
{Heap before GC invocations=1880 (full 40):
 PSYoungGen      total 32768K, used 32156K [0x00000000eab00000, 0x00000000ed980000, 0x0000000100000000)
  eden space 17920K, 100% used [0x00000000eab00000,0x00000000ebc80000,0x00000000ebc80000)
  from space 14848K, 95% used [0x00000000ecb00000,0x00000000ed8e7038,0x00000000ed980000)
  to   space 14848K, 0% used [0x00000000ebc80000,0x00000000ebc80000,0x00000000ecb00000)
 ParOldGen       total 452608K, used 424065K [0x00000000c0000000, 0x00000000dba00000, 0x00000000eab00000)
  object space 452608K, 93% used [0x00000000c0000000,0x00000000d9e205d8,0x00000000dba00000)
 Metaspace       used 104316K, committed 105792K, reserved 1179648K
  class space    used 10643K, committed 11264K, reserved 1048576K
}
Event: 10087.682 GC heap after
{Heap after GC invocations=1880 (full 40):
 PSYoungGen      total 32768K, used 14827K [0x00000000eab00000, 0x00000000ee580000, 0x0000000100000000)
  eden space 17920K, 0% used [0x00000000eab00000,0x00000000eab00000,0x00000000ebc80000)
  from space 14848K, 99% used [0x00000000ebc80000,0x00000000ecafaeb8,0x00000000ecb00000)
  to   space 19968K, 0% used [0x00000000ed200000,0x00000000ed200000,0x00000000ee580000)
 ParOldGen       total 452608K, used 427953K [0x00000000c0000000, 0x00000000dba00000, 0x00000000eab00000)
  object space 452608K, 94% used [0x00000000c0000000,0x00000000da1ec718,0x00000000dba00000)
 Metaspace       used 104316K, committed 105792K, reserved 1179648K
  class space    used 10643K, committed 11264K, reserved 1048576K
}

