# JRE version: OpenJDK Runtime Environment Temurin-17.0.11+9 (17.0.11+9) (build 17.0.11+9)
# Java VM: OpenJDK 64-Bit Server VM Temurin-17.0.11+9 (17.0.11+9, mixed mode, emulated-client, tiered, compressed oops, compressed class ptrs, g1 gc, windows-amd64)
GC Precious Log:
 CPUs: 4 total, 4 available
 Memory: 3879M
 Large Page Support: Disabled
 NUMA Support: Disabled
 Compressed Oops: Enabled (32-bit)
 Heap Region Size: 1M
 Heap Min Capacity: 8M
 Heap Initial Capacity: 62M
 Heap Max Capacity: 1G
 Pre-touch: Disabled
 Parallel Workers: 4
 Concurrent Workers: 1
 Concurrent Refinement Workers: 4
 Periodic GC: Disabled
Heap:
 garbage-first heap   total 76800K, used 24973K [0x00000000c0000000, 0x0000000100000000)
  region size 1024K, 1 young (1024K), 0 survivors (0K)
 Metaspace       used 39953K, committed 40512K, reserved 1114112K
  class space    used 5048K, committed 5248K, reserved 1048576K
GC Heap History (20 events):
Event: 12656.897 GC heap before
{Heap before GC invocations=299 (full 272):
 garbage-first heap   total 76800K, used 24973K [0x00000000c0000000, 0x0000000100000000)
  region size 1024K, 1 young (1024K), 0 survivors (0K)
 Metaspace       used 39953K, committed 40512K, reserved 1114112K
  class space    used 5048K, committed 5248K, reserved 1048576K
}
Event: 12657.057 GC heap after
{Heap after GC invocations=300 (full 273):
 garbage-first heap   total 76800K, used 24973K [0x00000000c0000000, 0x0000000100000000)
  region size 1024K, 0 young (0K), 0 survivors (0K)
 Metaspace       used 39953K, committed 40512K, reserved 1114112K
  class space    used 5048K, committed 5248K, reserved 1048576K
}
Event: 12667.674 GC heap before
{Heap before GC invocations=300 (full 273):
 garbage-first heap   total 76800K, used 24973K [0x00000000c0000000, 0x0000000100000000)
  region size 1024K, 1 young (1024K), 0 survivors (0K)
 Metaspace       used 39953K, committed 40512K, reserved 1114112K
  class space    used 5048K, committed 5248K, reserved 1048576K
}
Event: 12667.878 GC heap after
{Heap after GC invocations=301 (full 274):
 garbage-first heap   total 76800K, used 24973K [0x00000000c0000000, 0x0000000100000000)
  region size 1024K, 0 young (0K), 0 survivors (0K)
 Metaspace       used 39953K, committed 40512K, reserved 1114112K
  class space    used 5048K, committed 5248K, reserved 1048576K
}
Event: 12678.623 GC heap before
{Heap before GC invocations=301 (full 274):
 garbage-first heap   total 76800K, used 24973K [0x00000000c0000000, 0x0000000100000000)
  region size 1024K, 1 young (1024K), 0 survivors (0K)
 Metaspace       used 39953K, committed 40512K, reserved 1114112K
  class space    used 5048K, committed 5248K, reserved 1048576K
}
Event: 12678.817 GC heap after
{Heap after GC invocations=302 (full 275):
 garbage-first heap   total 76800K, used 24973K [0x00000000c0000000, 0x0000000100000000)
  region size 1024K, 0 young (0K), 0 survivors (0K)
 Metaspace       used 39953K, committed 40512K, reserved 1114112K
  class space    used 5048K, committed 5248K, reserved 1048576K
}
Event: 12689.559 GC heap before
{Heap before GC invocations=302 (full 275):
 garbage-first heap   total 76800K, used 24973K [0x00000000c0000000, 0x0000000100000000)
  region size 1024K, 1 young (1024K), 0 survivors (0K)
 Metaspace       used 39953K, committed 40512K, reserved 1114112K
  class space    used 5048K, committed 5248K, reserved 1048576K
}
Event: 12689.792 GC heap after
{Heap after GC invocations=303 (full 276):
 garbage-first heap   total 76800K, used 24973K [0x00000000c0000000, 0x0000000100000000)
  region size 1024K, 0 young (0K), 0 survivors (0K)
 Metaspace       used 39953K, committed 40512K, reserved 1114112K
  class space    used 5048K, committed 5248K, reserved 1048576K
}
Event: 12700.758 GC heap before
{Heap before GC invocations=303 (full 276):
 garbage-first heap   total 76800K, used 24973K [0x00000000c0000000, 0x0000000100000000)
  region size 1024K, 1 young (1024K), 0 survivors (0K)
 Metaspace       used 39953K, committed 40512K, reserved 1114112K
  class space    used 5048K, committed 5248K, reserved 1048576K
}
Event: 12700.960 GC heap after
{Heap after GC invocations=304 (full 277):
 garbage-first heap   total 76800K, used 24973K [0x00000000c0000000, 0x0000000100000000)
  region size 1024K, 0 young (0K), 0 survivors (0K)
 Metaspace       used 39953K, committed 40512K, reserved 1114112K
  class space    used 5048K, committed 5248K, reserved 1048576K
}
Event: 12712.019 GC heap before
{Heap before GC invocations=304 (full 277):
 garbage-first heap   total 76800K, used 24973K [0x00000000c0000000, 0x0000000100000000)
  region size 1024K, 1 young (1024K), 0 survivors (0K)
 Metaspace       used 39953K, committed 40512K, reserved 1114112K
  class space    used 5048K, committed 5248K, reserved 1048576K
}
Event: 12712.225 GC heap after
{Heap after GC invocations=305 (full 278):
 garbage-first heap   total 76800K, used 24973K [0x00000000c0000000, 0x0000000100000000)
  region size 1024K, 0 young (0K), 0 survivors (0K)
 Metaspace       used 39953K, committed 40512K, reserved 1114112K
  class space    used 5048K, committed 5248K, reserved 1048576K
}
Event: 12722.949 GC heap before
{Heap before GC invocations=305 (full 278):
 garbage-first heap   total 76800K, used 24973K [0x00000000c0000000, 0x0000000100000000)
  region size 1024K, 1 young (1024K), 0 survivors (0K)
 Metaspace       used 39953K, committed 40512K, reserved 1114112K
  class space    used 5048K, committed 5248K, reserved 1048576K
}
Event: 12723.109 GC heap after
{Heap after GC invocations=306 (full 279):
 garbage-first heap   total 76800K, used 24973K [0x00000000c0000000, 0x0000000100000000)
  region size 1024K, 0 young (0K), 0 survivors (0K)
 Metaspace       used 39953K, committed 40512K, reserved 1114112K
  class space    used 5048K, committed 5248K, reserved 1048576K
}
Event: 12733.859 GC heap before
{Heap before GC invocations=306 (full 279):
 garbage-first heap   total 76800K, used 24973K [0x00000000c0000000, 0x0000000100000000)
  region size 1024K, 1 young (1024K), 0 survivors (0K)
 Metaspace       used 39953K, committed 40512K, reserved 1114112K
  class space    used 5048K, committed 5248K, reserved 1048576K
}
Event: 12734.091 GC heap after
{Heap after GC invocations=307 (full 280):
 garbage-first heap   total 76800K, used 24973K [0x00000000c0000000, 0x0000000100000000)
  region size 1024K, 0 young (0K), 0 survivors (0K)
 Metaspace       used 39953K, committed 40512K, reserved 1114112K
  class space    used 5048K, committed 5248K, reserved 1048576K
}
Event: 12745.233 GC heap before
{Heap before GC invocations=307 (full 280):
 garbage-first heap   total 76800K, used 24973K [0x00000000c0000000, 0x0000000100000000)
  region size 1024K, 1 young (1024K), 0 survivors (0K)
 Metaspace       used 39953K, committed 40512K, reserved 1114112K
  class space    used 5048K, committed 5248K, reserved 1048576K
}
Event: 12745.421 GC heap after
{Heap after GC invocations=308 (full 281):
 garbage-first heap   total 76800K, used 24973K [0x00000000c0000000, 0x0000000100000000)
  region size 1024K, 0 young (0K), 0 survivors (0K)
 Metaspace       used 39953K, committed 40512K, reserved 1114112K
  class space    used 5048K, committed 5248K, reserved 1048576K
}
Event: 12756.217 GC heap before
{Heap before GC invocations=308 (full 281):
 garbage-first heap   total 76800K, used 24973K [0x00000000c0000000, 0x0000000100000000)
  region size 1024K, 1 young (1024K), 0 survivors (0K)
 Metaspace       used 39953K, committed 40512K, reserved 1114112K
  class space    used 5048K, committed 5248K, reserved 1048576K
}
Event: 12756.400 GC heap after
{Heap after GC invocations=309 (full 282):
 garbage-first heap   total 76800K, used 24973K [0x00000000c0000000, 0x0000000100000000)
  region size 1024K, 0 young (0K), 0 survivors (0K)
 Metaspace       used 39953K, committed 40512K, reserved 1114112K
  class space    used 5048K, committed 5248K, reserved 1048576K
}

