# JRE version: OpenJDK Runtime Environment Temurin-17.0.11+9 (17.0.11+9) (build 17.0.11+9)
# Java VM: OpenJDK 64-Bit Server VM Temurin-17.0.11+9 (17.0.11+9, mixed mode, emulated-client, tiered, compressed oops, compressed class ptrs, g1 gc, windows-amd64)
GC Precious Log:
 CPUs: 4 total, 4 available
 Memory: 3879M
 Large Page Support: Disabled
 NUMA Support: Disabled
 Compressed Oops: Enabled (32-bit)
 Heap Region Size: 1M
 Heap Min Capacity: 8M
 Heap Initial Capacity: 62M
 Heap Max Capacity: 1G
 Pre-touch: Disabled
 Parallel Workers: 4
 Concurrent Workers: 1
 Concurrent Refinement Workers: 4
 Periodic GC: Disabled
Heap:
 garbage-first heap   total 86016K, used 36358K [0x00000000c0000000, 0x0000000100000000)
  region size 1024K, 1 young (1024K), 0 survivors (0K)
 Metaspace       used 61136K, committed 61504K, reserved 1114112K
  class space    used 7443K, committed 7616K, reserved 1048576K
GC Heap History (20 events):
Event: 1823.735 GC heap before
{Heap before GC invocations=165 (full 136):
 garbage-first heap   total 86016K, used 36358K [0x00000000c0000000, 0x0000000100000000)
  region size 1024K, 1 young (1024K), 0 survivors (0K)
 Metaspace       used 61136K, committed 61504K, reserved 1114112K
  class space    used 7443K, committed 7616K, reserved 1048576K
}
Event: 1824.080 GC heap after
{Heap after GC invocations=166 (full 137):
 garbage-first heap   total 86016K, used 36358K [0x00000000c0000000, 0x0000000100000000)
  region size 1024K, 0 young (0K), 0 survivors (0K)
 Metaspace       used 61136K, committed 61504K, reserved 1114112K
  class space    used 7443K, committed 7616K, reserved 1048576K
}
Event: 1835.207 GC heap before
{Heap before GC invocations=166 (full 137):
 garbage-first heap   total 86016K, used 36358K [0x00000000c0000000, 0x0000000100000000)
  region size 1024K, 1 young (1024K), 0 survivors (0K)
 Metaspace       used 61136K, committed 61504K, reserved 1114112K
  class space    used 7443K, committed 7616K, reserved 1048576K
}
Event: 1835.603 GC heap after
{Heap after GC invocations=167 (full 138):
 garbage-first heap   total 86016K, used 36358K [0x00000000c0000000, 0x0000000100000000)
  region size 1024K, 0 young (0K), 0 survivors (0K)
 Metaspace       used 61136K, committed 61504K, reserved 1114112K
  class space    used 7443K, committed 7616K, reserved 1048576K
}
Event: 1846.025 GC heap before
{Heap before GC invocations=167 (full 138):
 garbage-first heap   total 86016K, used 36358K [0x00000000c0000000, 0x0000000100000000)
  region size 1024K, 1 young (1024K), 0 survivors (0K)
 Metaspace       used 61136K, committed 61504K, reserved 1114112K
  class space    used 7443K, committed 7616K, reserved 1048576K
}
Event: 1846.324 GC heap after
{Heap after GC invocations=168 (full 139):
 garbage-first heap   total 86016K, used 36358K [0x00000000c0000000, 0x0000000100000000)
  region size 1024K, 0 young (0K), 0 survivors (0K)
 Metaspace       used 61136K, committed 61504K, reserved 1114112K
  class space    used 7443K, committed 7616K, reserved 1048576K
}
Event: 1856.639 GC heap before
{Heap before GC invocations=168 (full 139):
 garbage-first heap   total 86016K, used 36358K [0x00000000c0000000, 0x0000000100000000)
  region size 1024K, 1 young (1024K), 0 survivors (0K)
 Metaspace       used 61136K, committed 61504K, reserved 1114112K
  class space    used 7443K, committed 7616K, reserved 1048576K
}
Event: 1856.704 GC heap after
{Heap after GC invocations=169 (full 140):
 garbage-first heap   total 86016K, used 36358K [0x00000000c0000000, 0x0000000100000000)
  region size 1024K, 0 young (0K), 0 survivors (0K)
 Metaspace       used 61136K, committed 61504K, reserved 1114112K
  class space    used 7443K, committed 7616K, reserved 1048576K
}
Event: 1867.297 GC heap before
{Heap before GC invocations=169 (full 140):
 garbage-first heap   total 86016K, used 36358K [0x00000000c0000000, 0x0000000100000000)
  region size 1024K, 1 young (1024K), 0 survivors (0K)
 Metaspace       used 61136K, committed 61504K, reserved 1114112K
  class space    used 7443K, committed 7616K, reserved 1048576K
}
Event: 1867.614 GC heap after
{Heap after GC invocations=170 (full 141):
 garbage-first heap   total 86016K, used 36358K [0x00000000c0000000, 0x0000000100000000)
  region size 1024K, 0 young (0K), 0 survivors (0K)
 Metaspace       used 61136K, committed 61504K, reserved 1114112K
  class space    used 7443K, committed 7616K, reserved 1048576K
}
Event: 1878.309 GC heap before
{Heap before GC invocations=170 (full 141):
 garbage-first heap   total 86016K, used 36358K [0x00000000c0000000, 0x0000000100000000)
  region size 1024K, 1 young (1024K), 0 survivors (0K)
 Metaspace       used 61136K, committed 61504K, reserved 1114112K
  class space    used 7443K, committed 7616K, reserved 1048576K
}
Event: 1878.706 GC heap after
{Heap after GC invocations=171 (full 142):
 garbage-first heap   total 86016K, used 36358K [0x00000000c0000000, 0x0000000100000000)
  region size 1024K, 0 young (0K), 0 survivors (0K)
 Metaspace       used 61136K, committed 61504K, reserved 1114112K
  class space    used 7443K, committed 7616K, reserved 1048576K
}
Event: 1889.641 GC heap before
{Heap before GC invocations=171 (full 142):
 garbage-first heap   total 86016K, used 36358K [0x00000000c0000000, 0x0000000100000000)
  region size 1024K, 1 young (1024K), 0 survivors (0K)
 Metaspace       used 61136K, committed 61504K, reserved 1114112K
  class space    used 7443K, committed 7616K, reserved 1048576K
}
Event: 1890.195 GC heap after
{Heap after GC invocations=172 (full 143):
 garbage-first heap   total 86016K, used 36358K [0x00000000c0000000, 0x0000000100000000)
  region size 1024K, 0 young (0K), 0 survivors (0K)
 Metaspace       used 61136K, committed 61504K, reserved 1114112K
  class space    used 7443K, committed 7616K, reserved 1048576K
}
Event: 1900.771 GC heap before
{Heap before GC invocations=172 (full 143):
 garbage-first heap   total 86016K, used 36358K [0x00000000c0000000, 0x0000000100000000)
  region size 1024K, 1 young (1024K), 0 survivors (0K)
 Metaspace       used 61136K, committed 61504K, reserved 1114112K
  class space    used 7443K, committed 7616K, reserved 1048576K
}
Event: 1901.113 GC heap after
{Heap after GC invocations=173 (full 144):
 garbage-first heap   total 86016K, used 36358K [0x00000000c0000000, 0x0000000100000000)
  region size 1024K, 0 young (0K), 0 survivors (0K)
 Metaspace       used 61136K, committed 61504K, reserved 1114112K
  class space    used 7443K, committed 7616K, reserved 1048576K
}
Event: 1912.396 GC heap before
{Heap before GC invocations=173 (full 144):
 garbage-first heap   total 86016K, used 36358K [0x00000000c0000000, 0x0000000100000000)
  region size 1024K, 1 young (1024K), 0 survivors (0K)
 Metaspace       used 61136K, committed 61504K, reserved 1114112K
  class space    used 7443K, committed 7616K, reserved 1048576K
}
Event: 1912.787 GC heap after
{Heap after GC invocations=174 (full 145):
 garbage-first heap   total 86016K, used 36358K [0x00000000c0000000, 0x0000000100000000)
  region size 1024K, 0 young (0K), 0 survivors (0K)
 Metaspace       used 61136K, committed 61504K, reserved 1114112K
  class space    used 7443K, committed 7616K, reserved 1048576K
}
Event: 1923.609 GC heap before
{Heap before GC invocations=174 (full 145):
 garbage-first heap   total 86016K, used 36358K [0x00000000c0000000, 0x0000000100000000)
  region size 1024K, 1 young (1024K), 0 survivors (0K)
 Metaspace       used 61136K, committed 61504K, reserved 1114112K
  class space    used 7443K, committed 7616K, reserved 1048576K
}
Event: 1924.027 GC heap after
{Heap after GC invocations=175 (full 146):
 garbage-first heap   total 86016K, used 36358K [0x00000000c0000000, 0x0000000100000000)
  region size 1024K, 0 young (0K), 0 survivors (0K)
 Metaspace       used 61136K, committed 61504K, reserved 1114112K
  class space    used 7443K, committed 7616K, reserved 1048576K
}

