# JRE version: OpenJDK Runtime Environment Temurin-17.0.11+9 (17.0.11+9) (build 17.0.11+9)
# Java VM: OpenJDK 64-Bit Server VM Temurin-17.0.11+9 (17.0.11+9, mixed mode, tiered, compressed oops, compressed class ptrs, parallel gc, windows-amd64)
GC Precious Log:
 CPUs: 4 total, 4 available
 Memory: 3879M
 Large Page Support: Disabled
 NUMA Support: Disabled
 Compressed Oops: Enabled (32-bit)
 Alignments: Space 512K, Generation 512K, Heap 2M
 Heap Min Capacity: 100M
 Heap Initial Capacity: 100M
 Heap Max Capacity: 1G
 Pre-touch: Disabled
 Parallel Workers: 4
Heap:
 PSYoungGen      total 3072K, used 1535K [0x00000000eab00000, 0x00000000eb000000, 0x0000000100000000)
  eden space 1536K, 99% used [0x00000000eab00000,0x00000000eac7ffd0,0x00000000eac80000)
  from space 1536K, 0% used [0x00000000eae80000,0x00000000eae80000,0x00000000eb000000)
  to   space 1536K, 0% used [0x00000000eac80000,0x00000000eac80000,0x00000000eae00000)
 ParOldGen       total 235520K, used 235376K [0x00000000c0000000, 0x00000000eab00000, 0x00000000eab00000)
  object space 235520K, 99% used [0x00000000c0000000,0x00000000ce5dc148,0x00000000ce600000)
 Metaspace       used 83040K, committed 84352K, reserved 1179648K
  class space    used 8648K, committed 9216K, reserved 1048576K
GC Heap History (20 events):
Event: 7894.917 GC heap after
{Heap after GC invocations=2305 (full 1839):
 PSYoungGen      total 3072K, used 1535K [0x00000000eab00000, 0x00000000eb000000, 0x0000000100000000)
  eden space 1536K, 99% used [0x00000000eab00000,0x00000000eac7ffc0,0x00000000eac80000)
  from space 1536K, 0% used [0x00000000eae80000,0x00000000eae80000,0x00000000eb000000)
  to   space 1536K, 0% used [0x00000000eac80000,0x00000000eac80000,0x00000000eae00000)
 ParOldGen       total 235520K, used 235372K [0x00000000c0000000, 0x00000000ce600000, 0x00000000eab00000)
  object space 235520K, 99% used [0x00000000c0000000,0x00000000ce5db320,0x00000000ce600000)
 Metaspace       used 83040K, committed 84352K, reserved 1179648K
  class space    used 8648K, committed 9216K, reserved 1048576K
}
Event: 7894.930 GC heap before
{Heap before GC invocations=2306 (full 1840):
 PSYoungGen      total 3072K, used 1535K [0x00000000eab00000, 0x00000000eb000000, 0x0000000100000000)
  eden space 1536K, 99% used [0x00000000eab00000,0x00000000eac7fff8,0x00000000eac80000)
  from space 1536K, 0% used [0x00000000eae80000,0x00000000eae80000,0x00000000eb000000)
  to   space 1536K, 0% used [0x00000000eac80000,0x00000000eac80000,0x00000000eae00000)
 ParOldGen       total 235520K, used 235375K [0x00000000c0000000, 0x00000000ce600000, 0x00000000eab00000)
  object space 235520K, 99% used [0x00000000c0000000,0x00000000ce5dbcf0,0x00000000ce600000)
 Metaspace       used 83040K, committed 84352K, reserved 1179648K
  class space    used 8648K, committed 9216K, reserved 1048576K
}
Event: 7895.112 GC heap after
{Heap after GC invocations=2306 (full 1840):
 PSYoungGen      total 3072K, used 1535K [0x00000000eab00000, 0x00000000eb000000, 0x0000000100000000)
  eden space 1536K, 99% used [0x00000000eab00000,0x00000000eac7ffc0,0x00000000eac80000)
  from space 1536K, 0% used [0x00000000eac80000,0x00000000eac80000,0x00000000eae00000)
  to   space 1536K, 0% used [0x00000000eae80000,0x00000000eae80000,0x00000000eb000000)
 ParOldGen       total 235520K, used 235370K [0x00000000c0000000, 0x00000000ce600000, 0x00000000eab00000)
  object space 235520K, 99% used [0x00000000c0000000,0x00000000ce5daa38,0x00000000ce600000)
 Metaspace       used 83040K, committed 84352K, reserved 1179648K
  class space    used 8648K, committed 9216K, reserved 1048576K
}
Event: 7895.114 GC heap before
{Heap before GC invocations=2307 (full 1841):
 PSYoungGen      total 3072K, used 1535K [0x00000000eab00000, 0x00000000eb000000, 0x0000000100000000)
  eden space 1536K, 99% used [0x00000000eab00000,0x00000000eac7fff8,0x00000000eac80000)
  from space 1536K, 0% used [0x00000000eac80000,0x00000000eac80000,0x00000000eae00000)
  to   space 1536K, 0% used [0x00000000eae80000,0x00000000eae80000,0x00000000eb000000)
 ParOldGen       total 235520K, used 235373K [0x00000000c0000000, 0x00000000ce600000, 0x00000000eab00000)
  object space 235520K, 99% used [0x00000000c0000000,0x00000000ce5db550,0x00000000ce600000)
 Metaspace       used 83040K, committed 84352K, reserved 1179648K
  class space    used 8648K, committed 9216K, reserved 1048576K
}
Event: 7895.377 GC heap after
{Heap after GC invocations=2307 (full 1841):
 PSYoungGen      total 3072K, used 1535K [0x00000000eab00000, 0x00000000eb000000, 0x0000000100000000)
  eden space 1536K, 99% used [0x00000000eab00000,0x00000000eac7ff30,0x00000000eac80000)
  from space 1536K, 0% used [0x00000000eae80000,0x00000000eae80000,0x00000000eb000000)
  to   space 1536K, 0% used [0x00000000eac80000,0x00000000eac80000,0x00000000eae00000)
 ParOldGen       total 235520K, used 235372K [0x00000000c0000000, 0x00000000ce600000, 0x00000000eab00000)
  object space 235520K, 99% used [0x00000000c0000000,0x00000000ce5db1e0,0x00000000ce600000)
 Metaspace       used 83040K, committed 84352K, reserved 1179648K
  class space    used 8648K, committed 9216K, reserved 1048576K
}
Event: 7895.406 GC heap before
{Heap before GC invocations=2308 (full 1842):
 PSYoungGen      total 3072K, used 1535K [0x00000000eab00000, 0x00000000eb000000, 0x0000000100000000)
  eden space 1536K, 99% used [0x00000000eab00000,0x00000000eac7ffe8,0x00000000eac80000)
  from space 1536K, 0% used [0x00000000eae80000,0x00000000eae80000,0x00000000eb000000)
  to   space 1536K, 0% used [0x00000000eac80000,0x00000000eac80000,0x00000000eae00000)
 ParOldGen       total 235520K, used 235372K [0x00000000c0000000, 0x00000000ce600000, 0x00000000eab00000)
  object space 235520K, 99% used [0x00000000c0000000,0x00000000ce5db1e0,0x00000000ce600000)
 Metaspace       used 83040K, committed 84352K, reserved 1179648K
  class space    used 8648K, committed 9216K, reserved 1048576K
}
Event: 7895.589 GC heap after
{Heap after GC invocations=2308 (full 1842):
 PSYoungGen      total 3072K, used 1535K [0x00000000eab00000, 0x00000000eb000000, 0x0000000100000000)
  eden space 1536K, 99% used [0x00000000eab00000,0x00000000eac7ffe8,0x00000000eac80000)
  from space 1536K, 0% used [0x00000000eac80000,0x00000000eac80000,0x00000000eae00000)
  to   space 1536K, 0% used [0x00000000eae80000,0x00000000eae80000,0x00000000eb000000)
 ParOldGen       total 235520K, used 235372K [0x00000000c0000000, 0x00000000ce600000, 0x00000000eab00000)
  object space 235520K, 99% used [0x00000000c0000000,0x00000000ce5db1e0,0x00000000ce600000)
 Metaspace       used 83040K, committed 84352K, reserved 1179648K
  class space    used 8648K, committed 9216K, reserved 1048576K
}
Event: 7895.600 GC heap before
{Heap before GC invocations=2309 (full 1843):
 PSYoungGen      total 3072K, used 1535K [0x00000000eab00000, 0x00000000eb000000, 0x0000000100000000)
  eden space 1536K, 99% used [0x00000000eab00000,0x00000000eac7fff8,0x00000000eac80000)
  from space 1536K, 0% used [0x00000000eac80000,0x00000000eac80000,0x00000000eae00000)
  to   space 1536K, 0% used [0x00000000eae80000,0x00000000eae80000,0x00000000eb000000)
 ParOldGen       total 235520K, used 235374K [0x00000000c0000000, 0x00000000ce600000, 0x00000000eab00000)
  object space 235520K, 99% used [0x00000000c0000000,0x00000000ce5dbb50,0x00000000ce600000)
 Metaspace       used 83040K, committed 84352K, reserved 1179648K
  class space    used 8648K, committed 9216K, reserved 1048576K
}
Event: 7895.803 GC heap after
{Heap after GC invocations=2309 (full 1843):
 PSYoungGen      total 3072K, used 1535K [0x00000000eab00000, 0x00000000eb000000, 0x0000000100000000)
  eden space 1536K, 99% used [0x00000000eab00000,0x00000000eac7ffe8,0x00000000eac80000)
  from space 1536K, 0% used [0x00000000eae80000,0x00000000eae80000,0x00000000eb000000)
  to   space 1536K, 0% used [0x00000000eac80000,0x00000000eac80000,0x00000000eae00000)
 ParOldGen       total 235520K, used 235373K [0x00000000c0000000, 0x00000000ce600000, 0x00000000eab00000)
  object space 235520K, 99% used [0x00000000c0000000,0x00000000ce5db570,0x00000000ce600000)
 Metaspace       used 83040K, committed 84352K, reserved 1179648K
  class space    used 8648K, committed 9216K, reserved 1048576K
}
Event: 7895.809 GC heap before
{Heap before GC invocations=2310 (full 1844):
 PSYoungGen      total 3072K, used 1535K [0x00000000eab00000, 0x00000000eb000000, 0x0000000100000000)
  eden space 1536K, 99% used [0x00000000eab00000,0x00000000eac7fff8,0x00000000eac80000)
  from space 1536K, 0% used [0x00000000eae80000,0x00000000eae80000,0x00000000eb000000)
  to   space 1536K, 0% used [0x00000000eac80000,0x00000000eac80000,0x00000000eae00000)
 ParOldGen       total 235520K, used 235377K [0x00000000c0000000, 0x00000000ce600000, 0x00000000eab00000)
  object space 235520K, 99% used [0x00000000c0000000,0x00000000ce5dc438,0x00000000ce600000)
 Metaspace       used 83040K, committed 84352K, reserved 1179648K
  class space    used 8648K, committed 9216K, reserved 1048576K
}
Event: 7895.965 GC heap after
{Heap after GC invocations=2310 (full 1844):
 PSYoungGen      total 3072K, used 1535K [0x00000000eab00000, 0x00000000eb000000, 0x0000000100000000)
  eden space 1536K, 99% used [0x00000000eab00000,0x00000000eac7ff18,0x00000000eac80000)
  from space 1536K, 0% used [0x00000000eac80000,0x00000000eac80000,0x00000000eae00000)
  to   space 1536K, 0% used [0x00000000eae80000,0x00000000eae80000,0x00000000eb000000)
 ParOldGen       total 235520K, used 235374K [0x00000000c0000000, 0x00000000ce600000, 0x00000000eab00000)
  object space 235520K, 99% used [0x00000000c0000000,0x00000000ce5db9f8,0x00000000ce600000)
 Metaspace       used 83040K, committed 84352K, reserved 1179648K
  class space    used 8648K, committed 9216K, reserved 1048576K
}
Event: 7895.965 GC heap before
{Heap before GC invocations=2311 (full 1845):
 PSYoungGen      total 3072K, used 1535K [0x00000000eab00000, 0x00000000eb000000, 0x0000000100000000)
  eden space 1536K, 99% used [0x00000000eab00000,0x00000000eac7ffa8,0x00000000eac80000)
  from space 1536K, 0% used [0x00000000eac80000,0x00000000eac80000,0x00000000eae00000)
  to   space 1536K, 0% used [0x00000000eae80000,0x00000000eae80000,0x00000000eb000000)
 ParOldGen       total 235520K, used 235374K [0x00000000c0000000, 0x00000000ce600000, 0x00000000eab00000)
  object space 235520K, 99% used [0x00000000c0000000,0x00000000ce5db9f8,0x00000000ce600000)
 Metaspace       used 83040K, committed 84352K, reserved 1179648K
  class space    used 8648K, committed 9216K, reserved 1048576K
}
Event: 7896.114 GC heap after
{Heap after GC invocations=2311 (full 1845):
 PSYoungGen      total 3072K, used 1535K [0x00000000eab00000, 0x00000000eb000000, 0x0000000100000000)
  eden space 1536K, 99% used [0x00000000eab00000,0x00000000eac7ffa8,0x00000000eac80000)
  from space 1536K, 0% used [0x00000000eae80000,0x00000000eae80000,0x00000000eb000000)
  to   space 1536K, 0% used [0x00000000eac80000,0x00000000eac80000,0x00000000eae00000)
 ParOldGen       total 235520K, used 235374K [0x00000000c0000000, 0x00000000ce600000, 0x00000000eab00000)
  object space 235520K, 99% used [0x00000000c0000000,0x00000000ce5db9f8,0x00000000ce600000)
 Metaspace       used 83040K, committed 84352K, reserved 1179648K
  class space    used 8648K, committed 9216K, reserved 1048576K
}
Event: 7896.116 GC heap before
{Heap before GC invocations=2312 (full 1846):
 PSYoungGen      total 3072K, used 1536K [0x00000000eab00000, 0x00000000eb000000, 0x0000000100000000)
  eden space 1536K, 100% used [0x00000000eab00000,0x00000000eac80000,0x00000000eac80000)
  from space 1536K, 0% used [0x00000000eae80000,0x00000000eae80000,0x00000000eb000000)
  to   space 1536K, 0% used [0x00000000eac80000,0x00000000eac80000,0x00000000eae00000)
 ParOldGen       total 235520K, used 235377K [0x00000000c0000000, 0x00000000ce600000, 0x00000000eab00000)
  object space 235520K, 99% used [0x00000000c0000000,0x00000000ce5dc600,0x00000000ce600000)
 Metaspace       used 83040K, committed 84352K, reserved 1179648K
  class space    used 8648K, committed 9216K, reserved 1048576K
}
Event: 7896.298 GC heap after
{Heap after GC invocations=2312 (full 1846):
 PSYoungGen      total 3072K, used 1536K [0x00000000eab00000, 0x00000000eb000000, 0x0000000100000000)
  eden space 1536K, 100% used [0x00000000eab00000,0x00000000eac80000,0x00000000eac80000)
  from space 1536K, 0% used [0x00000000eac80000,0x00000000eac80000,0x00000000eae00000)
  to   space 1536K, 0% used [0x00000000eae80000,0x00000000eae80000,0x00000000eb000000)
 ParOldGen       total 235520K, used 235375K [0x00000000c0000000, 0x00000000ce600000, 0x00000000eab00000)
  object space 235520K, 99% used [0x00000000c0000000,0x00000000ce5dbec0,0x00000000ce600000)
 Metaspace       used 83040K, committed 84352K, reserved 1179648K
  class space    used 8648K, committed 9216K, reserved 1048576K
}
Event: 7896.299 GC heap before
{Heap before GC invocations=2313 (full 1847):
 PSYoungGen      total 3072K, used 1536K [0x00000000eab00000, 0x00000000eb000000, 0x0000000100000000)
  eden space 1536K, 100% used [0x00000000eab00000,0x00000000eac80000,0x00000000eac80000)
  from space 1536K, 0% used [0x00000000eac80000,0x00000000eac80000,0x00000000eae00000)
  to   space 1536K, 0% used [0x00000000eae80000,0x00000000eae80000,0x00000000eb000000)
 ParOldGen       total 235520K, used 235377K [0x00000000c0000000, 0x00000000ce600000, 0x00000000eab00000)
  object space 235520K, 99% used [0x00000000c0000000,0x00000000ce5dc7d0,0x00000000ce600000)
 Metaspace       used 83040K, committed 84352K, reserved 1179648K
  class space    used 8648K, committed 9216K, reserved 1048576K
}
Event: 7896.457 GC heap after
{Heap after GC invocations=2313 (full 1847):
 PSYoungGen      total 3072K, used 1535K [0x00000000eab00000, 0x00000000eb000000, 0x0000000100000000)
  eden space 1536K, 99% used [0x00000000eab00000,0x00000000eac7ff70,0x00000000eac80000)
  from space 1536K, 0% used [0x00000000eae80000,0x00000000eae80000,0x00000000eb000000)
  to   space 1536K, 0% used [0x00000000eac80000,0x00000000eac80000,0x00000000eae00000)
 ParOldGen       total 235520K, used 235375K [0x00000000c0000000, 0x00000000ce600000, 0x00000000eab00000)
  object space 235520K, 99% used [0x00000000c0000000,0x00000000ce5dbd40,0x00000000ce600000)
 Metaspace       used 83040K, committed 84352K, reserved 1179648K
  class space    used 8648K, committed 9216K, reserved 1048576K
}
Event: 7896.457 GC heap before
{Heap before GC invocations=2314 (full 1848):
 PSYoungGen      total 3072K, used 1536K [0x00000000eab00000, 0x00000000eb000000, 0x0000000100000000)
  eden space 1536K, 100% used [0x00000000eab00000,0x00000000eac80000,0x00000000eac80000)
  from space 1536K, 0% used [0x00000000eae80000,0x00000000eae80000,0x00000000eb000000)
  to   space 1536K, 0% used [0x00000000eac80000,0x00000000eac80000,0x00000000eae00000)
 ParOldGen       total 235520K, used 235375K [0x00000000c0000000, 0x00000000ce600000, 0x00000000eab00000)
  object space 235520K, 99% used [0x00000000c0000000,0x00000000ce5dbd40,0x00000000ce600000)
 Metaspace       used 83040K, committed 84352K, reserved 1179648K
  class space    used 8648K, committed 9216K, reserved 1048576K
}
Event: 7896.682 GC heap after
{Heap after GC invocations=2314 (full 1848):
 PSYoungGen      total 3072K, used 1535K [0x00000000eab00000, 0x00000000eb000000, 0x0000000100000000)
  eden space 1536K, 99% used [0x00000000eab00000,0x00000000eac7ffd0,0x00000000eac80000)
  from space 1536K, 0% used [0x00000000eac80000,0x00000000eac80000,0x00000000eae00000)
  to   space 1536K, 0% used [0x00000000eae80000,0x00000000eae80000,0x00000000eb000000)
 ParOldGen       total 235520K, used 235375K [0x00000000c0000000, 0x00000000ce600000, 0x00000000eab00000)
  object space 235520K, 99% used [0x00000000c0000000,0x00000000ce5dbce8,0x00000000ce600000)
 Metaspace       used 83040K, committed 84352K, reserved 1179648K
  class space    used 8648K, committed 9216K, reserved 1048576K
}
Event: 7896.831 GC heap before
{Heap before GC invocations=2315 (full 1849):
 PSYoungGen      total 3072K, used 1536K [0x00000000eab00000, 0x00000000eb000000, 0x0000000100000000)
  eden space 1536K, 100% used [0x00000000eab00000,0x00000000eac80000,0x00000000eac80000)
  from space 1536K, 0% used [0x00000000eac80000,0x00000000eac80000,0x00000000eae00000)
  to   space 1536K, 0% used [0x00000000eae80000,0x00000000eae80000,0x00000000eb000000)
 ParOldGen       total 235520K, used 235378K [0x00000000c0000000, 0x00000000ce600000, 0x00000000eab00000)
  object space 235520K, 99% used [0x00000000c0000000,0x00000000ce5dcb70,0x00000000ce600000)
 Metaspace       used 83040K, committed 84352K, reserved 1179648K
  class space    used 8648K, committed 9216K, reserved 1048576K
}

