# JRE version: Java(TM) SE Runtime Environment (17.0.7+8) (build 17.0.7+8-LTS-224)
# Java VM: Java HotSpot(TM) 64-Bit Server VM (17.0.7+8-LTS-224, mixed mode, sharing, tiered, compressed oops, compressed class ptrs, g1 gc, windows-amd64)
GC Precious Log:
 CPUs: 4 total, 4 available
 Memory: 3879M
 Large Page Support: Disabled
 NUMA Support: Disabled
 Compressed Oops: Enabled (32-bit)
 Heap Region Size: 1M
 Heap Min Capacity: 8M
 Heap Initial Capacity: 62M
 Heap Max Capacity: 970M
 Pre-touch: Disabled
 Parallel Workers: 4
 Concurrent Workers: 1
 Concurrent Refinement Workers: 4
 Periodic GC: Disabled
Heap:
 garbage-first heap   total 51200K, used 23933K [0x00000000c3600000, 0x0000000100000000)
  region size 1024K, 8 young (8192K), 1 survivors (1024K)
 Metaspace       used 37376K, committed 37824K, reserved 1089536K
  class space    used 4766K, committed 4992K, reserved 1048576K
GC Heap History (18 events):
Event: 1.154 GC heap before
{Heap before GC invocations=0 (full 0):
 garbage-first heap   total 63488K, used 13312K [0x00000000c3600000, 0x0000000100000000)
  region size 1024K, 13 young (13312K), 0 survivors (0K)
 Metaspace       used 3437K, committed 3648K, reserved 1056768K
  class space    used 363K, committed 448K, reserved 1048576K
}
Event: 1.163 GC heap after
{Heap after GC invocations=1 (full 0):
 garbage-first heap   total 63488K, used 6452K [0x00000000c3600000, 0x0000000100000000)
  region size 1024K, 2 young (2048K), 2 survivors (2048K)
 Metaspace       used 3437K, committed 3648K, reserved 1056768K
  class space    used 363K, committed 448K, reserved 1048576K
}
Event: 2.254 GC heap before
{Heap before GC invocations=1 (full 0):
 garbage-first heap   total 63488K, used 17716K [0x00000000c3600000, 0x0000000100000000)
  region size 1024K, 13 young (13312K), 2 survivors (2048K)
 Metaspace       used 6553K, committed 6848K, reserved 1056768K
  class space    used 804K, committed 960K, reserved 1048576K
}
Event: 2.263 GC heap after
{Heap after GC invocations=2 (full 0):
 garbage-first heap   total 63488K, used 7359K [0x00000000c3600000, 0x0000000100000000)
  region size 1024K, 1 young (1024K), 1 survivors (1024K)
 Metaspace       used 6553K, committed 6848K, reserved 1056768K
  class space    used 804K, committed 960K, reserved 1048576K
}
Event: 3.118 GC heap before
{Heap before GC invocations=2 (full 0):
 garbage-first heap   total 63488K, used 25791K [0x00000000c3600000, 0x0000000100000000)
  region size 1024K, 20 young (20480K), 1 survivors (1024K)
 Metaspace       used 11709K, committed 11968K, reserved 1064960K
  class space    used 1404K, committed 1536K, reserved 1048576K
}
Event: 3.122 GC heap after
{Heap after GC invocations=3 (full 0):
 garbage-first heap   total 63488K, used 9104K [0x00000000c3600000, 0x0000000100000000)
  region size 1024K, 3 young (3072K), 3 survivors (3072K)
 Metaspace       used 11709K, committed 11968K, reserved 1064960K
  class space    used 1404K, committed 1536K, reserved 1048576K
}
Event: 3.933 GC heap before
{Heap before GC invocations=3 (full 0):
 garbage-first heap   total 63488K, used 35728K [0x00000000c3600000, 0x0000000100000000)
  region size 1024K, 30 young (30720K), 3 survivors (3072K)
 Metaspace       used 17356K, committed 17536K, reserved 1064960K
  class space    used 2146K, committed 2240K, reserved 1048576K
}
Event: 3.939 GC heap after
{Heap after GC invocations=4 (full 0):
 garbage-first heap   total 63488K, used 11774K [0x00000000c3600000, 0x0000000100000000)
  region size 1024K, 4 young (4096K), 4 survivors (4096K)
 Metaspace       used 17356K, committed 17536K, reserved 1064960K
  class space    used 2146K, committed 2240K, reserved 1048576K
}
Event: 4.608 GC heap before
{Heap before GC invocations=4 (full 0):
 garbage-first heap   total 63488K, used 36350K [0x00000000c3600000, 0x0000000100000000)
  region size 1024K, 29 young (29696K), 4 survivors (4096K)
 Metaspace       used 21163K, committed 21504K, reserved 1073152K
  class space    used 2643K, committed 2816K, reserved 1048576K
}
Event: 4.615 GC heap after
{Heap after GC invocations=5 (full 0):
 garbage-first heap   total 63488K, used 13415K [0x00000000c3600000, 0x0000000100000000)
  region size 1024K, 2 young (2048K), 2 survivors (2048K)
 Metaspace       used 21163K, committed 21504K, reserved 1073152K
  class space    used 2643K, committed 2816K, reserved 1048576K
}
Event: 5.421 GC heap before
{Heap before GC invocations=6 (full 0):
 garbage-first heap   total 51200K, used 40039K [0x00000000c3600000, 0x0000000100000000)
  region size 1024K, 30 young (30720K), 2 survivors (2048K)
 Metaspace       used 27275K, committed 27712K, reserved 1073152K
  class space    used 3459K, committed 3648K, reserved 1048576K
}
Event: 5.425 GC heap after
{Heap after GC invocations=7 (full 0):
 garbage-first heap   total 51200K, used 16045K [0x00000000c3600000, 0x0000000100000000)
  region size 1024K, 4 young (4096K), 4 survivors (4096K)
 Metaspace       used 27275K, committed 27712K, reserved 1073152K
  class space    used 3459K, committed 3648K, reserved 1048576K
}
Event: 5.531 GC heap before
{Heap before GC invocations=7 (full 0):
 garbage-first heap   total 51200K, used 17069K [0x00000000c3600000, 0x0000000100000000)
  region size 1024K, 5 young (5120K), 4 survivors (4096K)
 Metaspace       used 28163K, committed 28608K, reserved 1081344K
  class space    used 3571K, committed 3776K, reserved 1048576K
}
Event: 5.535 GC heap after
{Heap after GC invocations=8 (full 0):
 garbage-first heap   total 51200K, used 16741K [0x00000000c3600000, 0x0000000100000000)
  region size 1024K, 1 young (1024K), 1 survivors (1024K)
 Metaspace       used 28163K, committed 28608K, reserved 1081344K
  class space    used 3571K, committed 3776K, reserved 1048576K
}
Event: 7.460 GC heap before
{Heap before GC invocations=8 (full 0):
 garbage-first heap   total 51200K, used 36197K [0x00000000c3600000, 0x0000000100000000)
  region size 1024K, 20 young (20480K), 1 survivors (1024K)
 Metaspace       used 33378K, committed 33792K, reserved 1081344K
  class space    used 4278K, committed 4480K, reserved 1048576K
}
Event: 7.494 GC heap after
{Heap after GC invocations=9 (full 0):
 garbage-first heap   total 51200K, used 18208K [0x00000000c3600000, 0x0000000100000000)
  region size 1024K, 3 young (3072K), 3 survivors (3072K)
 Metaspace       used 33378K, committed 33792K, reserved 1081344K
  class space    used 4278K, committed 4480K, reserved 1048576K
}
Event: 8.686 GC heap before
{Heap before GC invocations=9 (full 0):
 garbage-first heap   total 51200K, used 19232K [0x00000000c3600000, 0x0000000100000000)
  region size 1024K, 6 young (6144K), 3 survivors (3072K)
 Metaspace       used 35619K, committed 36096K, reserved 1081344K
  class space    used 4554K, committed 4800K, reserved 1048576K
}
Event: 8.704 GC heap after
{Heap after GC invocations=10 (full 0):
 garbage-first heap   total 51200K, used 18813K [0x00000000c3600000, 0x0000000100000000)
  region size 1024K, 1 young (1024K), 1 survivors (1024K)
 Metaspace       used 35619K, committed 36096K, reserved 1081344K
  class space    used 4554K, committed 4800K, reserved 1048576K
}

