# JRE version: OpenJDK Runtime Environment Temurin-17.0.11+9 (17.0.11+9) (build 17.0.11+9)
# Java VM: OpenJDK 64-Bit Server VM Temurin-17.0.11+9 (17.0.11+9, mixed mode, tiered, compressed oops, compressed class ptrs, parallel gc, windows-amd64)
GC Precious Log:
 CPUs: 4 total, 4 available
 Memory: 3879M
 Large Page Support: Disabled
 NUMA Support: Disabled
 Compressed Oops: Enabled (32-bit)
 Alignments: Space 512K, Generation 512K, Heap 2M
 Heap Min Capacity: 100M
 Heap Initial Capacity: 100M
 Heap Max Capacity: 1G
 Pre-touch: Disabled
 Parallel Workers: 4
Heap:
 PSYoungGen      total 23040K, used 7368K [0x00000000eab00000, 0x00000000ec400000, 0x0000000100000000)
  eden space 22016K, 29% used [0x00000000eab00000,0x00000000eb168b60,0x00000000ec080000)
  from space 1024K, 78% used [0x00000000ec300000,0x00000000ec3c9698,0x00000000ec400000)
  to   space 1536K, 0% used [0x00000000ec100000,0x00000000ec100000,0x00000000ec280000)
 ParOldGen       total 68608K, used 19763K [0x00000000c0000000, 0x00000000c4300000, 0x00000000eab00000)
  object space 68608K, 28% used [0x00000000c0000000,0x00000000c134ce80,0x00000000c4300000)
 Metaspace       used 47632K, committed 48576K, reserved 1114112K
  class space    used 5059K, committed 5504K, reserved 1048576K
GC Heap History (20 events):
Event: 23.049 GC heap before
{Heap before GC invocations=9 (full 1):
 PSYoungGen      total 27136K, used 27106K [0x00000000eab00000, 0x00000000ecb00000, 0x0000000100000000)
  eden space 24576K, 99% used [0x00000000eab00000,0x00000000ec2fe778,0x00000000ec300000)
  from space 2560K, 99% used [0x00000000ec500000,0x00000000ec77a1c0,0x00000000ec780000)
  to   space 3584K, 0% used [0x00000000ec780000,0x00000000ec780000,0x00000000ecb00000)
 ParOldGen       total 68608K, used 11475K [0x00000000c0000000, 0x00000000c4300000, 0x00000000eab00000)
  object space 68608K, 16% used [0x00000000c0000000,0x00000000c0b34dd0,0x00000000c4300000)
 Metaspace       used 29708K, committed 30400K, reserved 1114112K
  class space    used 3039K, committed 3328K, reserved 1048576K
}
Event: 23.051 GC heap after
{Heap after GC invocations=9 (full 1):
 PSYoungGen      total 27648K, used 3569K [0x00000000eab00000, 0x00000000ecb80000, 0x0000000100000000)
  eden space 24064K, 0% used [0x00000000eab00000,0x00000000eab00000,0x00000000ec280000)
  from space 3584K, 99% used [0x00000000ec780000,0x00000000ecafc610,0x00000000ecb00000)
  to   space 4608K, 0% used [0x00000000ec280000,0x00000000ec280000,0x00000000ec700000)
 ParOldGen       total 68608K, used 11809K [0x00000000c0000000, 0x00000000c4300000, 0x00000000eab00000)
  object space 68608K, 17% used [0x00000000c0000000,0x00000000c0b88548,0x00000000c4300000)
 Metaspace       used 29708K, committed 30400K, reserved 1114112K
  class space    used 3039K, committed 3328K, reserved 1048576K
}
Event: 23.253 GC heap before
{Heap before GC invocations=10 (full 1):
 PSYoungGen      total 27648K, used 27117K [0x00000000eab00000, 0x00000000ecb80000, 0x0000000100000000)
  eden space 24064K, 97% used [0x00000000eab00000,0x00000000ec1ff008,0x00000000ec280000)
  from space 3584K, 99% used [0x00000000ec780000,0x00000000ecafc610,0x00000000ecb00000)
  to   space 4608K, 0% used [0x00000000ec280000,0x00000000ec280000,0x00000000ec700000)
 ParOldGen       total 68608K, used 11809K [0x00000000c0000000, 0x00000000c4300000, 0x00000000eab00000)
  object space 68608K, 17% used [0x00000000c0000000,0x00000000c0b88548,0x00000000c4300000)
 Metaspace       used 33301K, committed 34048K, reserved 1114112K
  class space    used 3306K, committed 3648K, reserved 1048576K
}
Event: 23.256 GC heap after
{Heap after GC invocations=10 (full 1):
 PSYoungGen      total 26624K, used 2825K [0x00000000eab00000, 0x00000000ec900000, 0x0000000100000000)
  eden space 23552K, 0% used [0x00000000eab00000,0x00000000eab00000,0x00000000ec200000)
  from space 3072K, 91% used [0x00000000ec280000,0x00000000ec5424a0,0x00000000ec580000)
  to   space 3584K, 0% used [0x00000000ec580000,0x00000000ec580000,0x00000000ec900000)
 ParOldGen       total 68608K, used 12515K [0x00000000c0000000, 0x00000000c4300000, 0x00000000eab00000)
  object space 68608K, 18% used [0x00000000c0000000,0x00000000c0c38c80,0x00000000c4300000)
 Metaspace       used 33301K, committed 34048K, reserved 1114112K
  class space    used 3306K, committed 3648K, reserved 1048576K
}
Event: 23.505 GC heap before
{Heap before GC invocations=11 (full 1):
 PSYoungGen      total 26624K, used 26377K [0x00000000eab00000, 0x00000000ec900000, 0x0000000100000000)
  eden space 23552K, 100% used [0x00000000eab00000,0x00000000ec200000,0x00000000ec200000)
  from space 3072K, 91% used [0x00000000ec280000,0x00000000ec5424a0,0x00000000ec580000)
  to   space 3584K, 0% used [0x00000000ec580000,0x00000000ec580000,0x00000000ec900000)
 ParOldGen       total 68608K, used 12515K [0x00000000c0000000, 0x00000000c4300000, 0x00000000eab00000)
  object space 68608K, 18% used [0x00000000c0000000,0x00000000c0c38c80,0x00000000c4300000)
 Metaspace       used 34717K, committed 35520K, reserved 1114112K
  class space    used 3416K, committed 3776K, reserved 1048576K
}
Event: 23.508 GC heap after
{Heap after GC invocations=11 (full 1):
 PSYoungGen      total 26112K, used 2737K [0x00000000eab00000, 0x00000000ec880000, 0x0000000100000000)
  eden space 23040K, 0% used [0x00000000eab00000,0x00000000eab00000,0x00000000ec180000)
  from space 3072K, 89% used [0x00000000ec580000,0x00000000ec82c760,0x00000000ec880000)
  to   space 3072K, 0% used [0x00000000ec280000,0x00000000ec280000,0x00000000ec580000)
 ParOldGen       total 68608K, used 15102K [0x00000000c0000000, 0x00000000c4300000, 0x00000000eab00000)
  object space 68608K, 22% used [0x00000000c0000000,0x00000000c0ebf800,0x00000000c4300000)
 Metaspace       used 34717K, committed 35520K, reserved 1114112K
  class space    used 3416K, committed 3776K, reserved 1048576K
}
Event: 23.540 GC heap before
{Heap before GC invocations=12 (full 1):
 PSYoungGen      total 26112K, used 4767K [0x00000000eab00000, 0x00000000ec880000, 0x0000000100000000)
  eden space 23040K, 8% used [0x00000000eab00000,0x00000000eacfb518,0x00000000ec180000)
  from space 3072K, 89% used [0x00000000ec580000,0x00000000ec82c760,0x00000000ec880000)
  to   space 3072K, 0% used [0x00000000ec280000,0x00000000ec280000,0x00000000ec580000)
 ParOldGen       total 68608K, used 15102K [0x00000000c0000000, 0x00000000c4300000, 0x00000000eab00000)
  object space 68608K, 22% used [0x00000000c0000000,0x00000000c0ebf800,0x00000000c4300000)
 Metaspace       used 35085K, committed 35840K, reserved 1114112K
  class space    used 3442K, committed 3776K, reserved 1048576K
}
Event: 23.543 GC heap after
{Heap after GC invocations=12 (full 1):
 PSYoungGen      total 23552K, used 174K [0x00000000eab00000, 0x00000000ec600000, 0x0000000100000000)
  eden space 23040K, 0% used [0x00000000eab00000,0x00000000eab00000,0x00000000ec180000)
  from space 512K, 34% used [0x00000000ec280000,0x00000000ec2abbb8,0x00000000ec300000)
  to   space 1536K, 0% used [0x00000000ec480000,0x00000000ec480000,0x00000000ec600000)
 ParOldGen       total 68608K, used 17801K [0x00000000c0000000, 0x00000000c4300000, 0x00000000eab00000)
  object space 68608K, 25% used [0x00000000c0000000,0x00000000c1162438,0x00000000c4300000)
 Metaspace       used 35085K, committed 35840K, reserved 1114112K
  class space    used 3442K, committed 3776K, reserved 1048576K
}
Event: 23.543 GC heap before
{Heap before GC invocations=13 (full 2):
 PSYoungGen      total 23552K, used 174K [0x00000000eab00000, 0x00000000ec600000, 0x0000000100000000)
  eden space 23040K, 0% used [0x00000000eab00000,0x00000000eab00000,0x00000000ec180000)
  from space 512K, 34% used [0x00000000ec280000,0x00000000ec2abbb8,0x00000000ec300000)
  to   space 1536K, 0% used [0x00000000ec480000,0x00000000ec480000,0x00000000ec600000)
 ParOldGen       total 68608K, used 17801K [0x00000000c0000000, 0x00000000c4300000, 0x00000000eab00000)
  object space 68608K, 25% used [0x00000000c0000000,0x00000000c1162438,0x00000000c4300000)
 Metaspace       used 35085K, committed 35840K, reserved 1114112K
  class space    used 3442K, committed 3776K, reserved 1048576K
}
Event: 23.583 GC heap after
{Heap after GC invocations=13 (full 2):
 PSYoungGen      total 23552K, used 0K [0x00000000eab00000, 0x00000000ec600000, 0x0000000100000000)
  eden space 23040K, 0% used [0x00000000eab00000,0x00000000eab00000,0x00000000ec180000)
  from space 512K, 0% used [0x00000000ec280000,0x00000000ec280000,0x00000000ec300000)
  to   space 1536K, 0% used [0x00000000ec480000,0x00000000ec480000,0x00000000ec600000)
 ParOldGen       total 68608K, used 15714K [0x00000000c0000000, 0x00000000c4300000, 0x00000000eab00000)
  object space 68608K, 22% used [0x00000000c0000000,0x00000000c0f58b90,0x00000000c4300000)
 Metaspace       used 35085K, committed 35840K, reserved 1114112K
  class space    used 3442K, committed 3776K, reserved 1048576K
}
Event: 24.007 GC heap before
{Heap before GC invocations=14 (full 2):
 PSYoungGen      total 23552K, used 23040K [0x00000000eab00000, 0x00000000ec600000, 0x0000000100000000)
  eden space 23040K, 100% used [0x00000000eab00000,0x00000000ec180000,0x00000000ec180000)
  from space 512K, 0% used [0x00000000ec280000,0x00000000ec280000,0x00000000ec300000)
  to   space 1536K, 0% used [0x00000000ec480000,0x00000000ec480000,0x00000000ec600000)
 ParOldGen       total 68608K, used 15714K [0x00000000c0000000, 0x00000000c4300000, 0x00000000eab00000)
  object space 68608K, 22% used [0x00000000c0000000,0x00000000c0f58b90,0x00000000c4300000)
 Metaspace       used 38565K, committed 39424K, reserved 1114112K
  class space    used 3857K, committed 4224K, reserved 1048576K
}
Event: 24.009 GC heap after
{Heap after GC invocations=14 (full 2):
 PSYoungGen      total 24064K, used 1433K [0x00000000eab00000, 0x00000000ec600000, 0x0000000100000000)
  eden space 22528K, 0% used [0x00000000eab00000,0x00000000eab00000,0x00000000ec100000)
  from space 1536K, 93% used [0x00000000ec480000,0x00000000ec5e6618,0x00000000ec600000)
  to   space 2048K, 0% used [0x00000000ec200000,0x00000000ec200000,0x00000000ec400000)
 ParOldGen       total 68608K, used 15722K [0x00000000c0000000, 0x00000000c4300000, 0x00000000eab00000)
  object space 68608K, 22% used [0x00000000c0000000,0x00000000c0f5ab90,0x00000000c4300000)
 Metaspace       used 38565K, committed 39424K, reserved 1114112K
  class space    used 3857K, committed 4224K, reserved 1048576K
}
Event: 24.214 GC heap before
{Heap before GC invocations=15 (full 2):
 PSYoungGen      total 24064K, used 23961K [0x00000000eab00000, 0x00000000ec600000, 0x0000000100000000)
  eden space 22528K, 100% used [0x00000000eab00000,0x00000000ec100000,0x00000000ec100000)
  from space 1536K, 93% used [0x00000000ec480000,0x00000000ec5e6618,0x00000000ec600000)
  to   space 2048K, 0% used [0x00000000ec200000,0x00000000ec200000,0x00000000ec400000)
 ParOldGen       total 68608K, used 15722K [0x00000000c0000000, 0x00000000c4300000, 0x00000000eab00000)
  object space 68608K, 22% used [0x00000000c0000000,0x00000000c0f5ab90,0x00000000c4300000)
 Metaspace       used 41302K, committed 42304K, reserved 1114112K
  class space    used 4250K, committed 4736K, reserved 1048576K
}
Event: 24.216 GC heap after
{Heap after GC invocations=15 (full 2):
 PSYoungGen      total 24064K, used 720K [0x00000000eab00000, 0x00000000ec500000, 0x0000000100000000)
  eden space 22016K, 0% used [0x00000000eab00000,0x00000000eab00000,0x00000000ec080000)
  from space 2048K, 35% used [0x00000000ec200000,0x00000000ec2b4010,0x00000000ec400000)
  to   space 1024K, 0% used [0x00000000ec400000,0x00000000ec400000,0x00000000ec500000)
 ParOldGen       total 68608K, used 17033K [0x00000000c0000000, 0x00000000c4300000, 0x00000000eab00000)
  object space 68608K, 24% used [0x00000000c0000000,0x00000000c10a2608,0x00000000c4300000)
 Metaspace       used 41302K, committed 42304K, reserved 1114112K
  class space    used 4250K, committed 4736K, reserved 1048576K
}
Event: 24.365 GC heap before
{Heap before GC invocations=16 (full 2):
 PSYoungGen      total 24064K, used 22736K [0x00000000eab00000, 0x00000000ec500000, 0x0000000100000000)
  eden space 22016K, 100% used [0x00000000eab00000,0x00000000ec080000,0x00000000ec080000)
  from space 2048K, 35% used [0x00000000ec200000,0x00000000ec2b4010,0x00000000ec400000)
  to   space 1024K, 0% used [0x00000000ec400000,0x00000000ec400000,0x00000000ec500000)
 ParOldGen       total 68608K, used 17033K [0x00000000c0000000, 0x00000000c4300000, 0x00000000eab00000)
  object space 68608K, 24% used [0x00000000c0000000,0x00000000c10a2608,0x00000000c4300000)
 Metaspace       used 42877K, committed 43840K, reserved 1114112K
  class space    used 4433K, committed 4864K, reserved 1048576K
}
Event: 24.368 GC heap after
{Heap after GC invocations=16 (full 2):
 PSYoungGen      total 23040K, used 1024K [0x00000000eab00000, 0x00000000ec500000, 0x0000000100000000)
  eden space 22016K, 0% used [0x00000000eab00000,0x00000000eab00000,0x00000000ec080000)
  from space 1024K, 100% used [0x00000000ec400000,0x00000000ec500000,0x00000000ec500000)
  to   space 2048K, 0% used [0x00000000ec100000,0x00000000ec100000,0x00000000ec300000)
 ParOldGen       total 68608K, used 17601K [0x00000000c0000000, 0x00000000c4300000, 0x00000000eab00000)
  object space 68608K, 25% used [0x00000000c0000000,0x00000000c1130608,0x00000000c4300000)
 Metaspace       used 42877K, committed 43840K, reserved 1114112K
  class space    used 4433K, committed 4864K, reserved 1048576K
}
Event: 24.658 GC heap before
{Heap before GC invocations=17 (full 2):
 PSYoungGen      total 23040K, used 23040K [0x00000000eab00000, 0x00000000ec500000, 0x0000000100000000)
  eden space 22016K, 100% used [0x00000000eab00000,0x00000000ec080000,0x00000000ec080000)
  from space 1024K, 100% used [0x00000000ec400000,0x00000000ec500000,0x00000000ec500000)
  to   space 2048K, 0% used [0x00000000ec100000,0x00000000ec100000,0x00000000ec300000)
 ParOldGen       total 68608K, used 17601K [0x00000000c0000000, 0x00000000c4300000, 0x00000000eab00000)
  object space 68608K, 25% used [0x00000000c0000000,0x00000000c1130608,0x00000000c4300000)
 Metaspace       used 44593K, committed 45632K, reserved 1114112K
  class space    used 4657K, committed 5120K, reserved 1048576K
}
Event: 24.660 GC heap after
{Heap after GC invocations=17 (full 2):
 PSYoungGen      total 24064K, used 1805K [0x00000000eab00000, 0x00000000ec480000, 0x0000000100000000)
  eden space 22016K, 0% used [0x00000000eab00000,0x00000000eab00000,0x00000000ec080000)
  from space 2048K, 88% used [0x00000000ec100000,0x00000000ec2c37e0,0x00000000ec300000)
  to   space 1536K, 0% used [0x00000000ec300000,0x00000000ec300000,0x00000000ec480000)
 ParOldGen       total 68608K, used 18120K [0x00000000c0000000, 0x00000000c4300000, 0x00000000eab00000)
  object space 68608K, 26% used [0x00000000c0000000,0x00000000c11b23e8,0x00000000c4300000)
 Metaspace       used 44593K, committed 45632K, reserved 1114112K
  class space    used 4657K, committed 5120K, reserved 1048576K
}
Event: 24.920 GC heap before
{Heap before GC invocations=18 (full 2):
 PSYoungGen      total 24064K, used 23805K [0x00000000eab00000, 0x00000000ec480000, 0x0000000100000000)
  eden space 22016K, 99% used [0x00000000eab00000,0x00000000ec07bdc8,0x00000000ec080000)
  from space 2048K, 88% used [0x00000000ec100000,0x00000000ec2c37e0,0x00000000ec300000)
  to   space 1536K, 0% used [0x00000000ec300000,0x00000000ec300000,0x00000000ec480000)
 ParOldGen       total 68608K, used 18120K [0x00000000c0000000, 0x00000000c4300000, 0x00000000eab00000)
  object space 68608K, 26% used [0x00000000c0000000,0x00000000c11b23e8,0x00000000c4300000)
 Metaspace       used 46880K, committed 47808K, reserved 1114112K
  class space    used 4962K, committed 5376K, reserved 1048576K
}
Event: 24.923 GC heap after
{Heap after GC invocations=18 (full 2):
 PSYoungGen      total 23040K, used 805K [0x00000000eab00000, 0x00000000ec400000, 0x0000000100000000)
  eden space 22016K, 0% used [0x00000000eab00000,0x00000000eab00000,0x00000000ec080000)
  from space 1024K, 78% used [0x00000000ec300000,0x00000000ec3c9698,0x00000000ec400000)
  to   space 1536K, 0% used [0x00000000ec100000,0x00000000ec100000,0x00000000ec280000)
 ParOldGen       total 68608K, used 19763K [0x00000000c0000000, 0x00000000c4300000, 0x00000000eab00000)
  object space 68608K, 28% used [0x00000000c0000000,0x00000000c134ce80,0x00000000c4300000)
 Metaspace       used 46880K, committed 47808K, reserved 1114112K
  class space    used 4962K, committed 5376K, reserved 1048576K
}

