# JRE version: OpenJDK Runtime Environment Temurin-17.0.11+9 (17.0.11+9) (build 17.0.11+9)
# Java VM: OpenJDK 64-Bit Server VM Temurin-17.0.11+9 (17.0.11+9, mixed mode, emulated-client, tiered, compressed oops, compressed class ptrs, g1 gc, windows-amd64)
GC Precious Log:
 CPUs: 4 total, 4 available
 Memory: 3879M
 Large Page Support: Disabled
 NUMA Support: Disabled
 Compressed Oops: Enabled (32-bit)
 Heap Region Size: 1M
 Heap Min Capacity: 8M
 Heap Initial Capacity: 62M
 Heap Max Capacity: 1G
 Pre-touch: Disabled
 Parallel Workers: 4
 Concurrent Workers: 1
 Concurrent Refinement Workers: 4
 Periodic GC: Disabled
Heap:
 garbage-first heap   total 63488K, used 28600K [0x00000000c0000000, 0x0000000100000000)
  region size 1024K, 1 young (1024K), 1 survivors (1024K)
 Metaspace       used 35716K, committed 36096K, reserved 1114112K
  class space    used 4404K, committed 4608K, reserved 1048576K
GC Heap History (20 events):
Event: 21.290 GC heap after
{Heap after GC invocations=2 (full 0):
 garbage-first heap   total 63488K, used 15590K [0x00000000c0000000, 0x0000000100000000)
  region size 1024K, 2 young (2048K), 2 survivors (2048K)
 Metaspace       used 7681K, committed 7872K, reserved 1114112K
  class space    used 819K, committed 896K, reserved 1048576K
}
Event: 21.661 GC heap before
{Heap before GC invocations=2 (full 0):
 garbage-first heap   total 63488K, used 28902K [0x00000000c0000000, 0x0000000100000000)
  region size 1024K, 15 young (15360K), 2 survivors (2048K)
 Metaspace       used 11400K, committed 11648K, reserved 1114112K
  class space    used 1373K, committed 1472K, reserved 1048576K
}
Event: 21.665 GC heap after
{Heap after GC invocations=3 (full 0):
 garbage-first heap   total 63488K, used 16855K [0x00000000c0000000, 0x0000000100000000)
  region size 1024K, 2 young (2048K), 2 survivors (2048K)
 Metaspace       used 11400K, committed 11648K, reserved 1114112K
  class space    used 1373K, committed 1472K, reserved 1048576K
}
Event: 22.088 GC heap before
{Heap before GC invocations=3 (full 0):
 garbage-first heap   total 63488K, used 32215K [0x00000000c0000000, 0x0000000100000000)
  region size 1024K, 17 young (17408K), 2 survivors (2048K)
 Metaspace       used 14412K, committed 14592K, reserved 1114112K
  class space    used 1805K, committed 1920K, reserved 1048576K
}
Event: 22.092 GC heap after
{Heap after GC invocations=4 (full 0):
 garbage-first heap   total 63488K, used 17749K [0x00000000c0000000, 0x0000000100000000)
  region size 1024K, 2 young (2048K), 2 survivors (2048K)
 Metaspace       used 14412K, committed 14592K, reserved 1114112K
  class space    used 1805K, committed 1920K, reserved 1048576K
}
Event: 22.675 GC heap before
{Heap before GC invocations=4 (full 0):
 garbage-first heap   total 63488K, used 40277K [0x00000000c0000000, 0x0000000100000000)
  region size 1024K, 25 young (25600K), 2 survivors (2048K)
 Metaspace       used 19602K, committed 19840K, reserved 1114112K
  class space    used 2433K, committed 2560K, reserved 1048576K
}
Event: 22.680 GC heap after
{Heap after GC invocations=5 (full 0):
 garbage-first heap   total 63488K, used 19797K [0x00000000c0000000, 0x0000000100000000)
  region size 1024K, 4 young (4096K), 4 survivors (4096K)
 Metaspace       used 19602K, committed 19840K, reserved 1114112K
  class space    used 2433K, committed 2560K, reserved 1048576K
}
Event: 22.788 GC heap before
{Heap before GC invocations=5 (full 0):
 garbage-first heap   total 63488K, used 24917K [0x00000000c0000000, 0x0000000100000000)
  region size 1024K, 10 young (10240K), 4 survivors (4096K)
 Metaspace       used 21307K, committed 21504K, reserved 1114112K
  class space    used 2626K, committed 2752K, reserved 1048576K
}
Event: 22.795 GC heap after
{Heap after GC invocations=6 (full 0):
 garbage-first heap   total 63488K, used 20955K [0x00000000c0000000, 0x0000000100000000)
  region size 1024K, 2 young (2048K), 2 survivors (2048K)
 Metaspace       used 21307K, committed 21504K, reserved 1114112K
  class space    used 2626K, committed 2752K, reserved 1048576K
}
Event: 23.470 GC heap before
{Heap before GC invocations=7 (full 0):
 garbage-first heap   total 63488K, used 40411K [0x00000000c0000000, 0x0000000100000000)
  region size 1024K, 22 young (22528K), 2 survivors (2048K)
 Metaspace       used 25563K, committed 25856K, reserved 1114112K
  class space    used 3189K, committed 3328K, reserved 1048576K
}
Event: 23.474 GC heap after
{Heap after GC invocations=8 (full 0):
 garbage-first heap   total 63488K, used 22495K [0x00000000c0000000, 0x0000000100000000)
  region size 1024K, 3 young (3072K), 3 survivors (3072K)
 Metaspace       used 25563K, committed 25856K, reserved 1114112K
  class space    used 3189K, committed 3328K, reserved 1048576K
}
Event: 23.543 GC heap before
{Heap before GC invocations=8 (full 0):
 garbage-first heap   total 63488K, used 23519K [0x00000000c0000000, 0x0000000100000000)
  region size 1024K, 4 young (4096K), 3 survivors (3072K)
 Metaspace       used 25783K, committed 26048K, reserved 1114112K
  class space    used 3218K, committed 3328K, reserved 1048576K
}
Event: 23.551 GC heap after
{Heap after GC invocations=9 (full 0):
 garbage-first heap   total 63488K, used 22455K [0x00000000c0000000, 0x0000000100000000)
  region size 1024K, 1 young (1024K), 1 survivors (1024K)
 Metaspace       used 25783K, committed 26048K, reserved 1114112K
  class space    used 3218K, committed 3328K, reserved 1048576K
}
Event: 25.207 GC heap before
{Heap before GC invocations=9 (full 0):
 garbage-first heap   total 63488K, used 43959K [0x00000000c0000000, 0x0000000100000000)
  region size 1024K, 22 young (22528K), 1 survivors (1024K)
 Metaspace       used 28355K, committed 28608K, reserved 1114112K
  class space    used 3546K, committed 3648K, reserved 1048576K
}
Event: 25.333 GC heap after
{Heap after GC invocations=10 (full 0):
 garbage-first heap   total 63488K, used 23633K [0x00000000c0000000, 0x0000000100000000)
  region size 1024K, 2 young (2048K), 2 survivors (2048K)
 Metaspace       used 28355K, committed 28608K, reserved 1114112K
  class space    used 3546K, committed 3648K, reserved 1048576K
}
Event: 28.774 GC heap before
{Heap before GC invocations=10 (full 0):
 garbage-first heap   total 63488K, used 44113K [0x00000000c0000000, 0x0000000100000000)
  region size 1024K, 23 young (23552K), 2 survivors (2048K)
 Metaspace       used 31969K, committed 32320K, reserved 1114112K
  class space    used 4052K, committed 4224K, reserved 1048576K
}
Event: 28.793 GC heap after
{Heap after GC invocations=11 (full 0):
 garbage-first heap   total 63488K, used 25035K [0x00000000c0000000, 0x0000000100000000)
  region size 1024K, 3 young (3072K), 3 survivors (3072K)
 Metaspace       used 31969K, committed 32320K, reserved 1114112K
  class space    used 4052K, committed 4224K, reserved 1048576K
}
Event: 29.599 GC heap before
{Heap before GC invocations=11 (full 0):
 garbage-first heap   total 63488K, used 48587K [0x00000000c0000000, 0x0000000100000000)
  region size 1024K, 25 young (25600K), 3 survivors (3072K)
 Metaspace       used 35274K, committed 35712K, reserved 1114112K
  class space    used 4337K, committed 4544K, reserved 1048576K
}
Event: 29.617 GC heap after
{Heap after GC invocations=12 (full 0):
 garbage-first heap   total 63488K, used 27802K [0x00000000c0000000, 0x0000000100000000)
  region size 1024K, 4 young (4096K), 4 survivors (4096K)
 Metaspace       used 35274K, committed 35712K, reserved 1114112K
  class space    used 4337K, committed 4544K, reserved 1048576K
}
Event: 29.884 GC heap before
{Heap before GC invocations=12 (full 0):
 garbage-first heap   total 63488K, used 29850K [0x00000000c0000000, 0x0000000100000000)
  region size 1024K, 7 young (7168K), 4 survivors (4096K)
 Metaspace       used 35716K, committed 36096K, reserved 1114112K
  class space    used 4404K, committed 4608K, reserved 1048576K
}

