# JRE version: OpenJDK Runtime Environment Temurin-17.0.11+9 (17.0.11+9) (build 17.0.11+9)
# Java VM: OpenJDK 64-Bit Server VM Temurin-17.0.11+9 (17.0.11+9, mixed mode, tiered, compressed oops, compressed class ptrs, parallel gc, windows-amd64)
GC Precious Log:
 CPUs: 4 total, 4 available
 Memory: 3879M
 Large Page Support: Disabled
 NUMA Support: Disabled
 Compressed Oops: Enabled (32-bit)
 Alignments: Space 512K, Generation 512K, Heap 2M
 Heap Min Capacity: 100M
 Heap Initial Capacity: 100M
 Heap Max Capacity: 1G
 Pre-touch: Disabled
 Parallel Workers: 4
Heap:
 PSYoungGen      total 19456K, used 15070K [0x00000000eab00000, 0x00000000ec000000, 0x0000000100000000)
  eden space 18432K, 76% used [0x00000000eab00000,0x00000000eb8bcc08,0x00000000ebd00000)
  from space 1024K, 97% used [0x00000000ebd00000,0x00000000ebdfac30,0x00000000ebe00000)
  to   space 1536K, 0% used [0x00000000ebe80000,0x00000000ebe80000,0x00000000ec000000)
 ParOldGen       total 68608K, used 43348K [0x00000000c0000000, 0x00000000c4300000, 0x00000000eab00000)
  object space 68608K, 63% used [0x00000000c0000000,0x00000000c2a551a8,0x00000000c4300000)
 Metaspace       used 67476K, committed 68736K, reserved 1114112K
  class space    used 7267K, committed 7808K, reserved 1048576K
GC Heap History (20 events):
Event: 32.818 GC heap before
{Heap before GC invocations=37 (full 3):
 PSYoungGen      total 21504K, used 21312K [0x00000000eab00000, 0x00000000ec280000, 0x0000000100000000)
  eden space 19968K, 100% used [0x00000000eab00000,0x00000000ebe80000,0x00000000ebe80000)
  from space 1536K, 87% used [0x00000000ebe80000,0x00000000ebfd0020,0x00000000ec000000)
  to   space 2048K, 0% used [0x00000000ec080000,0x00000000ec080000,0x00000000ec280000)
 ParOldGen       total 68608K, used 36738K [0x00000000c0000000, 0x00000000c4300000, 0x00000000eab00000)
  object space 68608K, 53% used [0x00000000c0000000,0x00000000c23e08b8,0x00000000c4300000)
 Metaspace       used 66125K, committed 67392K, reserved 1114112K
  class space    used 7172K, committed 7680K, reserved 1048576K
}
Event: 32.821 GC heap after
{Heap after GC invocations=37 (full 3):
 PSYoungGen      total 20992K, used 766K [0x00000000eab00000, 0x00000000ec180000, 0x0000000100000000)
  eden space 19968K, 0% used [0x00000000eab00000,0x00000000eab00000,0x00000000ebe80000)
  from space 1024K, 74% used [0x00000000ec080000,0x00000000ec13fb68,0x00000000ec180000)
  to   space 1536K, 0% used [0x00000000ebe80000,0x00000000ebe80000,0x00000000ec000000)
 ParOldGen       total 68608K, used 37618K [0x00000000c0000000, 0x00000000c4300000, 0x00000000eab00000)
  object space 68608K, 54% used [0x00000000c0000000,0x00000000c24bc8e8,0x00000000c4300000)
 Metaspace       used 66125K, committed 67392K, reserved 1114112K
  class space    used 7172K, committed 7680K, reserved 1048576K
}
Event: 32.924 GC heap before
{Heap before GC invocations=38 (full 3):
 PSYoungGen      total 20992K, used 20734K [0x00000000eab00000, 0x00000000ec180000, 0x0000000100000000)
  eden space 19968K, 100% used [0x00000000eab00000,0x00000000ebe80000,0x00000000ebe80000)
  from space 1024K, 74% used [0x00000000ec080000,0x00000000ec13fb68,0x00000000ec180000)
  to   space 1536K, 0% used [0x00000000ebe80000,0x00000000ebe80000,0x00000000ec000000)
 ParOldGen       total 68608K, used 37618K [0x00000000c0000000, 0x00000000c4300000, 0x00000000eab00000)
  object space 68608K, 54% used [0x00000000c0000000,0x00000000c24bc8e8,0x00000000c4300000)
 Metaspace       used 66304K, committed 67456K, reserved 1114112K
  class space    used 7192K, committed 7680K, reserved 1048576K
}
Event: 32.926 GC heap after
{Heap after GC invocations=38 (full 3):
 PSYoungGen      total 21504K, used 295K [0x00000000eab00000, 0x00000000ec100000, 0x0000000100000000)
  eden space 19968K, 0% used [0x00000000eab00000,0x00000000eab00000,0x00000000ebe80000)
  from space 1536K, 19% used [0x00000000ebe80000,0x00000000ebec9e30,0x00000000ec000000)
  to   space 1024K, 0% used [0x00000000ec000000,0x00000000ec000000,0x00000000ec100000)
 ParOldGen       total 68608K, used 38254K [0x00000000c0000000, 0x00000000c4300000, 0x00000000eab00000)
  object space 68608K, 55% used [0x00000000c0000000,0x00000000c255b8d8,0x00000000c4300000)
 Metaspace       used 66304K, committed 67456K, reserved 1114112K
  class space    used 7192K, committed 7680K, reserved 1048576K
}
Event: 33.037 GC heap before
{Heap before GC invocations=39 (full 3):
 PSYoungGen      total 21504K, used 20263K [0x00000000eab00000, 0x00000000ec100000, 0x0000000100000000)
  eden space 19968K, 100% used [0x00000000eab00000,0x00000000ebe80000,0x00000000ebe80000)
  from space 1536K, 19% used [0x00000000ebe80000,0x00000000ebec9e30,0x00000000ec000000)
  to   space 1024K, 0% used [0x00000000ec000000,0x00000000ec000000,0x00000000ec100000)
 ParOldGen       total 68608K, used 38254K [0x00000000c0000000, 0x00000000c4300000, 0x00000000eab00000)
  object space 68608K, 55% used [0x00000000c0000000,0x00000000c255b8d8,0x00000000c4300000)
 Metaspace       used 66431K, committed 67584K, reserved 1114112K
  class space    used 7200K, committed 7680K, reserved 1048576K
}
Event: 33.039 GC heap after
{Heap after GC invocations=39 (full 3):
 PSYoungGen      total 20992K, used 1011K [0x00000000eab00000, 0x00000000ec180000, 0x0000000100000000)
  eden space 19968K, 0% used [0x00000000eab00000,0x00000000eab00000,0x00000000ebe80000)
  from space 1024K, 98% used [0x00000000ec000000,0x00000000ec0fce50,0x00000000ec100000)
  to   space 1536K, 0% used [0x00000000ebe80000,0x00000000ebe80000,0x00000000ec000000)
 ParOldGen       total 68608K, used 38427K [0x00000000c0000000, 0x00000000c4300000, 0x00000000eab00000)
  object space 68608K, 56% used [0x00000000c0000000,0x00000000c2586f90,0x00000000c4300000)
 Metaspace       used 66431K, committed 67584K, reserved 1114112K
  class space    used 7200K, committed 7680K, reserved 1048576K
}
Event: 33.108 GC heap before
{Heap before GC invocations=40 (full 3):
 PSYoungGen      total 20992K, used 20979K [0x00000000eab00000, 0x00000000ec180000, 0x0000000100000000)
  eden space 19968K, 100% used [0x00000000eab00000,0x00000000ebe80000,0x00000000ebe80000)
  from space 1024K, 98% used [0x00000000ec000000,0x00000000ec0fce50,0x00000000ec100000)
  to   space 1536K, 0% used [0x00000000ebe80000,0x00000000ebe80000,0x00000000ec000000)
 ParOldGen       total 68608K, used 38427K [0x00000000c0000000, 0x00000000c4300000, 0x00000000eab00000)
  object space 68608K, 56% used [0x00000000c0000000,0x00000000c2586f90,0x00000000c4300000)
 Metaspace       used 66497K, committed 67776K, reserved 1114112K
  class space    used 7211K, committed 7744K, reserved 1048576K
}
Event: 33.111 GC heap after
{Heap after GC invocations=40 (full 3):
 PSYoungGen      total 20480K, used 417K [0x00000000eab00000, 0x00000000ec080000, 0x0000000100000000)
  eden space 19968K, 0% used [0x00000000eab00000,0x00000000eab00000,0x00000000ebe80000)
  from space 512K, 81% used [0x00000000ebe80000,0x00000000ebee86b0,0x00000000ebf00000)
  to   space 1024K, 0% used [0x00000000ebf80000,0x00000000ebf80000,0x00000000ec080000)
 ParOldGen       total 68608K, used 39298K [0x00000000c0000000, 0x00000000c4300000, 0x00000000eab00000)
  object space 68608K, 57% used [0x00000000c0000000,0x00000000c2660890,0x00000000c4300000)
 Metaspace       used 66497K, committed 67776K, reserved 1114112K
  class space    used 7211K, committed 7744K, reserved 1048576K
}
Event: 33.914 GC heap before
{Heap before GC invocations=41 (full 3):
 PSYoungGen      total 20480K, used 20385K [0x00000000eab00000, 0x00000000ec080000, 0x0000000100000000)
  eden space 19968K, 100% used [0x00000000eab00000,0x00000000ebe80000,0x00000000ebe80000)
  from space 512K, 81% used [0x00000000ebe80000,0x00000000ebee86b0,0x00000000ebf00000)
  to   space 1024K, 0% used [0x00000000ebf80000,0x00000000ebf80000,0x00000000ec080000)
 ParOldGen       total 68608K, used 39298K [0x00000000c0000000, 0x00000000c4300000, 0x00000000eab00000)
  object space 68608K, 57% used [0x00000000c0000000,0x00000000c2660890,0x00000000c4300000)
 Metaspace       used 66852K, committed 68096K, reserved 1114112K
  class space    used 7236K, committed 7744K, reserved 1048576K
}
Event: 33.916 GC heap after
{Heap after GC invocations=41 (full 3):
 PSYoungGen      total 20992K, used 737K [0x00000000eab00000, 0x00000000ec080000, 0x0000000100000000)
  eden space 19968K, 0% used [0x00000000eab00000,0x00000000eab00000,0x00000000ebe80000)
  from space 1024K, 72% used [0x00000000ebf80000,0x00000000ec0386b0,0x00000000ec080000)
  to   space 1024K, 0% used [0x00000000ebe80000,0x00000000ebe80000,0x00000000ebf80000)
 ParOldGen       total 68608K, used 39530K [0x00000000c0000000, 0x00000000c4300000, 0x00000000eab00000)
  object space 68608K, 57% used [0x00000000c0000000,0x00000000c269a890,0x00000000c4300000)
 Metaspace       used 66852K, committed 68096K, reserved 1114112K
  class space    used 7236K, committed 7744K, reserved 1048576K
}
Event: 34.235 GC heap before
{Heap before GC invocations=42 (full 3):
 PSYoungGen      total 20992K, used 20705K [0x00000000eab00000, 0x00000000ec080000, 0x0000000100000000)
  eden space 19968K, 100% used [0x00000000eab00000,0x00000000ebe80000,0x00000000ebe80000)
  from space 1024K, 72% used [0x00000000ebf80000,0x00000000ec0386b0,0x00000000ec080000)
  to   space 1024K, 0% used [0x00000000ebe80000,0x00000000ebe80000,0x00000000ebf80000)
 ParOldGen       total 68608K, used 39530K [0x00000000c0000000, 0x00000000c4300000, 0x00000000eab00000)
  object space 68608K, 57% used [0x00000000c0000000,0x00000000c269a890,0x00000000c4300000)
 Metaspace       used 66935K, committed 68160K, reserved 1114112K
  class space    used 7238K, committed 7744K, reserved 1048576K
}
Event: 34.237 GC heap after
{Heap after GC invocations=42 (full 3):
 PSYoungGen      total 20992K, used 878K [0x00000000eab00000, 0x00000000ec080000, 0x0000000100000000)
  eden space 19968K, 0% used [0x00000000eab00000,0x00000000eab00000,0x00000000ebe80000)
  from space 1024K, 85% used [0x00000000ebe80000,0x00000000ebf5ba10,0x00000000ebf80000)
  to   space 1024K, 0% used [0x00000000ebf80000,0x00000000ebf80000,0x00000000ec080000)
 ParOldGen       total 68608K, used 40229K [0x00000000c0000000, 0x00000000c4300000, 0x00000000eab00000)
  object space 68608K, 58% used [0x00000000c0000000,0x00000000c27494e8,0x00000000c4300000)
 Metaspace       used 66935K, committed 68160K, reserved 1114112K
  class space    used 7238K, committed 7744K, reserved 1048576K
}
Event: 35.770 GC heap before
{Heap before GC invocations=43 (full 3):
 PSYoungGen      total 20992K, used 20846K [0x00000000eab00000, 0x00000000ec080000, 0x0000000100000000)
  eden space 19968K, 100% used [0x00000000eab00000,0x00000000ebe80000,0x00000000ebe80000)
  from space 1024K, 85% used [0x00000000ebe80000,0x00000000ebf5ba10,0x00000000ebf80000)
  to   space 1024K, 0% used [0x00000000ebf80000,0x00000000ebf80000,0x00000000ec080000)
 ParOldGen       total 68608K, used 40229K [0x00000000c0000000, 0x00000000c4300000, 0x00000000eab00000)
  object space 68608K, 58% used [0x00000000c0000000,0x00000000c27494e8,0x00000000c4300000)
 Metaspace       used 67008K, committed 68224K, reserved 1114112K
  class space    used 7242K, committed 7744K, reserved 1048576K
}
Event: 35.773 GC heap after
{Heap after GC invocations=43 (full 3):
 PSYoungGen      total 19456K, used 1024K [0x00000000eab00000, 0x00000000ec380000, 0x0000000100000000)
  eden space 18432K, 0% used [0x00000000eab00000,0x00000000eab00000,0x00000000ebd00000)
  from space 1024K, 100% used [0x00000000ebf80000,0x00000000ec080000,0x00000000ec080000)
  to   space 2560K, 0% used [0x00000000ebd00000,0x00000000ebd00000,0x00000000ebf80000)
 ParOldGen       total 68608K, used 41205K [0x00000000c0000000, 0x00000000c4300000, 0x00000000eab00000)
  object space 68608K, 60% used [0x00000000c0000000,0x00000000c283d660,0x00000000c4300000)
 Metaspace       used 67008K, committed 68224K, reserved 1114112K
  class space    used 7242K, committed 7744K, reserved 1048576K
}
Event: 36.221 GC heap before
{Heap before GC invocations=44 (full 3):
 PSYoungGen      total 19456K, used 19456K [0x00000000eab00000, 0x00000000ec380000, 0x0000000100000000)
  eden space 18432K, 100% used [0x00000000eab00000,0x00000000ebd00000,0x00000000ebd00000)
  from space 1024K, 100% used [0x00000000ebf80000,0x00000000ec080000,0x00000000ec080000)
  to   space 2560K, 0% used [0x00000000ebd00000,0x00000000ebd00000,0x00000000ebf80000)
 ParOldGen       total 68608K, used 41205K [0x00000000c0000000, 0x00000000c4300000, 0x00000000eab00000)
  object space 68608K, 60% used [0x00000000c0000000,0x00000000c283d660,0x00000000c4300000)
 Metaspace       used 67074K, committed 68288K, reserved 1114112K
  class space    used 7242K, committed 7744K, reserved 1048576K
}
Event: 36.223 GC heap after
{Heap after GC invocations=44 (full 3):
 PSYoungGen      total 19456K, used 646K [0x00000000eab00000, 0x00000000ec000000, 0x0000000100000000)
  eden space 18432K, 0% used [0x00000000eab00000,0x00000000eab00000,0x00000000ebd00000)
  from space 1024K, 63% used [0x00000000ebd00000,0x00000000ebda18d8,0x00000000ebe00000)
  to   space 1536K, 0% used [0x00000000ebe80000,0x00000000ebe80000,0x00000000ec000000)
 ParOldGen       total 68608K, used 42235K [0x00000000c0000000, 0x00000000c4300000, 0x00000000eab00000)
  object space 68608K, 61% used [0x00000000c0000000,0x00000000c293ee88,0x00000000c4300000)
 Metaspace       used 67074K, committed 68288K, reserved 1114112K
  class space    used 7242K, committed 7744K, reserved 1048576K
}
Event: 37.138 GC heap before
{Heap before GC invocations=45 (full 3):
 PSYoungGen      total 19456K, used 19078K [0x00000000eab00000, 0x00000000ec000000, 0x0000000100000000)
  eden space 18432K, 100% used [0x00000000eab00000,0x00000000ebd00000,0x00000000ebd00000)
  from space 1024K, 63% used [0x00000000ebd00000,0x00000000ebda18d8,0x00000000ebe00000)
  to   space 1536K, 0% used [0x00000000ebe80000,0x00000000ebe80000,0x00000000ec000000)
 ParOldGen       total 68608K, used 42235K [0x00000000c0000000, 0x00000000c4300000, 0x00000000eab00000)
  object space 68608K, 61% used [0x00000000c0000000,0x00000000c293ee88,0x00000000c4300000)
 Metaspace       used 67131K, committed 68416K, reserved 1114112K
  class space    used 7242K, committed 7744K, reserved 1048576K
}
Event: 37.139 GC heap after
{Heap after GC invocations=45 (full 3):
 PSYoungGen      total 19456K, used 661K [0x00000000eab00000, 0x00000000ebf80000, 0x0000000100000000)
  eden space 18432K, 0% used [0x00000000eab00000,0x00000000eab00000,0x00000000ebd00000)
  from space 1024K, 64% used [0x00000000ebe80000,0x00000000ebf25598,0x00000000ebf80000)
  to   space 1024K, 0% used [0x00000000ebd00000,0x00000000ebd00000,0x00000000ebe00000)
 ParOldGen       total 68608K, used 42739K [0x00000000c0000000, 0x00000000c4300000, 0x00000000eab00000)
  object space 68608K, 62% used [0x00000000c0000000,0x00000000c29bcd40,0x00000000c4300000)
 Metaspace       used 67131K, committed 68416K, reserved 1114112K
  class space    used 7242K, committed 7744K, reserved 1048576K
}
Event: 37.813 GC heap before
{Heap before GC invocations=46 (full 3):
 PSYoungGen      total 19456K, used 19093K [0x00000000eab00000, 0x00000000ebf80000, 0x0000000100000000)
  eden space 18432K, 100% used [0x00000000eab00000,0x00000000ebd00000,0x00000000ebd00000)
  from space 1024K, 64% used [0x00000000ebe80000,0x00000000ebf25598,0x00000000ebf80000)
  to   space 1024K, 0% used [0x00000000ebd00000,0x00000000ebd00000,0x00000000ebe00000)
 ParOldGen       total 68608K, used 42739K [0x00000000c0000000, 0x00000000c4300000, 0x00000000eab00000)
  object space 68608K, 62% used [0x00000000c0000000,0x00000000c29bcd40,0x00000000c4300000)
 Metaspace       used 67296K, committed 68544K, reserved 1114112K
  class space    used 7243K, committed 7744K, reserved 1048576K
}
Event: 37.814 GC heap after
{Heap after GC invocations=46 (full 3):
 PSYoungGen      total 19456K, used 1003K [0x00000000eab00000, 0x00000000ec000000, 0x0000000100000000)
  eden space 18432K, 0% used [0x00000000eab00000,0x00000000eab00000,0x00000000ebd00000)
  from space 1024K, 97% used [0x00000000ebd00000,0x00000000ebdfac30,0x00000000ebe00000)
  to   space 1536K, 0% used [0x00000000ebe80000,0x00000000ebe80000,0x00000000ec000000)
 ParOldGen       total 68608K, used 43348K [0x00000000c0000000, 0x00000000c4300000, 0x00000000eab00000)
  object space 68608K, 63% used [0x00000000c0000000,0x00000000c2a551a8,0x00000000c4300000)
 Metaspace       used 67296K, committed 68544K, reserved 1114112K
  class space    used 7243K, committed 7744K, reserved 1048576K
}

